{"level":"info","timestamp":"2019-12-30T02:42:53.490+0100","msg":"Server has started on 3440"}
{"level":"info","timestamp":"2019-12-30T02:42:53.491+0100","msg":"Starting to fetch stocks"}
{"level":"warn","timestamp":"2019-12-30T02:42:57.995+0100","msg":"Nutzer hat sich eingeloggt | User N.Flueckiger@stud.bbbaden.ch2"}
{"level":"warn","timestamp":"2019-12-30T02:42:58.003+0100","msg":"Anfrage an GetUserTransaction hatte einen ungültigen jwt. | User: N.Flueckiger@stud.bbbaden.ch2"}
{"level":"warn","timestamp":"2019-12-30T02:43:41.028+0100","msg":"Anfrage an GetUserTransaction hatte einen ungültigen jwt. | User: N.Flueckiger@stud.bbbaden.ch2"}
{"level":"warn","timestamp":"2019-12-30T02:43:44.834+0100","msg":"Anfrage an GetUserTransaction hatte einen ungültigen jwt. | User: N.Flueckiger@stud.bbbaden.ch2"}
{"level":"warn","timestamp":"2019-12-30T02:43:45.672+0100","msg":"Anfrage an GetUserTransaction hatte einen ungültigen jwt. | User: N.Flueckiger@stud.bbbaden.ch2"}
{"level":"warn","timestamp":"2019-12-30T02:43:46.099+0100","msg":"Anfrage an GetUserTransaction hatte einen ungültigen jwt. | User: N.Flueckiger@stud.bbbaden.ch2"}
{"level":"warn","timestamp":"2019-12-30T02:43:46.274+0100","msg":"Anfrage an GetUserTransaction hatte einen ungültigen jwt. | User: N.Flueckiger@stud.bbbaden.ch2"}
{"level":"warn","timestamp":"2019-12-30T02:43:46.405+0100","msg":"Anfrage an GetUserTransaction hatte einen ungültigen jwt. | User: N.Flueckiger@stud.bbbaden.ch2"}
{"level":"warn","timestamp":"2019-12-30T02:43:46.559+0100","msg":"Anfrage an GetUserTransaction hatte einen ungültigen jwt. | User: N.Flueckiger@stud.bbbaden.ch2"}
{"level":"warn","timestamp":"2019-12-30T02:43:46.707+0100","msg":"Anfrage an GetUserTransaction hatte einen ungültigen jwt. | User: N.Flueckiger@stud.bbbaden.ch2"}
{"level":"warn","timestamp":"2019-12-30T02:43:53.022+0100","msg":"Anfrage an GetUserTransaction hatte einen ungültigen jwt. | User: N.Flueckiger@stud.bbbaden.ch2"}
{"level":"warn","timestamp":"2019-12-30T02:44:05.703+0100","msg":"Nutzer hat sich eingeloggt | User N.Flueckiger@stud.bbbaden.ch2"}
{"level":"warn","timestamp":"2019-12-30T02:44:05.722+0100","msg":"Anfrage an GetUserTransaction hatte einen ungültigen jwt. | User: N.Flueckiger@stud.bbbaden.ch2"}
{"level":"warn","timestamp":"2019-12-30T02:44:09.789+0100","msg":"Anfrage an GetUserTransaction hatte einen ungültigen jwt. | User: N.Flueckiger@stud.bbbaden.ch2"}
{"level":"warn","timestamp":"2019-12-30T02:44:36.568+0100","msg":"Anfrage an GetUserTransaction hatte einen ungültigen jwt. | User: N.Flueckiger@stud.bbbaden.ch2"}
{"level":"warn","timestamp":"2019-12-30T02:44:45.597+0100","msg":"Anfrage an GetUserTransaction hatte einen ungültigen jwt. | User: N.Flueckiger@stud.bbbaden.ch2"}
{"level":"warn","timestamp":"2019-12-30T02:45:03.727+0100","msg":"Nutzer hat sich eingeloggt | User N.Flueckiger@stud.bbbaden.ch2"}
{"level":"warn","timestamp":"2019-12-30T02:45:03.744+0100","msg":"Anfrage an GetUserTransaction hatte einen ungültigen jwt. | User: N.Flueckiger@stud.bbbaden.ch2"}
{"level":"warn","timestamp":"2019-12-30T02:46:06.855+0100","msg":"Nutzer hat sich eingeloggt | User N.Flueckiger@stud.bbbaden.ch2"}
{"level":"warn","timestamp":"2019-12-30T02:46:06.871+0100","msg":"Anfrage an GetUserTransaction hatte einen ungültigen jwt. | User: N.Flueckiger@stud.bbbaden.ch2"}
{"level":"info","timestamp":"2019-12-30T02:47:01.940+0100","msg":"Server has started on 3440"}
{"level":"info","timestamp":"2019-12-30T02:47:01.941+0100","msg":"Starting to fetch stocks"}
{"level":"warn","timestamp":"2019-12-30T02:47:11.255+0100","msg":"Nutzer hat sich eingeloggt | User N.Flueckiger@stud.bbbaden.ch2"}
{"level":"warn","timestamp":"2019-12-30T02:47:11.269+0100","msg":"Anfrage an GetUserTransaction hatte einen ungültigen jwt. | User: N.Flueckiger@stud.bbbaden.ch2"}
{"level":"warn","timestamp":"2019-12-30T02:48:46.959+0100","msg":"Nutzer hat sich eingeloggt | User N.Flueckiger@stud.bbbaden.ch2"}
{"level":"warn","timestamp":"2019-12-30T02:48:46.976+0100","msg":"Anfrage an GetUserTransaction hatte einen ungültigen jwt. | User: N.Flueckiger@stud.bbbaden.ch2"}
{"level":"warn","timestamp":"2019-12-30T02:49:16.101+0100","msg":"Nutzer hat sich eingeloggt | User N.Flueckiger@stud.bbbaden.ch2"}
{"level":"warn","timestamp":"2019-12-30T02:49:16.117+0100","msg":"Anfrage an GetUserTransaction hatte einen ungültigen jwt. | User: N.Flueckiger@stud.bbbaden.ch2"}
{"level":"warn","timestamp":"2019-12-30T02:49:25.548+0100","msg":"Anfrage an GetUserTransaction hatte einen ungültigen jwt. | User: N.Flueckiger@stud.bbbaden.ch2"}
{"level":"warn","timestamp":"2019-12-30T02:49:54.790+0100","msg":"Anfrage an GetUserTransaction hatte einen ungültigen jwt. | User: N.Flueckiger@stud.bbbaden.ch2"}
{"level":"info","timestamp":"2019-12-30T02:51:20.537+0100","msg":"Finished loading stocks"}
{"level":"info","timestamp":"2019-12-30T02:52:10.335+0100","msg":"Server has started on 3440"}
{"level":"info","timestamp":"2019-12-30T02:52:10.336+0100","msg":"Starting to fetch stocks"}
{"level":"warn","timestamp":"2019-12-30T02:52:12.512+0100","msg":"Anfrage an GetUserTransaction hatte einen ungültigen jwt. | User: N.Flueckiger@stud.bbbaden.ch2"}
{"level":"warn","timestamp":"2019-12-30T02:52:14.212+0100","msg":"Anfrage an GetUserTransaction hatte einen ungültigen jwt. | User: N.Flueckiger@stud.bbbaden.ch2"}
{"level":"warn","timestamp":"2019-12-30T02:52:14.763+0100","msg":"Anfrage an GetUserTransaction hatte einen ungültigen jwt. | User: N.Flueckiger@stud.bbbaden.ch2"}
{"level":"warn","timestamp":"2019-12-30T02:52:14.964+0100","msg":"Anfrage an GetUserTransaction hatte einen ungültigen jwt. | User: N.Flueckiger@stud.bbbaden.ch2"}
{"level":"warn","timestamp":"2019-12-30T02:52:15.093+0100","msg":"Anfrage an GetUserTransaction hatte einen ungültigen jwt. | User: N.Flueckiger@stud.bbbaden.ch2"}
{"level":"warn","timestamp":"2019-12-30T02:53:02.578+0100","msg":"Anfrage an GetUserTransaction hatte einen ungültigen jwt. | User: N.Flueckiger@stud.bbbaden.ch2"}
{"level":"warn","timestamp":"2019-12-30T02:53:04.786+0100","msg":"Anfrage an GetUserTransaction hatte einen ungültigen jwt. | User: N.Flueckiger@stud.bbbaden.ch2"}
{"level":"warn","timestamp":"2019-12-30T02:53:20.252+0100","msg":"Anfrage an GetUserTransaction hatte einen ungültigen jwt. | User: N.Flueckiger@stud.bbbaden.ch2"}
{"level":"info","timestamp":"2019-12-30T02:53:23.754+0100","msg":"Server has started on 3440"}
{"level":"info","timestamp":"2019-12-30T02:53:23.755+0100","msg":"Starting to fetch stocks"}
{"level":"warn","timestamp":"2019-12-30T02:53:25.334+0100","msg":"Anfrage an GetUserTransaction hatte einen ungültigen jwt. | User: N.Flueckiger@stud.bbbaden.ch2"}
{"level":"info","timestamp":"2019-12-30T02:54:50.730+0100","msg":"Server has started on 3440"}
{"level":"info","timestamp":"2019-12-30T02:54:50.731+0100","msg":"Starting to fetch stocks"}
{"level":"warn","timestamp":"2019-12-30T02:54:52.076+0100","msg":"Nutzer hat sich eingeloggt | User N.Flueckiger@stud.bbbaden.ch2"}
{"level":"warn","timestamp":"2019-12-30T02:54:52.092+0100","msg":"Anfrage an GetUserTransaction hatte einen ungültigen jwt. | User: N.Flueckiger@stud.bbbaden.ch2"}
{"level":"warn","timestamp":"2019-12-30T02:54:56.508+0100","msg":"Anfrage an GetUserTransaction hatte einen ungültigen jwt. | User: N.Flueckiger@stud.bbbaden.ch2"}
{"level":"info","timestamp":"2019-12-30T02:55:40.146+0100","msg":"Server has started on 3440"}
{"level":"info","timestamp":"2019-12-30T02:55:40.147+0100","msg":"Starting to fetch stocks"}
{"level":"warn","timestamp":"2019-12-30T02:55:41.974+0100","msg":"Anfrage an GetUserTransaction hatte einen ungültigen jwt. | User: N.Flueckiger@stud.bbbaden.ch2"}
{"level":"info","timestamp":"2019-12-30T02:56:54.379+0100","msg":"Server has started on 3440"}
{"level":"info","timestamp":"2019-12-30T02:56:54.380+0100","msg":"Starting to fetch stocks"}
{"level":"warn","timestamp":"2019-12-30T02:56:56.226+0100","msg":"Anfrage an GetUserTransaction hatte einen ungültigen jwt. | User: N.Flueckiger@stud.bbbaden.ch2"}
{"level":"info","timestamp":"2019-12-30T02:57:08.636+0100","msg":"Server has started on 3440"}
{"level":"info","timestamp":"2019-12-30T02:57:08.637+0100","msg":"Starting to fetch stocks"}
{"level":"warn","timestamp":"2019-12-30T02:57:10.184+0100","msg":"Anfrage an GetUserTransaction hatte einen ungültigen jwt. | User: N.Flueckiger@stud.bbbaden.ch2"}
{"level":"info","timestamp":"2019-12-30T02:58:48.118+0100","msg":"Server has started on 3440"}
{"level":"info","timestamp":"2019-12-30T02:58:48.119+0100","msg":"Starting to fetch stocks"}
{"level":"info","timestamp":"2019-12-30T02:59:47.227+0100","msg":"Server has started on 3440"}
{"level":"info","timestamp":"2019-12-30T02:59:47.228+0100","msg":"Starting to fetch stocks"}
{"level":"warn","timestamp":"2019-12-30T03:02:04.912+0100","msg":"Nutzer hat sich eingeloggt | User N.Flueckiger@stud.bbbaden.ch2"}
{"level":"info","timestamp":"2019-12-30T03:04:04.431+0100","msg":"Finished loading stocks"}
{"level":"warn","timestamp":"2019-12-30T03:07:50.119+0100","msg":"Nutzer hat sich eingeloggt | User N.Flueckiger@stud.bbbaden.ch2"}
{"level":"warn","timestamp":"2019-12-30T03:13:40.345+0100","msg":"Ungültige Nutzerdaten | User: "}
{"level":"warn","timestamp":"2019-12-30T03:13:42.435+0100","msg":"Kein Nutzer mit diesem Namen gefunden | User: 123"}
{"level":"info","timestamp":"2019-12-30T03:24:10.205+0100","msg":"Server has started on 3440"}
{"level":"info","timestamp":"2019-12-30T03:24:10.206+0100","msg":"Starting to fetch stocks"}
{"level":"info","timestamp":"2019-12-30T03:32:16.183+0100","msg":"Server has started on 3440"}
{"level":"info","timestamp":"2019-12-30T03:32:16.184+0100","msg":"Starting to fetch stocks"}
{"level":"info","timestamp":"2019-12-30T14:13:24.773+0100","msg":"Server has started on 3440"}
{"level":"info","timestamp":"2019-12-30T14:13:56.291+0100","msg":"Server has started on 3440"}
{"level":"info","timestamp":"2019-12-30T14:13:56.304+0100","msg":"Starting to fetch stocks"}
{"level":"warn","timestamp":"2019-12-30T14:16:08.085+0100","msg":"Nutzer hat sich eingeloggt | User hehe"}
{"level":"warn","timestamp":"2019-12-30T15:04:51.678+0100","msg":"Nutzer hat sich eingeloggt | User hehe"}
{"level":"info","timestamp":"2019-12-30T15:05:36.332+0100","msg":"Server has started on 3440"}
{"level":"info","timestamp":"2019-12-30T15:05:36.353+0100","msg":"Starting to fetch stocks"}
{"level":"info","timestamp":"2019-12-30T15:06:43.295+0100","msg":"Server has started on 3440"}
{"level":"warn","timestamp":"2019-12-30T15:07:02.171+0100","msg":"Nutzer hat sich eingeloggt | User hehe"}
{"level":"warn","timestamp":"2019-12-30T15:08:05.364+0100","msg":"User: hehe bought TSLA -- transactionRoutes.go | AddTransaction"}
{"level":"warn","timestamp":"2019-12-30T16:17:10.193+0100","msg":"User: hehe was not able to be authenticated -- transactionRoutes.go | AddTransaction"}
{"level":"warn","timestamp":"2019-12-30T16:17:10.331+0100","msg":"Anfrage an GetUserTransaction hatte einen ungültigen jwt. | User: hehe"}
{"level":"warn","timestamp":"2019-12-30T16:17:10.331+0100","msg":"Anfrage an GetUserTransaction hatte einen ungültigen jwt. | User: hehe"}
{"level":"warn","timestamp":"2019-12-30T16:17:20.160+0100","msg":"Nutzer hat sich eingeloggt | User hehe"}
{"level":"warn","timestamp":"2019-12-30T16:17:54.514+0100","msg":"User: hehe bought YHOO -- transactionRoutes.go | AddTransaction"}
{"level":"info","timestamp":"2019-12-30T20:38:13.602+0100","msg":"Server has started on 3440"}
{"level":"info","timestamp":"2019-12-30T20:39:04.425+0100","msg":"Server has started on 3440"}
{"level":"warn","timestamp":"2019-12-30T20:42:28.652+0100","msg":"Nutzer hat sich eingeloggt | User hehe"}
{"level":"warn","timestamp":"2019-12-30T20:48:57.139+0100","msg":"User: hehe was not able to be authenticated -- transactionRoutes.go | AddTransaction"}
{"level":"warn","timestamp":"2019-12-30T20:48:57.144+0100","msg":"Anfrage an GetUserTransaction hatte einen ungültigen jwt. | User: hehe"}
{"level":"warn","timestamp":"2019-12-30T20:48:57.144+0100","msg":"Anfrage an GetUserTransaction hatte einen ungültigen jwt. | User: hehe"}
{"level":"warn","timestamp":"2019-12-30T20:49:06.827+0100","msg":"Nutzer hat sich eingeloggt | User hehe"}
{"level":"warn","timestamp":"2019-12-30T20:49:31.796+0100","msg":"User: hehe bought YHOO -- transactionRoutes.go | AddTransaction"}
