{"level":"info","timestamp":"2019-12-31T16:49:24.726+0100","msg":"Server has started on 3440"}
{"level":"info","timestamp":"2019-12-31T16:49:24.773+0100","msg":"Starting to fetch stocks"}
{"level":"info","timestamp":"2019-12-31T16:49:36.232+0100","msg":"Server has started on 3440"}
{"level":"info","timestamp":"2019-12-31T16:49:36.237+0100","msg":"Starting to fetch stocks"}
{"level":"info","timestamp":"2019-12-31T16:50:52.083+0100","msg":"Server has started on 3440"}
{"level":"info","timestamp":"2019-12-31T16:50:52.087+0100","msg":"Starting to fetch stocks"}
{"level":"info","timestamp":"2019-12-31T16:52:51.849+0100","msg":"Server has started on 3440"}
{"level":"info","timestamp":"2019-12-31T16:53:03.279+0100","msg":"Server has started on 3440"}
{"level":"info","timestamp":"2019-12-31T16:53:03.285+0100","msg":"Starting to fetch stocks"}
{"level":"info","timestamp":"2019-12-31T16:58:19.666+0100","msg":"Server has started on 3440"}
{"level":"info","timestamp":"2019-12-31T16:58:19.671+0100","msg":"Starting to fetch stocks"}
{"level":"info","timestamp":"2019-12-31T16:58:45.478+0100","msg":"Server has started on 3440"}
{"level":"info","timestamp":"2019-12-31T16:58:45.481+0100","msg":"Starting to fetch stocks"}
{"level":"info","timestamp":"2019-12-31T16:59:08.899+0100","msg":"Server has started on 3440"}
{"level":"info","timestamp":"2019-12-31T16:59:08.904+0100","msg":"Starting to fetch stocks"}
{"level":"info","timestamp":"2019-12-31T16:59:35.315+0100","msg":"Server has started on 3440"}
{"level":"info","timestamp":"2019-12-31T16:59:35.320+0100","msg":"Starting to fetch stocks"}
{"level":"info","timestamp":"2019-12-31T16:59:51.501+0100","msg":"Server has started on 3440"}
{"level":"info","timestamp":"2019-12-31T16:59:51.505+0100","msg":"Starting to fetch stocks"}
{"level":"info","timestamp":"2019-12-31T17:09:36.245+0100","msg":"Server has started on 3440"}
{"level":"info","timestamp":"2019-12-31T17:09:36.249+0100","msg":"Starting to fetch stocks"}
{"level":"info","timestamp":"2019-12-31T17:11:00.348+0100","msg":"Server has started on 3440"}
{"level":"info","timestamp":"2019-12-31T17:11:00.353+0100","msg":"Starting to fetch stocks"}
{"level":"info","timestamp":"2019-12-31T17:11:33.089+0100","msg":"Server has started on 3440"}
{"level":"info","timestamp":"2019-12-31T17:11:33.093+0100","msg":"Starting to fetch stocks"}
{"level":"info","timestamp":"2019-12-31T17:14:41.185+0100","msg":"Server has started on 3440"}
{"level":"info","timestamp":"2019-12-31T17:14:41.188+0100","msg":"Starting to fetch stocks"}
{"level":"info","timestamp":"2019-12-31T17:15:49.473+0100","msg":"Server has started on 3440"}
{"level":"info","timestamp":"2019-12-31T17:15:49.476+0100","msg":"Starting to fetch stocks"}
{"level":"info","timestamp":"2019-12-31T17:17:43.072+0100","msg":"Server has started on 3440"}
{"level":"info","timestamp":"2019-12-31T17:17:43.076+0100","msg":"Starting to fetch stocks"}
{"level":"info","timestamp":"2019-12-31T17:18:13.708+0100","msg":"Server has started on 3440"}
{"level":"info","timestamp":"2019-12-31T17:18:13.712+0100","msg":"Starting to fetch stocks"}
{"level":"info","timestamp":"2019-12-31T17:18:22.948+0100","msg":"Server has started on 3440"}
{"level":"info","timestamp":"2019-12-31T17:18:22.953+0100","msg":"Starting to fetch stocks"}
{"level":"info","timestamp":"2019-12-31T17:19:03.747+0100","msg":"Server has started on 3440"}
{"level":"info","timestamp":"2019-12-31T17:19:03.754+0100","msg":"Starting to fetch stocks"}
{"level":"info","timestamp":"2019-12-31T17:19:18.851+0100","msg":"Server has started on 3440"}
{"level":"info","timestamp":"2019-12-31T17:19:18.858+0100","msg":"Starting to fetch stocks"}
{"level":"info","timestamp":"2019-12-31T17:23:01.643+0100","msg":"Server has started on 3440"}
{"level":"info","timestamp":"2019-12-31T17:23:01.647+0100","msg":"Starting to fetch stocks"}
{"level":"info","timestamp":"2019-12-31T17:23:35.228+0100","msg":"Server has started on 3440"}
{"level":"info","timestamp":"2019-12-31T17:23:35.231+0100","msg":"Starting to fetch stocks"}
{"level":"info","timestamp":"2019-12-31T17:24:00.762+0100","msg":"Server has started on 3440"}
{"level":"info","timestamp":"2019-12-31T17:24:00.767+0100","msg":"Starting to fetch stocks"}
{"level":"info","timestamp":"2019-12-31T17:25:00.450+0100","msg":"Server has started on 3440"}
{"level":"info","timestamp":"2019-12-31T17:25:00.454+0100","msg":"Starting to fetch stocks"}
{"level":"info","timestamp":"2019-12-31T17:25:14.151+0100","msg":"Server has started on 3440"}
{"level":"info","timestamp":"2019-12-31T17:25:14.155+0100","msg":"Starting to fetch stocks"}
{"level":"info","timestamp":"2019-12-31T17:25:35.995+0100","msg":"Server has started on 3440"}
{"level":"info","timestamp":"2019-12-31T17:25:35.998+0100","msg":"Starting to fetch stocks"}
{"level":"info","timestamp":"2019-12-31T17:26:09.159+0100","msg":"Server has started on 3440"}
{"level":"info","timestamp":"2019-12-31T17:26:09.166+0100","msg":"Starting to fetch stocks"}
{"level":"info","timestamp":"2019-12-31T17:26:34.272+0100","msg":"Server has started on 3440"}
{"level":"info","timestamp":"2019-12-31T17:26:34.276+0100","msg":"Starting to fetch stocks"}
{"level":"info","timestamp":"2019-12-31T17:26:51.504+0100","msg":"Server has started on 3440"}
{"level":"info","timestamp":"2019-12-31T17:26:51.508+0100","msg":"Starting to fetch stocks"}
{"level":"info","timestamp":"2019-12-31T17:29:13.329+0100","msg":"Server has started on 3440"}
{"level":"info","timestamp":"2019-12-31T17:29:13.333+0100","msg":"Starting to fetch stocks"}
{"level":"info","timestamp":"2019-12-31T20:30:57.824+0100","msg":"Server has started on 3440"}
{"level":"info","timestamp":"2019-12-31T20:30:57.868+0100","msg":"Starting to fetch stocks"}
{"level":"warn","timestamp":"2019-12-31T20:32:09.272+0100","msg":"Kein Nutzer mit diesem Namen gefunden | User: N.Flueckiger@stud.bbbaden.ch2"}
{"level":"info","timestamp":"2019-12-31T20:33:18.999+0100","msg":"Server has started on 3440"}
{"level":"info","timestamp":"2019-12-31T20:33:19.014+0100","msg":"Starting to fetch stocks"}
{"level":"info","timestamp":"2019-12-31T21:13:19.048+0100","msg":"Starting to fetch stocks"}
{"level":"info","timestamp":"2019-12-31T21:35:31.948+0100","msg":"Finished loading stocks"}
{"level":"info","timestamp":"2019-12-31T21:53:19.032+0100","msg":"Starting to fetch stocks"}
{"level":"info","timestamp":"2019-12-31T22:11:12.910+0100","msg":"Server has started on 3440"}
{"level":"info","timestamp":"2019-12-31T22:11:12.914+0100","msg":"Starting to fetch stocks"}
{"level":"info","timestamp":"2019-12-31T22:12:25.610+0100","msg":"Server has started on 3440"}
{"level":"info","timestamp":"2019-12-31T22:12:25.615+0100","msg":"Starting to fetch stocks"}
{"level":"info","timestamp":"2019-12-31T22:12:26.396+0100","msg":"Stock AMZN was loaded"}
{"level":"info","timestamp":"2019-12-31T22:12:26.746+0100","msg":"Stock TSLA was loaded"}
{"level":"info","timestamp":"2019-12-31T22:13:30.200+0100","msg":"Stock FCEL was loaded"}
{"level":"info","timestamp":"2019-12-31T22:13:30.613+0100","msg":"Stock AAPL was loaded"}
{"level":"info","timestamp":"2019-12-31T22:13:30.999+0100","msg":"Stock INTC was loaded"}
{"level":"info","timestamp":"2019-12-31T22:13:32.141+0100","msg":"Stock MRVL was loaded"}
{"level":"info","timestamp":"2019-12-31T22:14:33.852+0100","msg":"Stock ICFI was loaded"}
{"level":"info","timestamp":"2019-12-31T22:14:34.774+0100","msg":"Stock IGOI was loaded"}
{"level":"info","timestamp":"2019-12-31T22:14:36.059+0100","msg":"Stock IMAX was loaded"}
{"level":"info","timestamp":"2019-12-31T22:15:38.470+0100","msg":"Stock ITRI was loaded"}
{"level":"info","timestamp":"2019-12-31T22:15:40.929+0100","msg":"Stock IMAX was loaded"}
{"level":"info","timestamp":"2019-12-31T22:15:41.438+0100","msg":"Stock AAPL was loaded"}
{"level":"info","timestamp":"2019-12-31T22:16:42.985+0100","msg":"Stock XOM was loaded"}
{"level":"info","timestamp":"2019-12-31T22:16:43.370+0100","msg":"Stock MSFT was loaded"}
{"level":"info","timestamp":"2019-12-31T22:16:44.928+0100","msg":"Stock IBM was loaded"}
{"level":"info","timestamp":"2019-12-31T22:17:45.929+0100","msg":"Stock CVX was loaded"}
{"level":"info","timestamp":"2019-12-31T22:17:46.453+0100","msg":"Stock GE was loaded"}
{"level":"info","timestamp":"2019-12-31T22:17:47.827+0100","msg":"Stock WMT was loaded"}
{"level":"info","timestamp":"2019-12-31T22:17:49.262+0100","msg":"Stock T was loaded"}
{"level":"info","timestamp":"2019-12-31T22:18:50.117+0100","msg":"Stock JNJ was loaded"}
{"level":"info","timestamp":"2019-12-31T22:18:50.588+0100","msg":"Stock PG was loaded"}
{"level":"info","timestamp":"2019-12-31T22:18:51.047+0100","msg":"Stock WFC was loaded"}
{"level":"info","timestamp":"2019-12-31T22:18:52.216+0100","msg":"Stock KO was loaded"}
{"level":"info","timestamp":"2019-12-31T22:19:54.063+0100","msg":"Stock PFE was loaded"}
{"level":"info","timestamp":"2019-12-31T22:19:55.294+0100","msg":"Stock JPM was loaded"}
{"level":"info","timestamp":"2019-12-31T22:19:55.677+0100","msg":"Stock GOOG was loaded"}
{"level":"info","timestamp":"2019-12-31T22:19:56.099+0100","msg":"Stock PM was loaded"}
{"level":"info","timestamp":"2019-12-31T22:20:56.821+0100","msg":"Stock VOD was loaded"}
{"level":"info","timestamp":"2019-12-31T22:20:57.244+0100","msg":"Stock ORCL was loaded"}
{"level":"info","timestamp":"2019-12-31T22:20:57.665+0100","msg":"Stock INTC was loaded"}
{"level":"info","timestamp":"2019-12-31T22:20:58.981+0100","msg":"Stock MRK was loaded"}
{"level":"info","timestamp":"2019-12-31T22:22:01.973+0100","msg":"Stock VZ was loaded"}
{"level":"info","timestamp":"2019-12-31T22:22:05.274+0100","msg":"Stock QCOM was loaded"}
{"level":"info","timestamp":"2019-12-31T22:22:06.572+0100","msg":"Stock PEP was loaded"}
{"level":"info","timestamp":"2019-12-31T22:23:08.659+0100","msg":"Stock CSCO was loaded"}
{"level":"info","timestamp":"2019-12-31T22:23:09.960+0100","msg":"Stock AMZN was loaded"}
{"level":"info","timestamp":"2019-12-31T22:23:11.430+0100","msg":"Stock ABT was loaded"}
{"level":"info","timestamp":"2019-12-31T22:23:12.619+0100","msg":"Stock MCD was loaded"}
{"level":"info","timestamp":"2019-12-31T22:24:14.367+0100","msg":"Stock SLB was loaded"}
{"level":"info","timestamp":"2019-12-31T22:24:14.796+0100","msg":"Stock C was loaded"}
{"level":"info","timestamp":"2019-12-31T22:24:16.413+0100","msg":"Stock BAC was loaded"}
{"level":"info","timestamp":"2019-12-31T22:25:18.066+0100","msg":"Stock RY was loaded"}
{"level":"info","timestamp":"2019-12-31T22:25:19.289+0100","msg":"Stock HD was loaded"}
{"level":"info","timestamp":"2019-12-31T22:25:20.516+0100","msg":"Stock DIS was loaded"}
{"level":"info","timestamp":"2019-12-31T22:25:21.750+0100","msg":"Stock TD was loaded"}
{"level":"info","timestamp":"2019-12-31T22:26:23.498+0100","msg":"Stock UTX was loaded"}
{"level":"info","timestamp":"2019-12-31T22:26:24.638+0100","msg":"Stock OXY was loaded"}
{"level":"info","timestamp":"2019-12-31T22:26:25.949+0100","msg":"Stock AXP was loaded"}
{"level":"info","timestamp":"2019-12-31T22:27:28.384+0100","msg":"Stock COP was loaded"}
{"level":"info","timestamp":"2019-12-31T22:27:28.791+0100","msg":"Stock MO was loaded"}
{"level":"info","timestamp":"2019-12-31T22:27:29.184+0100","msg":"Stock CAT was loaded"}
{"level":"info","timestamp":"2019-12-31T22:27:30.364+0100","msg":"Stock V was loaded"}
{"level":"info","timestamp":"2019-12-31T22:28:31.603+0100","msg":"Stock CMCSA was loaded"}
{"level":"info","timestamp":"2019-12-31T22:28:32.274+0100","msg":"Stock MMM was loaded"}
{"level":"info","timestamp":"2019-12-31T22:28:33.820+0100","msg":"Stock USB was loaded"}
{"level":"info","timestamp":"2019-12-31T22:28:35.083+0100","msg":"Stock AIG was loaded"}
{"level":"info","timestamp":"2019-12-31T22:29:39.181+0100","msg":"Stock CVS was loaded"}
{"level":"info","timestamp":"2019-12-31T22:29:40.411+0100","msg":"Stock BNS was loaded"}
{"level":"info","timestamp":"2019-12-31T22:29:41.739+0100","msg":"Stock UNH was loaded"}
{"level":"info","timestamp":"2019-12-31T22:30:43.294+0100","msg":"Stock BA was loaded"}
{"level":"info","timestamp":"2019-12-31T22:30:44.822+0100","msg":"Stock UPS was loaded"}
{"level":"info","timestamp":"2019-12-31T22:30:46.258+0100","msg":"Stock BMY was loaded"}
{"level":"info","timestamp":"2019-12-31T22:30:46.747+0100","msg":"Stock AMGN was loaded"}
{"level":"info","timestamp":"2019-12-31T22:31:48.349+0100","msg":"Stock UNP was loaded"}
{"level":"info","timestamp":"2019-12-31T22:31:49.535+0100","msg":"Stock GS was loaded"}
{"level":"info","timestamp":"2019-12-31T22:31:50.895+0100","msg":"Stock MA was loaded"}
{"level":"info","timestamp":"2019-12-31T22:31:51.373+0100","msg":"Stock EBAY was loaded"}
{"level":"info","timestamp":"2019-12-31T22:32:53.089+0100","msg":"Stock DD was loaded"}
{"level":"info","timestamp":"2019-12-31T22:32:54.610+0100","msg":"Stock HPQ was loaded"}
{"level":"info","timestamp":"2019-12-31T22:32:55.781+0100","msg":"Stock LLY was loaded"}
{"level":"info","timestamp":"2019-12-31T22:32:57.022+0100","msg":"Stock CL was loaded"}
{"level":"info","timestamp":"2019-12-31T22:33:58.566+0100","msg":"Stock SU was loaded"}
{"level":"info","timestamp":"2019-12-31T22:33:59.817+0100","msg":"Stock SPG was loaded"}
{"level":"info","timestamp":"2019-12-31T22:34:01.130+0100","msg":"Stock EPD was loaded"}
{"level":"info","timestamp":"2019-12-31T22:34:02.575+0100","msg":"Stock HON was loaded"}
{"level":"info","timestamp":"2019-12-31T22:35:04.524+0100","msg":"Stock LVS was loaded"}
{"level":"info","timestamp":"2019-12-31T22:35:07.123+0100","msg":"Stock SBUX was loaded"}
{"level":"info","timestamp":"2019-12-31T22:35:08.408+0100","msg":"Stock NKE was loaded"}
{"level":"info","timestamp":"2019-12-31T22:36:10.019+0100","msg":"Stock ACN was loaded"}
{"level":"info","timestamp":"2019-12-31T22:36:11.325+0100","msg":"Stock F was loaded"}
{"level":"info","timestamp":"2019-12-31T22:36:12.863+0100","msg":"Stock MDT was loaded"}
{"level":"info","timestamp":"2019-12-31T22:36:14.144+0100","msg":"Stock SO was loaded"}
{"level":"info","timestamp":"2019-12-31T22:37:16.793+0100","msg":"Stock TEVA was loaded"}
{"level":"info","timestamp":"2019-12-31T22:37:18.045+0100","msg":"Stock DOW was loaded"}
{"level":"info","timestamp":"2019-12-31T22:37:19.273+0100","msg":"Stock GILD was loaded"}
{"level":"info","timestamp":"2019-12-31T22:38:22.040+0100","msg":"Stock IMO was loaded"}
{"level":"info","timestamp":"2019-12-31T22:38:23.373+0100","msg":"Stock LOW was loaded"}
{"level":"info","timestamp":"2019-12-31T22:38:24.708+0100","msg":"Stock DHR was loaded"}
{"level":"info","timestamp":"2019-12-31T22:39:26.260+0100","msg":"Stock CNI was loaded"}
{"level":"info","timestamp":"2019-12-31T22:39:27.470+0100","msg":"Stock DB was loaded"}
{"level":"info","timestamp":"2019-12-31T22:39:28.767+0100","msg":"Stock TGT was loaded"}
{"level":"info","timestamp":"2019-12-31T22:40:31.969+0100","msg":"Stock BMO was loaded"}
{"level":"info","timestamp":"2019-12-31T22:40:34.245+0100","msg":"Stock MET was loaded"}
{"level":"info","timestamp":"2019-12-31T22:40:35.573+0100","msg":"Stock COST was loaded"}
{"level":"info","timestamp":"2019-12-31T22:41:37.320+0100","msg":"Stock EMR was loaded"}
{"level":"info","timestamp":"2019-12-31T22:41:38.553+0100","msg":"Stock BIDU was loaded"}
{"level":"info","timestamp":"2019-12-31T22:41:38.965+0100","msg":"Stock TXN was loaded"}
{"level":"info","timestamp":"2019-12-31T22:41:40.293+0100","msg":"Stock GM was loaded"}
{"level":"info","timestamp":"2019-12-31T22:42:43.037+0100","msg":"Stock CNQ was loaded"}
{"level":"info","timestamp":"2019-12-31T22:42:44.254+0100","msg":"Stock FCX was loaded"}
{"level":"info","timestamp":"2019-12-31T22:43:46.646+0100","msg":"Stock PNC was loaded"}
{"level":"info","timestamp":"2019-12-31T22:43:48.940+0100","msg":"Stock APA was loaded"}
{"level":"info","timestamp":"2019-12-31T22:43:50.139+0100","msg":"Stock BP was loaded"}
{"level":"info","timestamp":"2019-12-31T22:44:51.773+0100","msg":"Stock YUM was loaded"}
{"level":"info","timestamp":"2019-12-31T22:44:55.074+0100","msg":"Stock DE was loaded"}
{"level":"info","timestamp":"2019-12-31T22:44:56.365+0100","msg":"Stock NWSA was loaded"}
{"level":"info","timestamp":"2019-12-31T22:45:57.181+0100","msg":"Stock QQQ was loaded"}
{"level":"info","timestamp":"2019-12-31T22:45:58.440+0100","msg":"Stock MS was loaded"}
{"level":"info","timestamp":"2019-12-31T22:45:59.768+0100","msg":"Stock BCE was loaded"}
{"level":"info","timestamp":"2019-12-31T22:46:01.049+0100","msg":"Stock ENB was loaded"}
{"level":"info","timestamp":"2019-12-31T22:47:02.636+0100","msg":"Stock BIIB was loaded"}
{"level":"info","timestamp":"2019-12-31T22:47:04.086+0100","msg":"Stock TJX was loaded"}
{"level":"info","timestamp":"2019-12-31T22:47:05.517+0100","msg":"Stock KMB was loaded"}
{"level":"info","timestamp":"2019-12-31T22:48:08.078+0100","msg":"Stock BAX was loaded"}
{"level":"info","timestamp":"2019-12-31T22:48:09.202+0100","msg":"Stock TRP was loaded"}
{"level":"info","timestamp":"2019-12-31T22:48:11.761+0100","msg":"Stock NOV was loaded"}
{"level":"info","timestamp":"2019-12-31T22:48:13.095+0100","msg":"Stock HAL was loaded"}
{"level":"info","timestamp":"2019-12-31T22:49:14.596+0100","msg":"Stock D was loaded"}
{"level":"info","timestamp":"2019-12-31T22:49:17.140+0100","msg":"Stock CM was loaded"}
{"level":"info","timestamp":"2019-12-31T22:49:18.224+0100","msg":"Stock MCI was loaded"}
{"level":"info","timestamp":"2019-12-31T22:50:22.176+0100","msg":"Stock DUK was loaded"}
{"level":"info","timestamp":"2019-12-31T22:50:23.355+0100","msg":"Stock LMT was loaded"}
{"level":"info","timestamp":"2019-12-31T22:51:24.785+0100","msg":"Stock DELL was loaded"}
{"level":"info","timestamp":"2019-12-31T22:51:26.023+0100","msg":"Stock EOG was loaded"}
{"level":"info","timestamp":"2019-12-31T22:51:27.212+0100","msg":"Stock AGN was loaded"}
{"level":"info","timestamp":"2019-12-31T22:51:28.479+0100","msg":"Stock FDX was loaded"}
{"level":"info","timestamp":"2019-12-31T22:52:25.012+0100","msg":"Starting to fetch stocks"}
{"level":"info","timestamp":"2019-12-31T22:52:25.384+0100","msg":"Stock AMZN was loaded"}
{"level":"info","timestamp":"2019-12-31T22:52:25.715+0100","msg":"Stock TSLA was loaded"}
{"level":"info","timestamp":"2019-12-31T22:52:30.116+0100","msg":"Stock ERIC was loaded"}
{"level":"info","timestamp":"2019-12-31T22:53:29.177+0100","msg":"Stock FCEL was loaded"}
{"level":"info","timestamp":"2019-12-31T22:53:29.599+0100","msg":"Stock AAPL was loaded"}
{"level":"info","timestamp":"2019-12-31T22:53:30.947+0100","msg":"Stock INTC was loaded"}
{"level":"info","timestamp":"2019-12-31T22:53:32.384+0100","msg":"Stock MRVL was loaded"}
{"level":"info","timestamp":"2019-12-31T22:53:33.712+0100","msg":"Stock NEE was loaded"}
{"level":"info","timestamp":"2019-12-31T22:54:34.006+0100","msg":"Stock ICFI was loaded"}
{"level":"info","timestamp":"2019-12-31T22:54:34.861+0100","msg":"Stock IGOI was loaded"}
{"level":"info","timestamp":"2019-12-31T22:58:09.184+0100","msg":"Server has started on 3440"}
{"level":"info","timestamp":"2019-12-31T22:58:09.189+0100","msg":"Starting to fetch stocks"}
{"level":"info","timestamp":"2019-12-31T22:58:10.913+0100","msg":"Stock AMZN was loaded"}
{"level":"info","timestamp":"2019-12-31T22:58:11.368+0100","msg":"Stock TSLA was loaded"}
{"level":"info","timestamp":"2019-12-31T22:59:09.002+0100","msg":"Starting to fetch stocks"}
{"level":"info","timestamp":"2019-12-31T22:59:09.854+0100","msg":"Stock AMZN was loaded"}
{"level":"info","timestamp":"2019-12-31T22:59:10.247+0100","msg":"Stock TSLA was loaded"}
{"level":"info","timestamp":"2019-12-31T22:59:14.710+0100","msg":"Stock FCEL was loaded"}
{"level":"info","timestamp":"2019-12-31T23:00:09.005+0100","msg":"Starting to fetch stocks"}
{"level":"info","timestamp":"2019-12-31T23:00:09.738+0100","msg":"Stock AMZN was loaded"}
{"level":"info","timestamp":"2019-12-31T23:00:10.095+0100","msg":"Stock TSLA was loaded"}
{"level":"info","timestamp":"2019-12-31T23:00:13.689+0100","msg":"Stock FCEL was loaded"}
{"level":"info","timestamp":"2019-12-31T23:01:09.001+0100","msg":"Starting to fetch stocks"}
{"level":"info","timestamp":"2019-12-31T23:01:10.406+0100","msg":"Stock AMZN was loaded"}
{"level":"info","timestamp":"2019-12-31T23:01:11.674+0100","msg":"Stock TSLA was loaded"}
{"level":"info","timestamp":"2019-12-31T23:06:19.075+0100","msg":"Server has started on 3440"}
{"level":"info","timestamp":"2019-12-31T23:06:19.080+0100","msg":"Starting to fetch stocks"}
{"level":"info","timestamp":"2019-12-31T23:06:20.802+0100","msg":"Stock AMZN was loaded"}
{"level":"info","timestamp":"2019-12-31T23:06:21.250+0100","msg":"Stock TSLA was loaded"}
{"level":"info","timestamp":"2019-12-31T23:07:19.006+0100","msg":"Starting to fetch stocks"}
{"level":"info","timestamp":"2019-12-31T23:07:19.763+0100","msg":"Stock AMZN was loaded"}
{"level":"info","timestamp":"2019-12-31T23:07:20.118+0100","msg":"Stock TSLA was loaded"}
{"level":"info","timestamp":"2019-12-31T23:08:19.006+0100","msg":"Starting to fetch stocks"}
{"level":"info","timestamp":"2019-12-31T23:08:19.660+0100","msg":"Stock AMZN was loaded"}
{"level":"info","timestamp":"2019-12-31T23:08:19.993+0100","msg":"Stock TSLA was loaded"}
{"level":"info","timestamp":"2019-12-31T23:09:19.005+0100","msg":"Starting to fetch stocks"}
{"level":"info","timestamp":"2019-12-31T23:09:19.660+0100","msg":"Stock AMZN was loaded"}
{"level":"info","timestamp":"2019-12-31T23:09:19.992+0100","msg":"Stock TSLA was loaded"}
{"level":"info","timestamp":"2019-12-31T23:10:09.759+0100","msg":"Server has started on 3440"}
{"level":"info","timestamp":"2019-12-31T23:10:09.762+0100","msg":"Starting to fetch stocks"}
{"level":"info","timestamp":"2019-12-31T23:10:11.887+0100","msg":"Stock AMZN was loaded"}
{"level":"info","timestamp":"2019-12-31T23:10:12.299+0100","msg":"Stock TSLA was loaded"}
{"level":"info","timestamp":"2019-12-31T23:10:57.880+0100","msg":"Server has started on 3440"}
{"level":"info","timestamp":"2019-12-31T23:10:57.884+0100","msg":"Starting to fetch stocks"}
{"level":"info","timestamp":"2019-12-31T23:10:58.658+0100","msg":"Stock AMZN was loaded"}
{"level":"info","timestamp":"2019-12-31T23:11:39.756+0100","msg":"Server has started on 3440"}
{"level":"info","timestamp":"2019-12-31T23:11:39.763+0100","msg":"Starting to fetch stocks"}
{"level":"info","timestamp":"2019-12-31T23:11:41.034+0100","msg":"Stock AMZN was loaded"}
{"level":"info","timestamp":"2019-12-31T23:11:41.574+0100","msg":"Stock TSLA was loaded"}
{"level":"info","timestamp":"2019-12-31T23:11:44.974+0100","msg":"Stock FCEL was loaded"}
{"level":"info","timestamp":"2019-12-31T23:12:39.005+0100","msg":"Starting to fetch stocks"}
{"level":"info","timestamp":"2019-12-31T23:12:39.306+0100","msg":"Stock AMZN was loaded"}
{"level":"info","timestamp":"2019-12-31T23:12:39.650+0100","msg":"Stock TSLA was loaded"}
{"level":"info","timestamp":"2019-12-31T23:12:43.045+0100","msg":"Stock FCEL was loaded"}
{"level":"info","timestamp":"2019-12-31T23:13:31.803+0100","msg":"Server has started on 3440"}
{"level":"info","timestamp":"2019-12-31T23:13:31.808+0100","msg":"Starting to fetch stocks"}
{"level":"info","timestamp":"2019-12-31T23:13:32.937+0100","msg":"Stock AMZN was loaded"}
{"level":"info","timestamp":"2019-12-31T23:13:33.331+0100","msg":"Stock TSLA was loaded"}
{"level":"info","timestamp":"2019-12-31T23:13:36.919+0100","msg":"Stock FCEL was loaded"}
{"level":"info","timestamp":"2019-12-31T23:14:37.618+0100","msg":"Stock AAPL was loaded"}
{"level":"info","timestamp":"2019-12-31T23:14:38.861+0100","msg":"Stock INTC was loaded"}
{"level":"info","timestamp":"2019-12-31T23:14:40.006+0100","msg":"Stock MRVL was loaded"}
{"level":"info","timestamp":"2019-12-31T23:14:41.227+0100","msg":"Stock ICFI was loaded"}
{"level":"info","timestamp":"2019-12-31T23:14:42.154+0100","msg":"Stock IGOI was loaded"}
{"level":"info","timestamp":"2019-12-31T23:15:43.655+0100","msg":"Stock IMAX was loaded"}
{"level":"info","timestamp":"2019-12-31T23:15:46.431+0100","msg":"Stock ITRI was loaded"}
{"level":"info","timestamp":"2019-12-31T23:15:47.933+0100","msg":"Stock IMAX was loaded"}
{"level":"info","timestamp":"2019-12-31T23:16:50.247+0100","msg":"Stock AAPL was loaded"}
{"level":"info","timestamp":"2019-12-31T23:16:51.353+0100","msg":"Stock XOM was loaded"}
{"level":"info","timestamp":"2019-12-31T23:16:51.780+0100","msg":"Stock MSFT was loaded"}
{"level":"info","timestamp":"2019-12-31T23:16:53.375+0100","msg":"Stock IBM was loaded"}
{"level":"info","timestamp":"2019-12-31T23:17:55.013+0100","msg":"Stock CVX was loaded"}
{"level":"info","timestamp":"2019-12-31T23:17:55.489+0100","msg":"Stock GE was loaded"}
{"level":"info","timestamp":"2019-12-31T23:17:55.863+0100","msg":"Stock WMT was loaded"}
{"level":"info","timestamp":"2019-12-31T23:17:56.294+0100","msg":"Stock T was loaded"}
{"level":"info","timestamp":"2019-12-31T23:17:57.480+0100","msg":"Stock JNJ was loaded"}
{"level":"info","timestamp":"2019-12-31T23:18:59.059+0100","msg":"Stock PG was loaded"}
{"level":"info","timestamp":"2019-12-31T23:19:00.402+0100","msg":"Stock WFC was loaded"}
{"level":"info","timestamp":"2019-12-31T23:19:02.061+0100","msg":"Stock KO was loaded"}
{"level":"info","timestamp":"2019-12-31T23:19:03.431+0100","msg":"Stock PFE was loaded"}
{"level":"info","timestamp":"2019-12-31T23:19:04.912+0100","msg":"Stock JPM was loaded"}
{"level":"info","timestamp":"2019-12-31T23:20:09.055+0100","msg":"Stock GOOG was loaded"}
{"level":"info","timestamp":"2019-12-31T23:20:10.263+0100","msg":"Stock PM was loaded"}
{"level":"info","timestamp":"2019-12-31T23:20:11.539+0100","msg":"Stock VOD was loaded"}
{"level":"info","timestamp":"2019-12-31T23:20:12.096+0100","msg":"Stock ORCL was loaded"}
{"level":"info","timestamp":"2019-12-31T23:20:13.445+0100","msg":"Stock INTC was loaded"}
{"level":"info","timestamp":"2019-12-31T23:21:14.897+0100","msg":"Stock MRK was loaded"}
{"level":"info","timestamp":"2019-12-31T23:21:16.199+0100","msg":"Stock VZ was loaded"}
{"level":"info","timestamp":"2019-12-31T23:21:18.538+0100","msg":"Stock QCOM was loaded"}
{"level":"info","timestamp":"2019-12-31T23:21:20.476+0100","msg":"Stock PEP was loaded"}
{"level":"info","timestamp":"2019-12-31T23:22:23.565+0100","msg":"Stock CSCO was loaded"}
{"level":"info","timestamp":"2019-12-31T23:22:24.350+0100","msg":"Stock AMZN was loaded"}
{"level":"info","timestamp":"2019-12-31T23:22:25.614+0100","msg":"Stock ABT was loaded"}
{"level":"info","timestamp":"2019-12-31T23:22:26.842+0100","msg":"Stock MCD was loaded"}
{"level":"info","timestamp":"2019-12-31T23:22:28.072+0100","msg":"Stock SLB was loaded"}
{"level":"info","timestamp":"2019-12-31T23:23:29.719+0100","msg":"Stock C was loaded"}
{"level":"info","timestamp":"2019-12-31T23:23:32.615+0100","msg":"Stock BAC was loaded"}
{"level":"info","timestamp":"2019-12-31T23:23:33.923+0100","msg":"Stock RY was loaded"}
{"level":"info","timestamp":"2019-12-31T23:23:35.107+0100","msg":"Stock HD was loaded"}
{"level":"info","timestamp":"2019-12-31T23:24:36.789+0100","msg":"Stock DIS was loaded"}
{"level":"info","timestamp":"2019-12-31T23:24:38.061+0100","msg":"Stock TD was loaded"}
{"level":"info","timestamp":"2019-12-31T23:24:39.452+0100","msg":"Stock UTX was loaded"}
{"level":"info","timestamp":"2019-12-31T23:24:40.698+0100","msg":"Stock OXY was loaded"}
{"level":"info","timestamp":"2019-12-31T23:24:41.108+0100","msg":"Stock AXP was loaded"}
{"level":"info","timestamp":"2019-12-31T23:25:44.277+0100","msg":"Stock COP was loaded"}
{"level":"info","timestamp":"2019-12-31T23:25:45.503+0100","msg":"Stock MO was loaded"}
{"level":"info","timestamp":"2019-12-31T23:25:45.956+0100","msg":"Stock CAT was loaded"}
{"level":"info","timestamp":"2019-12-31T23:25:47.078+0100","msg":"Stock V was loaded"}
{"level":"info","timestamp":"2019-12-31T23:26:48.637+0100","msg":"Stock CMCSA was loaded"}
{"level":"info","timestamp":"2019-12-31T23:26:49.768+0100","msg":"Stock MMM was loaded"}
{"level":"info","timestamp":"2019-12-31T23:26:50.890+0100","msg":"Stock USB was loaded"}
{"level":"info","timestamp":"2019-12-31T23:26:52.152+0100","msg":"Stock AIG was loaded"}
{"level":"info","timestamp":"2019-12-31T23:27:54.482+0100","msg":"Stock CVS was loaded"}
{"level":"info","timestamp":"2019-12-31T23:27:55.654+0100","msg":"Stock BNS was loaded"}
{"level":"info","timestamp":"2019-12-31T23:27:56.779+0100","msg":"Stock UNH was loaded"}
{"level":"info","timestamp":"2019-12-31T23:27:57.192+0100","msg":"Stock BA was loaded"}
{"level":"info","timestamp":"2019-12-31T23:27:58.316+0100","msg":"Stock UPS was loaded"}
{"level":"info","timestamp":"2019-12-31T23:28:59.982+0100","msg":"Stock BMY was loaded"}
{"level":"info","timestamp":"2019-12-31T23:29:01.227+0100","msg":"Stock AMGN was loaded"}
{"level":"info","timestamp":"2019-12-31T23:29:02.425+0100","msg":"Stock UNP was loaded"}
{"level":"info","timestamp":"2019-12-31T23:29:03.573+0100","msg":"Stock GS was loaded"}
{"level":"info","timestamp":"2019-12-31T23:29:05.084+0100","msg":"Stock MA was loaded"}
{"level":"info","timestamp":"2019-12-31T23:30:07.340+0100","msg":"Stock EBAY was loaded"}
{"level":"info","timestamp":"2019-12-31T23:30:08.539+0100","msg":"Stock DD was loaded"}
{"level":"info","timestamp":"2019-12-31T23:30:09.696+0100","msg":"Stock HPQ was loaded"}
{"level":"info","timestamp":"2019-12-31T23:30:10.912+0100","msg":"Stock LLY was loaded"}
{"level":"info","timestamp":"2019-12-31T23:30:12.157+0100","msg":"Stock CL was loaded"}
{"level":"info","timestamp":"2019-12-31T23:31:13.797+0100","msg":"Stock SU was loaded"}
{"level":"info","timestamp":"2019-12-31T23:31:15.130+0100","msg":"Stock SPG was loaded"}
{"level":"info","timestamp":"2019-12-31T23:31:16.840+0100","msg":"Stock EPD was loaded"}
{"level":"info","timestamp":"2019-12-31T23:31:18.202+0100","msg":"Stock HON was loaded"}
{"level":"info","timestamp":"2019-12-31T23:31:19.432+0100","msg":"Stock LVS was loaded"}
{"level":"info","timestamp":"2019-12-31T23:32:22.193+0100","msg":"Stock SBUX was loaded"}
{"level":"info","timestamp":"2019-12-31T23:32:23.736+0100","msg":"Stock NKE was loaded"}
{"level":"info","timestamp":"2019-12-31T23:32:25.282+0100","msg":"Stock ACN was loaded"}
{"level":"info","timestamp":"2019-12-31T23:32:25.725+0100","msg":"Stock F was loaded"}
{"level":"info","timestamp":"2019-12-31T23:33:27.523+0100","msg":"Stock MDT was loaded"}
{"level":"info","timestamp":"2019-12-31T23:33:28.766+0100","msg":"Stock SO was loaded"}
{"level":"info","timestamp":"2019-12-31T23:33:30.962+0100","msg":"Stock TEVA was loaded"}
{"level":"info","timestamp":"2019-12-31T23:33:32.250+0100","msg":"Stock DOW was loaded"}
{"level":"info","timestamp":"2019-12-31T23:34:33.893+0100","msg":"Stock GILD was loaded"}
{"level":"info","timestamp":"2019-12-31T23:34:36.255+0100","msg":"Stock IMO was loaded"}
{"level":"info","timestamp":"2019-12-31T23:34:37.423+0100","msg":"Stock LOW was loaded"}
{"level":"info","timestamp":"2019-12-31T23:34:38.705+0100","msg":"Stock DHR was loaded"}
{"level":"info","timestamp":"2019-12-31T23:35:40.453+0100","msg":"Stock CNI was loaded"}
{"level":"info","timestamp":"2019-12-31T23:35:41.888+0100","msg":"Stock DB was loaded"}
{"level":"info","timestamp":"2019-12-31T23:35:43.150+0100","msg":"Stock TGT was loaded"}
{"level":"info","timestamp":"2019-12-31T23:35:46.035+0100","msg":"Stock BMO was loaded"}
{"level":"info","timestamp":"2019-12-31T23:36:48.632+0100","msg":"Stock MET was loaded"}
{"level":"info","timestamp":"2019-12-31T23:36:49.012+0100","msg":"Stock COST was loaded"}
{"level":"info","timestamp":"2019-12-31T23:36:50.189+0100","msg":"Stock EMR was loaded"}
{"level":"info","timestamp":"2019-12-31T23:36:50.590+0100","msg":"Stock BIDU was loaded"}
{"level":"info","timestamp":"2019-12-31T23:37:52.304+0100","msg":"Stock TXN was loaded"}
{"level":"info","timestamp":"2019-12-31T23:48:06.756+0100","msg":"Server has started on 3440"}
{"level":"info","timestamp":"2019-12-31T23:48:06.764+0100","msg":"Starting to fetch stocks"}
{"level":"info","timestamp":"2019-12-31T23:48:07.900+0100","msg":"Stock AMZN was loaded"}
{"level":"info","timestamp":"2019-12-31T23:48:09.392+0100","msg":"Stock TSLA was loaded"}
{"level":"info","timestamp":"2019-12-31T23:48:13.306+0100","msg":"Stock FCEL was loaded"}
{"level":"info","timestamp":"2019-12-31T23:49:13.958+0100","msg":"Stock AAPL was loaded"}
{"level":"info","timestamp":"2019-12-31T23:49:15.168+0100","msg":"Stock INTC was loaded"}
{"level":"info","timestamp":"2019-12-31T23:49:16.365+0100","msg":"Stock MRVL was loaded"}
{"level":"info","timestamp":"2019-12-31T23:49:17.448+0100","msg":"Stock ICFI was loaded"}
{"level":"info","timestamp":"2019-12-31T23:49:18.270+0100","msg":"Stock IGOI was loaded"}
{"level":"warn","timestamp":"2019-12-31T23:49:24.827+0100","msg":"Kein Nutzer mit diesem Namen gefunden | User: N.Flueckiger@stud.bbbaden.ch"}
{"level":"warn","timestamp":"2019-12-31T23:49:26.539+0100","msg":"Nutzer hat sich eingeloggt | User N.Flueckiger@stud.bbbaden.ch2"}
{"level":"info","timestamp":"2019-12-31T23:50:19.815+0100","msg":"Stock IMAX was loaded"}
{"level":"info","timestamp":"2019-12-31T23:50:22.118+0100","msg":"Stock ITRI was loaded"}
{"level":"info","timestamp":"2019-12-31T23:50:23.486+0100","msg":"Stock IMAX was loaded"}
{"level":"info","timestamp":"2019-12-31T23:50:56.987+0100","msg":"Server has started on 3440"}
{"level":"info","timestamp":"2019-12-31T23:50:56.994+0100","msg":"Starting to fetch stocks"}
{"level":"info","timestamp":"2019-12-31T23:51:02.429+0100","msg":"Stock FCEL was loaded"}
{"level":"info","timestamp":"2019-12-31T23:52:04.112+0100","msg":"Stock AAPL was loaded"}
{"level":"info","timestamp":"2019-12-31T23:52:05.305+0100","msg":"Stock INTC was loaded"}
{"level":"info","timestamp":"2019-12-31T23:52:06.513+0100","msg":"Stock MRVL was loaded"}
{"level":"info","timestamp":"2019-12-31T23:52:07.855+0100","msg":"Stock ICFI was loaded"}
{"level":"info","timestamp":"2019-12-31T23:52:08.752+0100","msg":"Stock IGOI was loaded"}
{"level":"info","timestamp":"2019-12-31T23:53:10.671+0100","msg":"Stock IMAX was loaded"}
{"level":"info","timestamp":"2019-12-31T23:53:12.834+0100","msg":"Stock ITRI was loaded"}
{"level":"info","timestamp":"2019-12-31T23:53:15.394+0100","msg":"Stock IMAX was loaded"}
{"level":"info","timestamp":"2019-12-31T23:54:16.058+0100","msg":"Stock AAPL was loaded"}
{"level":"info","timestamp":"2019-12-31T23:54:17.241+0100","msg":"Stock XOM was loaded"}
{"level":"info","timestamp":"2019-12-31T23:54:17.616+0100","msg":"Stock MSFT was loaded"}
{"level":"info","timestamp":"2019-12-31T23:54:19.995+0100","msg":"Stock IBM was loaded"}
{"level":"info","timestamp":"2019-12-31T23:54:52.929+0100","msg":"Server has started on 3440"}
{"level":"info","timestamp":"2019-12-31T23:54:52.951+0100","msg":"Starting to fetch stocks"}
{"level":"info","timestamp":"2019-12-31T23:55:17.815+0100","msg":"Server has started on 3440"}
{"level":"info","timestamp":"2019-12-31T23:55:17.820+0100","msg":"Starting to fetch stocks"}
{"level":"info","timestamp":"2019-12-31T23:55:18.645+0100","msg":"Stock AMZN was loaded"}
{"level":"info","timestamp":"2019-12-31T23:55:19.031+0100","msg":"Stock TSLA was loaded"}
{"level":"info","timestamp":"2019-12-31T23:55:22.568+0100","msg":"Stock FCEL was loaded"}
{"level":"info","timestamp":"2019-12-31T23:56:23.269+0100","msg":"Stock AAPL was loaded"}
{"level":"info","timestamp":"2019-12-31T23:56:23.584+0100","msg":"Stock INTC was loaded"}
{"level":"info","timestamp":"2019-12-31T23:56:24.692+0100","msg":"Stock MRVL was loaded"}
{"level":"info","timestamp":"2019-12-31T23:56:25.691+0100","msg":"Stock ICFI was loaded"}
{"level":"info","timestamp":"2019-12-31T23:56:26.460+0100","msg":"Stock IGOI was loaded"}
{"level":"info","timestamp":"2019-12-31T23:57:28.006+0100","msg":"Stock IMAX was loaded"}
{"level":"info","timestamp":"2019-12-31T23:57:31.385+0100","msg":"Stock ITRI was loaded"}
{"level":"info","timestamp":"2019-12-31T23:57:33.044+0100","msg":"Stock IMAX was loaded"}
{"level":"info","timestamp":"2019-12-31T23:58:33.800+0100","msg":"Stock AAPL was loaded"}
{"level":"info","timestamp":"2019-12-31T23:58:34.977+0100","msg":"Stock XOM was loaded"}
{"level":"info","timestamp":"2019-12-31T23:58:35.301+0100","msg":"Stock MSFT was loaded"}
{"level":"info","timestamp":"2019-12-31T23:58:37.430+0100","msg":"Stock IBM was loaded"}
{"level":"info","timestamp":"2019-12-31T23:59:38.866+0100","msg":"Stock CVX was loaded"}
{"level":"info","timestamp":"2019-12-31T23:59:39.325+0100","msg":"Stock GE was loaded"}
{"level":"info","timestamp":"2019-12-31T23:59:40.921+0100","msg":"Stock WMT was loaded"}
{"level":"info","timestamp":"2019-12-31T23:59:42.133+0100","msg":"Stock T was loaded"}
{"level":"info","timestamp":"2019-12-31T23:59:43.486+0100","msg":"Stock JNJ was loaded"}
{"level":"info","timestamp":"2020-01-01T00:00:45.305+0100","msg":"Stock PG was loaded"}
{"level":"info","timestamp":"2020-01-01T00:00:46.571+0100","msg":"Stock WFC was loaded"}
{"level":"info","timestamp":"2020-01-01T00:00:47.787+0100","msg":"Stock KO was loaded"}
{"level":"info","timestamp":"2020-01-01T00:00:48.882+0100","msg":"Stock PFE was loaded"}
{"level":"info","timestamp":"2020-01-01T00:00:49.271+0100","msg":"Stock JPM was loaded"}
{"level":"info","timestamp":"2020-01-01T00:01:49.986+0100","msg":"Stock GOOG was loaded"}
{"level":"info","timestamp":"2020-01-01T00:01:51.280+0100","msg":"Stock PM was loaded"}
{"level":"info","timestamp":"2020-01-01T00:01:51.682+0100","msg":"Stock VOD was loaded"}
{"level":"info","timestamp":"2020-01-01T00:01:52.066+0100","msg":"Stock ORCL was loaded"}
{"level":"info","timestamp":"2020-01-01T00:01:52.457+0100","msg":"Stock INTC was loaded"}
{"level":"info","timestamp":"2020-01-01T00:02:53.199+0100","msg":"Stock MRK was loaded"}
{"level":"info","timestamp":"2020-01-01T00:02:54.460+0100","msg":"Stock VZ was loaded"}
{"level":"info","timestamp":"2020-01-01T00:02:57.224+0100","msg":"Stock QCOM was loaded"}
{"level":"info","timestamp":"2020-01-01T00:02:58.497+0100","msg":"Stock PEP was loaded"}
