{"level":"info","timestamp":"2020-01-02T01:20:12.798+0100","msg":"Server has started on 3440"}
{"level":"info","timestamp":"2020-01-02T01:20:13.219+0100","msg":"Starting to fetch stocks"}
{"level":"info","timestamp":"2020-01-02T01:20:14.039+0100","msg":"Stock AMZN was loaded"}
{"level":"info","timestamp":"2020-01-02T01:20:14.607+0100","msg":"Stock TSLA was loaded"}
{"level":"info","timestamp":"2020-01-02T01:20:18.273+0100","msg":"Stock FCEL was loaded"}
{"level":"info","timestamp":"2020-01-02T01:21:19.028+0100","msg":"Stock AAPL was loaded"}
{"level":"info","timestamp":"2020-01-02T01:21:19.394+0100","msg":"Stock INTC was loaded"}
{"level":"info","timestamp":"2020-01-02T01:21:20.454+0100","msg":"Stock MRVL was loaded"}
{"level":"info","timestamp":"2020-01-02T01:21:21.647+0100","msg":"Stock ICFI was loaded"}
{"level":"info","timestamp":"2020-01-02T01:21:22.503+0100","msg":"Stock IGOI was loaded"}
{"level":"info","timestamp":"2020-01-02T01:22:24.298+0100","msg":"Stock IMAX was loaded"}
{"level":"info","timestamp":"2020-01-02T01:22:26.888+0100","msg":"Stock ITRI was loaded"}
{"level":"info","timestamp":"2020-01-02T01:22:28.321+0100","msg":"Stock IMAX was loaded"}
{"level":"info","timestamp":"2020-01-02T01:23:29.090+0100","msg":"Stock AAPL was loaded"}
{"level":"info","timestamp":"2020-01-02T01:23:30.420+0100","msg":"Stock XOM was loaded"}
{"level":"info","timestamp":"2020-01-02T01:23:30.920+0100","msg":"Stock MSFT was loaded"}
{"level":"info","timestamp":"2020-01-02T01:23:33.195+0100","msg":"Stock IBM was loaded"}
{"level":"info","timestamp":"2020-01-02T01:24:32.444+0100","msg":"Server has started on 3440"}
{"level":"info","timestamp":"2020-01-02T01:24:32.445+0100","msg":"Starting to fetch stocks"}
{"level":"info","timestamp":"2020-01-02T01:24:33.126+0100","msg":"Stock AMZN was loaded"}
{"level":"info","timestamp":"2020-01-02T01:24:33.520+0100","msg":"Stock TSLA was loaded"}
{"level":"info","timestamp":"2020-01-02T01:24:36.726+0100","msg":"Stock FCEL was loaded"}
{"level":"info","timestamp":"2020-01-02T01:25:37.377+0100","msg":"Stock AAPL was loaded"}
{"level":"info","timestamp":"2020-01-02T01:25:38.520+0100","msg":"Stock INTC was loaded"}
{"level":"info","timestamp":"2020-01-02T01:25:39.691+0100","msg":"Stock MRVL was loaded"}
{"level":"info","timestamp":"2020-01-02T01:25:40.676+0100","msg":"Stock ICFI was loaded"}
{"level":"info","timestamp":"2020-01-02T01:25:41.443+0100","msg":"Stock IGOI was loaded"}
{"level":"info","timestamp":"2020-01-02T01:26:26.336+0100","msg":"Server has started on 3440"}
{"level":"info","timestamp":"2020-01-02T01:26:26.337+0100","msg":"Starting to fetch stocks"}
{"level":"info","timestamp":"2020-01-02T01:26:27.938+0100","msg":"Stock AMZN was loaded"}
{"level":"info","timestamp":"2020-01-02T01:26:28.490+0100","msg":"Stock TSLA was loaded"}
{"level":"info","timestamp":"2020-01-02T01:26:31.073+0100","msg":"Stock FCEL was loaded"}
{"level":"info","timestamp":"2020-01-02T01:27:31.857+0100","msg":"Stock AAPL was loaded"}
{"level":"info","timestamp":"2020-01-02T01:27:33.083+0100","msg":"Stock INTC was loaded"}
{"level":"info","timestamp":"2020-01-02T01:27:34.318+0100","msg":"Stock MRVL was loaded"}
{"level":"info","timestamp":"2020-01-02T01:27:35.505+0100","msg":"Stock ICFI was loaded"}
{"level":"info","timestamp":"2020-01-02T01:27:36.396+0100","msg":"Stock IGOI was loaded"}
{"level":"info","timestamp":"2020-01-02T01:28:37.917+0100","msg":"Stock IMAX was loaded"}
{"level":"info","timestamp":"2020-01-02T01:28:40.063+0100","msg":"Stock ITRI was loaded"}
{"level":"info","timestamp":"2020-01-02T01:28:41.539+0100","msg":"Stock IMAX was loaded"}
{"level":"info","timestamp":"2020-01-02T01:29:42.214+0100","msg":"Stock AAPL was loaded"}
{"level":"info","timestamp":"2020-01-02T01:29:43.418+0100","msg":"Stock XOM was loaded"}
{"level":"info","timestamp":"2020-01-02T01:29:43.858+0100","msg":"Stock MSFT was loaded"}
{"level":"info","timestamp":"2020-01-02T01:29:46.254+0100","msg":"Stock IBM was loaded"}
{"level":"info","timestamp":"2020-01-02T01:30:47.761+0100","msg":"Stock CVX was loaded"}
{"level":"info","timestamp":"2020-01-02T01:30:48.222+0100","msg":"Stock GE was loaded"}
{"level":"info","timestamp":"2020-01-02T01:30:49.620+0100","msg":"Stock WMT was loaded"}
{"level":"info","timestamp":"2020-01-02T01:30:50.811+0100","msg":"Stock T was loaded"}
{"level":"info","timestamp":"2020-01-02T01:30:52.234+0100","msg":"Stock JNJ was loaded"}
{"level":"info","timestamp":"2020-01-02T01:31:52.334+0100","msg":"Finished loading stocks"}
{"level":"info","timestamp":"2020-01-02T01:34:37.134+0100","msg":"Server has started on 3440"}
{"level":"info","timestamp":"2020-01-02T01:34:37.135+0100","msg":"Starting to fetch stocks"}
{"level":"info","timestamp":"2020-01-02T01:34:37.823+0100","msg":"Stock AMZN was loaded"}
{"level":"info","timestamp":"2020-01-02T01:34:38.274+0100","msg":"Stock TSLA was loaded"}
{"level":"info","timestamp":"2020-01-02T01:34:41.448+0100","msg":"Stock FCEL was loaded"}
{"level":"info","timestamp":"2020-01-02T01:35:42.243+0100","msg":"Stock AAPL was loaded"}
{"level":"info","timestamp":"2020-01-02T01:35:43.610+0100","msg":"Stock INTC was loaded"}
{"level":"info","timestamp":"2020-01-02T01:35:44.800+0100","msg":"Stock MRVL was loaded"}
{"level":"info","timestamp":"2020-01-02T01:35:46.948+0100","msg":"Stock ICFI was loaded"}
{"level":"info","timestamp":"2020-01-02T01:35:47.919+0100","msg":"Stock IGOI was loaded"}
{"level":"info","timestamp":"2020-01-02T01:36:46.974+0100","msg":"Server has started on 3440"}
{"level":"info","timestamp":"2020-01-02T01:36:46.976+0100","msg":"Starting to fetch stocks"}
{"level":"info","timestamp":"2020-01-02T01:36:47.789+0100","msg":"Stock AMZN was loaded"}
{"level":"info","timestamp":"2020-01-02T01:36:48.146+0100","msg":"Stock TSLA was loaded"}
{"level":"info","timestamp":"2020-01-02T01:36:51.364+0100","msg":"Stock FCEL was loaded"}
{"level":"info","timestamp":"2020-01-02T01:37:52.010+0100","msg":"Stock AAPL was loaded"}
{"level":"info","timestamp":"2020-01-02T01:37:53.107+0100","msg":"Stock INTC was loaded"}
{"level":"info","timestamp":"2020-01-02T01:37:54.292+0100","msg":"Stock MRVL was loaded"}
{"level":"info","timestamp":"2020-01-02T01:37:55.398+0100","msg":"Stock ICFI was loaded"}
{"level":"info","timestamp":"2020-01-02T01:37:56.274+0100","msg":"Stock IGOI was loaded"}
{"level":"info","timestamp":"2020-01-02T01:38:20.591+0100","msg":"Server has started on 3440"}
{"level":"info","timestamp":"2020-01-02T01:38:20.592+0100","msg":"Starting to fetch stocks"}
{"level":"info","timestamp":"2020-01-02T01:38:22.043+0100","msg":"Stock AMZN was loaded"}
{"level":"info","timestamp":"2020-01-02T01:38:23.224+0100","msg":"Stock TSLA was loaded"}
{"level":"info","timestamp":"2020-01-02T01:38:26.430+0100","msg":"Stock FCEL was loaded"}
{"level":"info","timestamp":"2020-01-02T01:39:27.182+0100","msg":"Stock AAPL was loaded"}
{"level":"info","timestamp":"2020-01-02T01:39:28.408+0100","msg":"Stock INTC was loaded"}
{"level":"info","timestamp":"2020-01-02T01:39:29.527+0100","msg":"Stock MRVL was loaded"}
{"level":"info","timestamp":"2020-01-02T01:39:30.654+0100","msg":"Stock ICFI was loaded"}
{"level":"info","timestamp":"2020-01-02T01:39:31.440+0100","msg":"Stock IGOI was loaded"}
{"level":"info","timestamp":"2020-01-02T01:40:32.937+0100","msg":"Stock IMAX was loaded"}
{"level":"info","timestamp":"2020-01-02T01:40:35.067+0100","msg":"Stock ITRI was loaded"}
{"level":"info","timestamp":"2020-01-02T01:40:36.445+0100","msg":"Stock IMAX was loaded"}
{"level":"info","timestamp":"2020-01-02T01:41:37.107+0100","msg":"Stock AAPL was loaded"}
{"level":"info","timestamp":"2020-01-02T01:41:38.423+0100","msg":"Stock XOM was loaded"}
{"level":"info","timestamp":"2020-01-02T01:41:38.905+0100","msg":"Stock MSFT was loaded"}
{"level":"info","timestamp":"2020-01-02T01:41:41.074+0100","msg":"Stock IBM was loaded"}
{"level":"info","timestamp":"2020-01-02T01:42:42.698+0100","msg":"Stock CVX was loaded"}
{"level":"info","timestamp":"2020-01-02T01:42:44.024+0100","msg":"Stock GE was loaded"}
{"level":"info","timestamp":"2020-01-02T01:42:45.179+0100","msg":"Stock WMT was loaded"}
{"level":"info","timestamp":"2020-01-02T01:42:46.526+0100","msg":"Stock T was loaded"}
{"level":"info","timestamp":"2020-01-02T01:42:47.675+0100","msg":"Stock JNJ was loaded"}
{"level":"info","timestamp":"2020-01-02T01:43:47.792+0100","msg":"Finished loading stocks"}
{"level":"info","timestamp":"2020-01-02T02:05:22.316+0100","msg":"Server has started on 3440"}
{"level":"info","timestamp":"2020-01-02T02:05:22.317+0100","msg":"Starting to fetch stocks"}
{"level":"info","timestamp":"2020-01-02T02:05:24.349+0100","msg":"Stock AMZN was loaded"}
{"level":"info","timestamp":"2020-01-02T02:05:25.096+0100","msg":"Stock TSLA was loaded"}
{"level":"info","timestamp":"2020-01-02T02:05:28.670+0100","msg":"Stock FCEL was loaded"}
{"level":"info","timestamp":"2020-01-02T02:06:29.502+0100","msg":"Stock AAPL was loaded"}
{"level":"info","timestamp":"2020-01-02T02:06:30.847+0100","msg":"Stock INTC was loaded"}
{"level":"info","timestamp":"2020-01-02T02:06:32.195+0100","msg":"Stock MRVL was loaded"}
{"level":"info","timestamp":"2020-01-02T02:06:33.695+0100","msg":"Stock ICFI was loaded"}
{"level":"info","timestamp":"2020-01-02T02:06:34.636+0100","msg":"Stock IGOI was loaded"}
{"level":"warn","timestamp":"2020-01-02T02:06:36.080+0100","msg":"User: N.Flueckiger@stud.bbbaden.ch123 bought AMZN -- transactionRoutes.go | AddTransaction"}
{"level":"warn","timestamp":"2020-01-02T02:07:07.823+0100","msg":"User: N.Flueckiger@stud.bbbaden.ch123 bought AAPL -- transactionRoutes.go | AddTransaction"}
{"level":"info","timestamp":"2020-01-02T02:07:39.000+0100","msg":"Server has started on 3440"}
{"level":"info","timestamp":"2020-01-02T02:07:39.002+0100","msg":"Starting to fetch stocks"}
{"level":"info","timestamp":"2020-01-02T02:08:34.245+0100","msg":"Server has started on 3440"}
{"level":"info","timestamp":"2020-01-02T02:08:34.246+0100","msg":"Starting to fetch stocks"}
{"level":"info","timestamp":"2020-01-02T02:08:34.904+0100","msg":"Stock AMZN was loaded"}
{"level":"info","timestamp":"2020-01-02T02:08:35.278+0100","msg":"Stock TSLA was loaded"}
{"level":"info","timestamp":"2020-01-02T02:08:38.556+0100","msg":"Stock FCEL was loaded"}
{"level":"info","timestamp":"2020-01-02T02:09:39.243+0100","msg":"Stock AAPL was loaded"}
{"level":"info","timestamp":"2020-01-02T02:09:40.408+0100","msg":"Stock INTC was loaded"}
{"level":"info","timestamp":"2020-01-02T02:09:41.690+0100","msg":"Stock MRVL was loaded"}
{"level":"info","timestamp":"2020-01-02T02:09:42.690+0100","msg":"Stock ICFI was loaded"}
{"level":"info","timestamp":"2020-01-02T02:09:43.435+0100","msg":"Stock IGOI was loaded"}
{"level":"info","timestamp":"2020-01-02T02:10:44.931+0100","msg":"Stock IMAX was loaded"}
{"level":"info","timestamp":"2020-01-02T02:10:47.191+0100","msg":"Stock ITRI was loaded"}
{"level":"info","timestamp":"2020-01-02T02:10:48.655+0100","msg":"Stock IMAX was loaded"}
{"level":"info","timestamp":"2020-01-02T02:11:14.788+0100","msg":"Server has started on 3440"}
{"level":"info","timestamp":"2020-01-02T02:11:14.789+0100","msg":"Starting to fetch stocks"}
{"level":"info","timestamp":"2020-01-02T02:12:17.808+0100","msg":"Stock AAPL was loaded"}
{"level":"info","timestamp":"2020-01-02T02:12:19.168+0100","msg":"Stock INTC was loaded"}
{"level":"info","timestamp":"2020-01-02T02:12:20.361+0100","msg":"Stock MRVL was loaded"}
{"level":"info","timestamp":"2020-01-02T02:12:21.542+0100","msg":"Stock ICFI was loaded"}
{"level":"info","timestamp":"2020-01-02T02:12:22.500+0100","msg":"Stock IGOI was loaded"}
{"level":"info","timestamp":"2020-01-02T02:13:16.192+0100","msg":"Server has started on 3440"}
{"level":"info","timestamp":"2020-01-02T02:13:16.193+0100","msg":"Starting to fetch stocks"}
{"level":"warn","timestamp":"2020-01-02T02:13:16.709+0100","msg":"Executed sell for User: N.Flueckiger@stud.bbbaden.ch123"}
{"level":"info","timestamp":"2020-01-02T02:13:16.874+0100","msg":"Stock AMZN was loaded"}
{"level":"warn","timestamp":"2020-01-02T02:13:16.878+0100","msg":"Executed sell for User: N.Flueckiger@stud.bbbaden.ch123"}
{"level":"info","timestamp":"2020-01-02T02:13:17.343+0100","msg":"Stock TSLA was loaded"}
{"level":"info","timestamp":"2020-01-02T02:14:20.243+0100","msg":"Stock AAPL was loaded"}
{"level":"info","timestamp":"2020-01-02T02:14:21.469+0100","msg":"Stock INTC was loaded"}
{"level":"info","timestamp":"2020-01-02T02:14:22.624+0100","msg":"Stock MRVL was loaded"}
{"level":"info","timestamp":"2020-01-02T02:14:23.706+0100","msg":"Stock ICFI was loaded"}
{"level":"info","timestamp":"2020-01-02T02:14:24.663+0100","msg":"Stock IGOI was loaded"}
{"level":"info","timestamp":"2020-01-02T02:15:26.121+0100","msg":"Stock IMAX was loaded"}
{"level":"info","timestamp":"2020-01-02T02:15:28.912+0100","msg":"Stock ITRI was loaded"}
{"level":"info","timestamp":"2020-01-02T02:15:31.267+0100","msg":"Stock IMAX was loaded"}
{"level":"info","timestamp":"2020-01-02T02:16:31.923+0100","msg":"Stock AAPL was loaded"}
{"level":"info","timestamp":"2020-01-02T02:16:33.044+0100","msg":"Stock XOM was loaded"}
{"level":"info","timestamp":"2020-01-02T02:16:33.468+0100","msg":"Stock MSFT was loaded"}
{"level":"info","timestamp":"2020-01-02T02:16:35.009+0100","msg":"Stock IBM was loaded"}
{"level":"info","timestamp":"2020-01-02T02:16:46.395+0100","msg":"Server has started on 3440"}
{"level":"info","timestamp":"2020-01-02T02:16:46.397+0100","msg":"Starting to fetch stocks"}
{"level":"info","timestamp":"2020-01-02T02:17:09.047+0100","msg":"Server has started on 3440"}
{"level":"info","timestamp":"2020-01-02T02:17:09.048+0100","msg":"Starting to fetch stocks"}
{"level":"warn","timestamp":"2020-01-02T02:17:09.536+0100","msg":"Executed sell for User: N.Flueckiger@stud.bbbaden.ch123"}
{"level":"warn","timestamp":"2020-01-02T02:17:09.655+0100","msg":"Executed sell for User: N.Flueckiger@stud.bbbaden.ch123"}
{"level":"info","timestamp":"2020-01-02T02:18:12.035+0100","msg":"Stock AAPL was loaded"}
{"level":"info","timestamp":"2020-01-02T02:18:13.239+0100","msg":"Stock INTC was loaded"}
{"level":"info","timestamp":"2020-01-02T02:18:14.387+0100","msg":"Stock MRVL was loaded"}
{"level":"info","timestamp":"2020-01-02T02:18:15.802+0100","msg":"Stock ICFI was loaded"}
{"level":"info","timestamp":"2020-01-02T02:18:16.797+0100","msg":"Stock IGOI was loaded"}
{"level":"info","timestamp":"2020-01-02T02:19:18.373+0100","msg":"Stock IMAX was loaded"}
{"level":"info","timestamp":"2020-01-02T02:19:20.404+0100","msg":"Stock ITRI was loaded"}
{"level":"info","timestamp":"2020-01-02T02:19:22.666+0100","msg":"Stock IMAX was loaded"}
{"level":"info","timestamp":"2020-01-02T02:20:23.855+0100","msg":"Stock AAPL was loaded"}
{"level":"info","timestamp":"2020-01-02T02:20:25.947+0100","msg":"Stock XOM was loaded"}
{"level":"info","timestamp":"2020-01-02T02:20:26.282+0100","msg":"Stock MSFT was loaded"}
{"level":"info","timestamp":"2020-01-02T02:20:27.618+0100","msg":"Stock IBM was loaded"}
{"level":"info","timestamp":"2020-01-02T02:23:49.795+0100","msg":"Server has started on 3440"}
{"level":"info","timestamp":"2020-01-02T02:23:49.796+0100","msg":"Starting to fetch stocks"}
{"level":"info","timestamp":"2020-01-02T02:23:50.620+0100","msg":"Stock AMZN was loaded"}
{"level":"info","timestamp":"2020-01-02T02:23:51.069+0100","msg":"Stock TSLA was loaded"}
{"level":"info","timestamp":"2020-01-02T02:23:54.539+0100","msg":"Stock FCEL was loaded"}
{"level":"info","timestamp":"2020-01-02T02:24:55.407+0100","msg":"Stock AAPL was loaded"}
{"level":"info","timestamp":"2020-01-02T02:24:55.880+0100","msg":"Stock INTC was loaded"}
{"level":"info","timestamp":"2020-01-02T02:24:57.008+0100","msg":"Stock MRVL was loaded"}
{"level":"info","timestamp":"2020-01-02T02:24:58.130+0100","msg":"Stock ICFI was loaded"}
{"level":"info","timestamp":"2020-01-02T02:24:59.002+0100","msg":"Stock IGOI was loaded"}
{"level":"info","timestamp":"2020-01-02T02:26:00.558+0100","msg":"Stock IMAX was loaded"}
{"level":"info","timestamp":"2020-01-02T02:26:02.719+0100","msg":"Stock ITRI was loaded"}
{"level":"info","timestamp":"2020-01-02T02:26:04.222+0100","msg":"Stock IMAX was loaded"}
{"level":"info","timestamp":"2020-01-02T02:27:04.872+0100","msg":"Stock AAPL was loaded"}
{"level":"info","timestamp":"2020-01-02T02:27:05.968+0100","msg":"Stock XOM was loaded"}
{"level":"info","timestamp":"2020-01-02T02:27:06.422+0100","msg":"Stock MSFT was loaded"}
{"level":"info","timestamp":"2020-01-02T02:27:07.855+0100","msg":"Stock IBM was loaded"}
{"level":"info","timestamp":"2020-01-02T02:28:09.397+0100","msg":"Stock CVX was loaded"}
{"level":"info","timestamp":"2020-01-02T02:28:10.713+0100","msg":"Stock GE was loaded"}
{"level":"info","timestamp":"2020-01-02T02:28:12.003+0100","msg":"Stock WMT was loaded"}
{"level":"info","timestamp":"2020-01-02T02:28:13.576+0100","msg":"Stock T was loaded"}
{"level":"info","timestamp":"2020-01-02T02:28:14.700+0100","msg":"Stock JNJ was loaded"}
{"level":"info","timestamp":"2020-01-02T02:29:14.870+0100","msg":"Finished loading stocks"}
