{"level":"info","timestamp":"2020-01-01T00:03:37.714+0100","msg":"Server has started on 3440"}
{"level":"info","timestamp":"2020-01-01T00:03:37.718+0100","msg":"Starting to fetch stocks"}
{"level":"info","timestamp":"2020-01-01T00:03:39.108+0100","msg":"Stock AMZN was loaded"}
{"level":"info","timestamp":"2020-01-01T00:03:39.612+0100","msg":"Stock TSLA was loaded"}
{"level":"info","timestamp":"2020-01-01T00:03:42.995+0100","msg":"Stock FCEL was loaded"}
{"level":"info","timestamp":"2020-01-01T00:04:43.728+0100","msg":"Stock AAPL was loaded"}
{"level":"info","timestamp":"2020-01-01T00:04:45.053+0100","msg":"Stock INTC was loaded"}
{"level":"info","timestamp":"2020-01-01T00:04:46.486+0100","msg":"Stock MRVL was loaded"}
{"level":"info","timestamp":"2020-01-01T00:04:48.281+0100","msg":"Stock ICFI was loaded"}
{"level":"info","timestamp":"2020-01-01T00:04:49.107+0100","msg":"Stock IGOI was loaded"}
{"level":"info","timestamp":"2020-01-01T00:05:50.593+0100","msg":"Stock IMAX was loaded"}
{"level":"info","timestamp":"2020-01-01T00:05:52.739+0100","msg":"Stock ITRI was loaded"}
{"level":"info","timestamp":"2020-01-01T00:05:54.165+0100","msg":"Stock IMAX was loaded"}
{"level":"info","timestamp":"2020-01-01T00:06:55.089+0100","msg":"Stock AAPL was loaded"}
{"level":"info","timestamp":"2020-01-01T00:06:56.331+0100","msg":"Stock XOM was loaded"}
{"level":"info","timestamp":"2020-01-01T00:06:56.729+0100","msg":"Stock MSFT was loaded"}
{"level":"info","timestamp":"2020-01-01T00:06:58.262+0100","msg":"Stock IBM was loaded"}
{"level":"warn","timestamp":"2020-01-01T00:07:57.442+0100","msg":"Kein Nutzer mit diesem Namen gefunden | User: N.Flueckiger@stud.bbbaden.ch3"}
{"level":"info","timestamp":"2020-01-01T00:07:59.011+0100","msg":"Stock CVX was loaded"}
{"level":"info","timestamp":"2020-01-01T00:07:59.418+0100","msg":"Stock GE was loaded"}
{"level":"info","timestamp":"2020-01-01T00:08:00.641+0100","msg":"Stock WMT was loaded"}
{"level":"warn","timestamp":"2020-01-01T00:08:01.959+0100","msg":"Nutzer hat sich eingeloggt | User N.Flueckiger@stud.bbbaden.ch2"}
{"level":"info","timestamp":"2020-01-01T00:08:01.971+0100","msg":"Stock T was loaded"}
{"level":"info","timestamp":"2020-01-01T00:08:03.510+0100","msg":"Stock JNJ was loaded"}
{"level":"info","timestamp":"2020-01-01T00:09:05.183+0100","msg":"Stock PG was loaded"}
{"level":"info","timestamp":"2020-01-01T00:09:06.385+0100","msg":"Stock WFC was loaded"}
{"level":"info","timestamp":"2020-01-01T00:09:07.631+0100","msg":"Stock KO was loaded"}
{"level":"info","timestamp":"2020-01-01T00:09:08.838+0100","msg":"Stock PFE was loaded"}
{"level":"info","timestamp":"2020-01-01T00:09:10.079+0100","msg":"Stock JPM was loaded"}
{"level":"info","timestamp":"2020-01-01T00:10:10.863+0100","msg":"Stock GOOG was loaded"}
{"level":"info","timestamp":"2020-01-01T00:10:12.121+0100","msg":"Stock PM was loaded"}
{"level":"info","timestamp":"2020-01-01T00:10:13.452+0100","msg":"Stock VOD was loaded"}
{"level":"info","timestamp":"2020-01-01T00:10:13.839+0100","msg":"Stock ORCL was loaded"}
{"level":"info","timestamp":"2020-01-01T00:10:15.193+0100","msg":"Stock INTC was loaded"}
{"level":"info","timestamp":"2020-01-01T00:11:15.952+0100","msg":"Stock MRK was loaded"}
{"level":"info","timestamp":"2020-01-01T00:11:17.357+0100","msg":"Stock VZ was loaded"}
{"level":"info","timestamp":"2020-01-01T00:11:19.913+0100","msg":"Stock QCOM was loaded"}
{"level":"info","timestamp":"2020-01-01T00:11:21.142+0100","msg":"Stock PEP was loaded"}
{"level":"info","timestamp":"2020-01-01T00:12:22.789+0100","msg":"Stock CSCO was loaded"}
{"level":"info","timestamp":"2020-01-01T00:12:23.195+0100","msg":"Stock AMZN was loaded"}
{"level":"info","timestamp":"2020-01-01T00:12:24.421+0100","msg":"Stock ABT was loaded"}
{"level":"info","timestamp":"2020-01-01T00:12:25.554+0100","msg":"Stock MCD was loaded"}
{"level":"info","timestamp":"2020-01-01T00:12:26.801+0100","msg":"Stock SLB was loaded"}
{"level":"info","timestamp":"2020-01-01T00:13:27.536+0100","msg":"Stock C was loaded"}
{"level":"info","timestamp":"2020-01-01T00:13:29.916+0100","msg":"Stock BAC was loaded"}
{"level":"info","timestamp":"2020-01-01T00:13:31.296+0100","msg":"Stock RY was loaded"}
{"level":"info","timestamp":"2020-01-01T00:13:32.512+0100","msg":"Stock HD was loaded"}
{"level":"info","timestamp":"2020-01-01T00:14:33.977+0100","msg":"Stock DIS was loaded"}
{"level":"info","timestamp":"2020-01-01T00:14:35.102+0100","msg":"Stock TD was loaded"}
{"level":"info","timestamp":"2020-01-01T00:14:37.034+0100","msg":"Stock UTX was loaded"}
{"level":"info","timestamp":"2020-01-01T00:14:38.260+0100","msg":"Stock OXY was loaded"}
{"level":"info","timestamp":"2020-01-01T00:14:40.001+0100","msg":"Stock AXP was loaded"}
{"level":"info","timestamp":"2020-01-01T00:15:42.776+0100","msg":"Stock COP was loaded"}
{"level":"info","timestamp":"2020-01-01T00:15:44.007+0100","msg":"Stock MO was loaded"}
{"level":"info","timestamp":"2020-01-01T00:15:45.229+0100","msg":"Stock CAT was loaded"}
{"level":"info","timestamp":"2020-01-01T00:15:46.531+0100","msg":"Stock V was loaded"}
{"level":"info","timestamp":"2020-01-01T00:16:48.317+0100","msg":"Stock CMCSA was loaded"}
{"level":"info","timestamp":"2020-01-01T00:16:49.639+0100","msg":"Stock MMM was loaded"}
{"level":"info","timestamp":"2020-01-01T00:16:50.976+0100","msg":"Stock USB was loaded"}
{"level":"info","timestamp":"2020-01-01T00:16:52.171+0100","msg":"Stock AIG was loaded"}
{"level":"info","timestamp":"2020-01-01T00:17:54.671+0100","msg":"Stock CVS was loaded"}
{"level":"info","timestamp":"2020-01-01T00:17:56.106+0100","msg":"Stock BNS was loaded"}
{"level":"info","timestamp":"2020-01-01T00:17:57.334+0100","msg":"Stock UNH was loaded"}
{"level":"info","timestamp":"2020-01-01T00:17:57.776+0100","msg":"Stock BA was loaded"}
{"level":"info","timestamp":"2020-01-01T00:17:59.046+0100","msg":"Stock UPS was loaded"}
{"level":"info","timestamp":"2020-01-01T00:19:00.717+0100","msg":"Stock BMY was loaded"}
{"level":"info","timestamp":"2020-01-01T00:19:02.160+0100","msg":"Stock AMGN was loaded"}
{"level":"info","timestamp":"2020-01-01T00:19:03.484+0100","msg":"Stock UNP was loaded"}
{"level":"info","timestamp":"2020-01-01T00:19:04.815+0100","msg":"Stock GS was loaded"}
{"level":"info","timestamp":"2020-01-01T00:19:06.041+0100","msg":"Stock MA was loaded"}
{"level":"info","timestamp":"2020-01-01T00:20:07.515+0100","msg":"Stock EBAY was loaded"}
{"level":"info","timestamp":"2020-01-01T00:20:08.811+0100","msg":"Stock DD was loaded"}
{"level":"info","timestamp":"2020-01-01T00:20:10.190+0100","msg":"Stock HPQ was loaded"}
{"level":"info","timestamp":"2020-01-01T00:20:11.890+0100","msg":"Stock LLY was loaded"}
{"level":"info","timestamp":"2020-01-01T00:20:13.130+0100","msg":"Stock CL was loaded"}
{"level":"info","timestamp":"2020-01-01T00:21:14.738+0100","msg":"Stock SU was loaded"}
{"level":"info","timestamp":"2020-01-01T00:21:15.875+0100","msg":"Stock SPG was loaded"}
{"level":"info","timestamp":"2020-01-01T00:21:17.427+0100","msg":"Stock EPD was loaded"}
{"level":"info","timestamp":"2020-01-01T00:21:18.789+0100","msg":"Stock HON was loaded"}
{"level":"info","timestamp":"2020-01-01T00:21:20.087+0100","msg":"Stock LVS was loaded"}
{"level":"info","timestamp":"2020-01-01T00:21:51.456+0100","msg":"Server has started on 3440"}
{"level":"info","timestamp":"2020-01-01T00:21:51.462+0100","msg":"Starting to fetch stocks"}
{"level":"info","timestamp":"2020-01-01T00:22:54.907+0100","msg":"Stock AAPL was loaded"}
{"level":"info","timestamp":"2020-01-01T00:22:57.363+0100","msg":"Stock INTC was loaded"}
{"level":"info","timestamp":"2020-01-01T00:22:57.725+0100","msg":"Stock MRVL was loaded"}
{"level":"info","timestamp":"2020-01-01T00:22:58.903+0100","msg":"Stock ICFI was loaded"}
{"level":"info","timestamp":"2020-01-01T00:23:00.027+0100","msg":"Stock IGOI was loaded"}
{"level":"info","timestamp":"2020-01-01T00:24:01.615+0100","msg":"Stock IMAX was loaded"}
{"level":"info","timestamp":"2020-01-01T00:24:04.268+0100","msg":"Stock ITRI was loaded"}
{"level":"info","timestamp":"2020-01-01T00:24:05.867+0100","msg":"Stock IMAX was loaded"}
{"level":"info","timestamp":"2020-01-01T00:25:06.586+0100","msg":"Stock AAPL was loaded"}
{"level":"info","timestamp":"2020-01-01T00:25:08.134+0100","msg":"Stock XOM was loaded"}
{"level":"info","timestamp":"2020-01-01T00:25:08.609+0100","msg":"Stock MSFT was loaded"}
{"level":"info","timestamp":"2020-01-01T00:25:10.989+0100","msg":"Stock IBM was loaded"}
{"level":"info","timestamp":"2020-01-01T00:26:16.614+0100","msg":"Stock CVX was loaded"}
{"level":"info","timestamp":"2020-01-01T00:26:17.068+0100","msg":"Stock GE was loaded"}
{"level":"info","timestamp":"2020-01-01T00:26:18.372+0100","msg":"Stock WMT was loaded"}
{"level":"info","timestamp":"2020-01-01T00:26:19.873+0100","msg":"Stock T was loaded"}
{"level":"info","timestamp":"2020-01-01T00:26:21.140+0100","msg":"Stock JNJ was loaded"}
{"level":"info","timestamp":"2020-01-01T00:27:23.202+0100","msg":"Stock PG was loaded"}
{"level":"info","timestamp":"2020-01-01T00:27:24.528+0100","msg":"Stock WFC was loaded"}
{"level":"info","timestamp":"2020-01-01T00:27:25.856+0100","msg":"Stock KO was loaded"}
{"level":"info","timestamp":"2020-01-01T00:27:27.088+0100","msg":"Stock PFE was loaded"}
{"level":"info","timestamp":"2020-01-01T00:27:27.509+0100","msg":"Stock JPM was loaded"}
{"level":"info","timestamp":"2020-01-01T00:28:28.307+0100","msg":"Stock GOOG was loaded"}
{"level":"info","timestamp":"2020-01-01T00:28:28.771+0100","msg":"Stock PM was loaded"}
{"level":"info","timestamp":"2020-01-01T00:28:29.891+0100","msg":"Stock VOD was loaded"}
{"level":"info","timestamp":"2020-01-01T00:28:31.207+0100","msg":"Stock ORCL was loaded"}
{"level":"info","timestamp":"2020-01-01T00:28:32.580+0100","msg":"Stock INTC was loaded"}
{"level":"info","timestamp":"2020-01-01T00:29:34.576+0100","msg":"Stock MRK was loaded"}
{"level":"info","timestamp":"2020-01-01T00:29:35.913+0100","msg":"Stock VZ was loaded"}
{"level":"info","timestamp":"2020-01-01T00:29:38.510+0100","msg":"Stock QCOM was loaded"}
{"level":"info","timestamp":"2020-01-01T00:29:41.229+0100","msg":"Stock PEP was loaded"}
{"level":"info","timestamp":"2020-01-01T00:30:41.967+0100","msg":"Stock CSCO was loaded"}
{"level":"info","timestamp":"2020-01-01T00:30:42.374+0100","msg":"Stock AMZN was loaded"}
{"level":"info","timestamp":"2020-01-01T00:30:43.514+0100","msg":"Stock ABT was loaded"}
{"level":"info","timestamp":"2020-01-01T00:30:44.645+0100","msg":"Stock MCD was loaded"}
{"level":"info","timestamp":"2020-01-01T00:30:46.574+0100","msg":"Stock SLB was loaded"}
{"level":"info","timestamp":"2020-01-01T00:31:47.340+0100","msg":"Stock C was loaded"}
{"level":"info","timestamp":"2020-01-01T00:31:49.013+0100","msg":"Stock BAC was loaded"}
{"level":"info","timestamp":"2020-01-01T00:31:50.148+0100","msg":"Stock RY was loaded"}
{"level":"info","timestamp":"2020-01-01T00:31:51.386+0100","msg":"Stock HD was loaded"}
{"level":"info","timestamp":"2020-01-01T00:32:52.845+0100","msg":"Stock DIS was loaded"}
{"level":"info","timestamp":"2020-01-01T00:32:53.987+0100","msg":"Stock TD was loaded"}
{"level":"info","timestamp":"2020-01-01T00:32:55.181+0100","msg":"Stock UTX was loaded"}
{"level":"info","timestamp":"2020-01-01T00:32:56.409+0100","msg":"Stock OXY was loaded"}
{"level":"info","timestamp":"2020-01-01T00:32:57.453+0100","msg":"Stock AXP was loaded"}
{"level":"info","timestamp":"2020-01-01T00:34:00.029+0100","msg":"Stock COP was loaded"}
{"level":"info","timestamp":"2020-01-01T00:34:01.633+0100","msg":"Stock MO was loaded"}
{"level":"info","timestamp":"2020-01-01T00:34:02.763+0100","msg":"Stock CAT was loaded"}
{"level":"info","timestamp":"2020-01-01T00:34:04.065+0100","msg":"Stock V was loaded"}
{"level":"info","timestamp":"2020-01-01T00:35:05.663+0100","msg":"Stock CMCSA was loaded"}
{"level":"info","timestamp":"2020-01-01T00:35:08.065+0100","msg":"Server has started on 3440"}
{"level":"info","timestamp":"2020-01-01T00:35:08.068+0100","msg":"Starting to fetch stocks"}
{"level":"info","timestamp":"2020-01-01T00:35:09.871+0100","msg":"Stock AMZN was loaded"}
{"level":"info","timestamp":"2020-01-01T00:35:11.163+0100","msg":"Stock TSLA was loaded"}
{"level":"warn","timestamp":"2020-01-01T00:36:09.002+0100","msg":"User: N.Flueckiger@stud.bbbaden.ch bought AMZN -- transactionRoutes.go | AddTransaction"}
{"level":"info","timestamp":"2020-01-01T00:36:13.603+0100","msg":"Stock AAPL was loaded"}
{"level":"info","timestamp":"2020-01-01T00:36:15.069+0100","msg":"Stock INTC was loaded"}
{"level":"info","timestamp":"2020-01-01T00:36:16.292+0100","msg":"Stock MRVL was loaded"}
{"level":"info","timestamp":"2020-01-01T00:36:17.526+0100","msg":"Stock ICFI was loaded"}
{"level":"info","timestamp":"2020-01-01T00:36:18.442+0100","msg":"Stock IGOI was loaded"}
{"level":"info","timestamp":"2020-01-01T00:37:19.990+0100","msg":"Stock IMAX was loaded"}
{"level":"info","timestamp":"2020-01-01T00:37:22.246+0100","msg":"Stock ITRI was loaded"}
{"level":"info","timestamp":"2020-01-01T00:37:23.772+0100","msg":"Stock IMAX was loaded"}
{"level":"info","timestamp":"2020-01-01T00:38:24.438+0100","msg":"Stock AAPL was loaded"}
{"level":"info","timestamp":"2020-01-01T00:38:25.573+0100","msg":"Stock XOM was loaded"}
{"level":"info","timestamp":"2020-01-01T00:38:26.007+0100","msg":"Stock MSFT was loaded"}
{"level":"info","timestamp":"2020-01-01T00:38:28.382+0100","msg":"Stock IBM was loaded"}
{"level":"info","timestamp":"2020-01-01T00:39:30.547+0100","msg":"Stock CVX was loaded"}
{"level":"info","timestamp":"2020-01-01T00:39:31.001+0100","msg":"Stock GE was loaded"}
{"level":"info","timestamp":"2020-01-01T00:39:32.287+0100","msg":"Stock WMT was loaded"}
{"level":"info","timestamp":"2020-01-01T00:39:33.617+0100","msg":"Stock T was loaded"}
{"level":"info","timestamp":"2020-01-01T00:39:34.957+0100","msg":"Stock JNJ was loaded"}
{"level":"info","timestamp":"2020-01-01T00:40:36.560+0100","msg":"Stock PG was loaded"}
{"level":"info","timestamp":"2020-01-01T00:40:37.727+0100","msg":"Stock WFC was loaded"}
{"level":"info","timestamp":"2020-01-01T00:40:38.968+0100","msg":"Stock KO was loaded"}
{"level":"info","timestamp":"2020-01-01T00:40:40.168+0100","msg":"Stock PFE was loaded"}
{"level":"info","timestamp":"2020-01-01T00:40:41.327+0100","msg":"Stock JPM was loaded"}
{"level":"info","timestamp":"2020-01-01T00:41:42.206+0100","msg":"Stock GOOG was loaded"}
{"level":"info","timestamp":"2020-01-01T00:41:42.679+0100","msg":"Stock PM was loaded"}
{"level":"info","timestamp":"2020-01-01T00:41:43.088+0100","msg":"Stock VOD was loaded"}
{"level":"info","timestamp":"2020-01-01T00:41:44.590+0100","msg":"Stock ORCL was loaded"}
{"level":"info","timestamp":"2020-01-01T00:41:45.814+0100","msg":"Stock INTC was loaded"}
{"level":"info","timestamp":"2020-01-01T00:42:48.449+0100","msg":"Stock MRK was loaded"}
{"level":"info","timestamp":"2020-01-01T00:42:49.613+0100","msg":"Stock VZ was loaded"}
{"level":"info","timestamp":"2020-01-01T00:42:52.092+0100","msg":"Stock QCOM was loaded"}
{"level":"info","timestamp":"2020-01-01T00:42:53.348+0100","msg":"Stock PEP was loaded"}
{"level":"info","timestamp":"2020-01-01T00:43:55.968+0100","msg":"Stock CSCO was loaded"}
{"level":"info","timestamp":"2020-01-01T00:43:56.419+0100","msg":"Stock AMZN was loaded"}
{"level":"info","timestamp":"2020-01-01T00:43:57.735+0100","msg":"Stock ABT was loaded"}
{"level":"info","timestamp":"2020-01-01T00:43:59.043+0100","msg":"Stock MCD was loaded"}
{"level":"info","timestamp":"2020-01-01T00:44:00.485+0100","msg":"Stock SLB was loaded"}
{"level":"info","timestamp":"2020-01-01T00:45:02.773+0100","msg":"Stock C was loaded"}
{"level":"info","timestamp":"2020-01-01T00:45:05.296+0100","msg":"Stock BAC was loaded"}
{"level":"info","timestamp":"2020-01-01T00:45:06.667+0100","msg":"Stock RY was loaded"}
{"level":"info","timestamp":"2020-01-01T00:45:07.961+0100","msg":"Stock HD was loaded"}
{"level":"info","timestamp":"2020-01-01T00:46:09.705+0100","msg":"Stock DIS was loaded"}
{"level":"info","timestamp":"2020-01-01T00:46:10.910+0100","msg":"Stock TD was loaded"}
{"level":"info","timestamp":"2020-01-01T00:46:12.173+0100","msg":"Stock UTX was loaded"}
{"level":"info","timestamp":"2020-01-01T00:46:13.439+0100","msg":"Stock OXY was loaded"}
{"level":"info","timestamp":"2020-01-01T00:46:14.584+0100","msg":"Stock AXP was loaded"}
{"level":"info","timestamp":"2020-01-01T00:47:17.255+0100","msg":"Stock COP was loaded"}
{"level":"info","timestamp":"2020-01-01T00:47:18.624+0100","msg":"Stock MO was loaded"}
{"level":"info","timestamp":"2020-01-01T00:47:19.956+0100","msg":"Stock CAT was loaded"}
{"level":"info","timestamp":"2020-01-01T00:47:21.182+0100","msg":"Stock V was loaded"}
{"level":"info","timestamp":"2020-01-01T00:47:42.161+0100","msg":"Server has started on 3440"}
{"level":"info","timestamp":"2020-01-01T00:47:42.164+0100","msg":"Starting to fetch stocks"}
{"level":"info","timestamp":"2020-01-01T00:48:45.310+0100","msg":"Stock AAPL was loaded"}
{"level":"info","timestamp":"2020-01-01T00:48:45.850+0100","msg":"Stock INTC was loaded"}
{"level":"info","timestamp":"2020-01-01T00:48:47.098+0100","msg":"Stock MRVL was loaded"}
{"level":"info","timestamp":"2020-01-01T00:48:48.317+0100","msg":"Stock ICFI was loaded"}
{"level":"info","timestamp":"2020-01-01T00:48:49.156+0100","msg":"Stock IGOI was loaded"}
{"level":"warn","timestamp":"2020-01-01T00:49:45.414+0100","msg":"User: N.Flueckiger@stud.bbbaden.ch bought AAPL -- transactionRoutes.go | AddTransaction"}
{"level":"info","timestamp":"2020-01-01T00:49:50.690+0100","msg":"Stock IMAX was loaded"}
{"level":"info","timestamp":"2020-01-01T00:49:52.947+0100","msg":"Stock ITRI was loaded"}
{"level":"info","timestamp":"2020-01-01T00:49:54.372+0100","msg":"Stock IMAX was loaded"}
{"level":"info","timestamp":"2020-01-01T00:50:55.461+0100","msg":"Stock AAPL was loaded"}
{"level":"info","timestamp":"2020-01-01T00:50:56.903+0100","msg":"Stock XOM was loaded"}
{"level":"info","timestamp":"2020-01-01T00:50:57.297+0100","msg":"Stock MSFT was loaded"}
{"level":"info","timestamp":"2020-01-01T00:50:58.701+0100","msg":"Stock IBM was loaded"}
{"level":"info","timestamp":"2020-01-01T00:52:00.285+0100","msg":"Stock CVX was loaded"}
{"level":"info","timestamp":"2020-01-01T00:52:01.436+0100","msg":"Stock GE was loaded"}
{"level":"info","timestamp":"2020-01-01T00:52:02.891+0100","msg":"Stock WMT was loaded"}
{"level":"info","timestamp":"2020-01-01T00:52:04.217+0100","msg":"Stock T was loaded"}
{"level":"info","timestamp":"2020-01-01T00:52:05.340+0100","msg":"Stock JNJ was loaded"}
{"level":"info","timestamp":"2020-01-01T00:53:06.888+0100","msg":"Stock PG was loaded"}
{"level":"info","timestamp":"2020-01-01T00:53:08.043+0100","msg":"Stock WFC was loaded"}
{"level":"info","timestamp":"2020-01-01T00:53:09.348+0100","msg":"Stock KO was loaded"}
{"level":"info","timestamp":"2020-01-01T00:53:10.567+0100","msg":"Stock PFE was loaded"}
{"level":"info","timestamp":"2020-01-01T00:53:11.807+0100","msg":"Stock JPM was loaded"}
{"level":"info","timestamp":"2020-01-01T00:54:12.587+0100","msg":"Stock GOOG was loaded"}
{"level":"info","timestamp":"2020-01-01T00:54:13.965+0100","msg":"Stock PM was loaded"}
{"level":"info","timestamp":"2020-01-01T00:54:15.180+0100","msg":"Stock VOD was loaded"}
{"level":"info","timestamp":"2020-01-01T00:54:16.491+0100","msg":"Stock ORCL was loaded"}
{"level":"info","timestamp":"2020-01-01T00:54:17.619+0100","msg":"Stock INTC was loaded"}
