{"level":"info","timestamp":"2019-12-29T16:40:40.417+0100","msg":"Server has started on 3440"}
{"level":"info","timestamp":"2019-12-29T16:40:40.419+0100","msg":"Starting to fetch stocks"}
{"level":"info","timestamp":"2019-12-29T16:44:36.136+0100","msg":"Server has started on 3440"}
{"level":"info","timestamp":"2019-12-29T16:44:36.138+0100","msg":"Starting to fetch stocks"}
{"level":"warn","timestamp":"2019-12-29T16:44:36.153+0100","msg":"Nutzer hat sich eingeloggt | User haspi"}
{"level":"warn","timestamp":"2019-12-29T16:44:36.153+0100","msg":"Nutzer hat sich eingeloggt | User haspi"}
{"level":"warn","timestamp":"2019-12-29T16:44:36.153+0100","msg":"Nutzer hat sich eingeloggt | User haspi"}
{"level":"warn","timestamp":"2019-12-29T16:44:36.158+0100","msg":"Nutzer hat sich eingeloggt | User haspi"}
{"level":"warn","timestamp":"2019-12-29T16:44:36.162+0100","msg":"Nutzer hat sich eingeloggt | User haspi"}
{"level":"warn","timestamp":"2019-12-29T16:44:36.163+0100","msg":"Nutzer hat sich eingeloggt | User haspi"}
{"level":"warn","timestamp":"2019-12-29T16:44:36.165+0100","msg":"Nutzer hat sich eingeloggt | User haspi"}
{"level":"warn","timestamp":"2019-12-29T16:44:36.166+0100","msg":"Nutzer hat sich eingeloggt | User haspi"}
{"level":"warn","timestamp":"2019-12-29T16:44:36.167+0100","msg":"Nutzer hat sich eingeloggt | User haspi"}
{"level":"warn","timestamp":"2019-12-29T16:44:36.167+0100","msg":"Nutzer hat sich eingeloggt | User haspi"}
{"level":"warn","timestamp":"2019-12-29T16:44:36.175+0100","msg":"Nutzer hat sich eingeloggt | User haspi"}
{"level":"warn","timestamp":"2019-12-29T16:44:36.175+0100","msg":"Nutzer hat sich eingeloggt | User haspi"}
{"level":"warn","timestamp":"2019-12-29T16:44:36.176+0100","msg":"Nutzer hat sich eingeloggt | User haspi"}
{"level":"warn","timestamp":"2019-12-29T16:44:36.176+0100","msg":"Nutzer hat sich eingeloggt | User haspi"}
{"level":"warn","timestamp":"2019-12-29T16:44:36.177+0100","msg":"Nutzer hat sich eingeloggt | User haspi"}
{"level":"warn","timestamp":"2019-12-29T16:44:36.177+0100","msg":"Nutzer hat sich eingeloggt | User haspi"}
{"level":"warn","timestamp":"2019-12-29T16:44:36.178+0100","msg":"Nutzer hat sich eingeloggt | User haspi"}
{"level":"warn","timestamp":"2019-12-29T16:44:36.188+0100","msg":"Nutzer hat sich eingeloggt | User haspi"}
{"level":"warn","timestamp":"2019-12-29T16:44:36.189+0100","msg":"Nutzer hat sich eingeloggt | User haspi"}
{"level":"warn","timestamp":"2019-12-29T16:44:36.189+0100","msg":"Nutzer hat sich eingeloggt | User haspi"}
{"level":"warn","timestamp":"2019-12-29T16:44:36.190+0100","msg":"Nutzer hat sich eingeloggt | User haspi"}
{"level":"warn","timestamp":"2019-12-29T16:44:36.192+0100","msg":"Nutzer hat sich eingeloggt | User haspi"}
{"level":"warn","timestamp":"2019-12-29T16:44:36.193+0100","msg":"Nutzer hat sich eingeloggt | User haspi"}
{"level":"warn","timestamp":"2019-12-29T16:44:36.194+0100","msg":"Nutzer hat sich eingeloggt | User haspi"}
{"level":"warn","timestamp":"2019-12-29T16:44:36.195+0100","msg":"Nutzer hat sich eingeloggt | User haspi"}
{"level":"warn","timestamp":"2019-12-29T16:44:36.202+0100","msg":"Nutzer hat sich eingeloggt | User haspi"}
{"level":"warn","timestamp":"2019-12-29T16:44:36.206+0100","msg":"Nutzer hat sich eingeloggt | User haspi"}
{"level":"warn","timestamp":"2019-12-29T16:44:36.207+0100","msg":"Nutzer hat sich eingeloggt | User haspi"}
{"level":"warn","timestamp":"2019-12-29T16:44:36.208+0100","msg":"Nutzer hat sich eingeloggt | User haspi"}
{"level":"warn","timestamp":"2019-12-29T16:44:36.211+0100","msg":"Nutzer hat sich eingeloggt | User haspi"}
{"level":"warn","timestamp":"2019-12-29T16:44:38.151+0100","msg":"Nutzer hat sich eingeloggt | User haspi"}
{"level":"warn","timestamp":"2019-12-29T16:44:38.159+0100","msg":"Nutzer hat sich eingeloggt | User haspi"}
{"level":"warn","timestamp":"2019-12-29T16:44:38.159+0100","msg":"Nutzer hat sich eingeloggt | User haspi"}
{"level":"warn","timestamp":"2019-12-29T16:44:38.159+0100","msg":"Nutzer hat sich eingeloggt | User haspi"}
{"level":"warn","timestamp":"2019-12-29T16:44:38.159+0100","msg":"Nutzer hat sich eingeloggt | User haspi"}
{"level":"warn","timestamp":"2019-12-29T16:44:38.159+0100","msg":"Nutzer hat sich eingeloggt | User haspi"}
{"level":"warn","timestamp":"2019-12-29T16:44:38.159+0100","msg":"Nutzer hat sich eingeloggt | User haspi"}
{"level":"warn","timestamp":"2019-12-29T16:44:38.160+0100","msg":"Nutzer hat sich eingeloggt | User haspi"}
{"level":"warn","timestamp":"2019-12-29T16:44:38.166+0100","msg":"Nutzer hat sich eingeloggt | User haspi"}
{"level":"warn","timestamp":"2019-12-29T16:44:38.166+0100","msg":"Nutzer hat sich eingeloggt | User haspi"}
{"level":"warn","timestamp":"2019-12-29T16:44:38.166+0100","msg":"Nutzer hat sich eingeloggt | User haspi"}
{"level":"warn","timestamp":"2019-12-29T16:44:38.170+0100","msg":"Nutzer hat sich eingeloggt | User haspi"}
{"level":"warn","timestamp":"2019-12-29T16:44:38.172+0100","msg":"Nutzer hat sich eingeloggt | User haspi"}
{"level":"warn","timestamp":"2019-12-29T16:44:38.172+0100","msg":"Nutzer hat sich eingeloggt | User haspi"}
{"level":"warn","timestamp":"2019-12-29T16:44:38.173+0100","msg":"Nutzer hat sich eingeloggt | User haspi"}
{"level":"warn","timestamp":"2019-12-29T16:44:38.178+0100","msg":"Nutzer hat sich eingeloggt | User haspi"}
{"level":"warn","timestamp":"2019-12-29T16:44:38.179+0100","msg":"Nutzer hat sich eingeloggt | User haspi"}
{"level":"warn","timestamp":"2019-12-29T16:44:38.182+0100","msg":"Nutzer hat sich eingeloggt | User haspi"}
{"level":"warn","timestamp":"2019-12-29T16:44:38.183+0100","msg":"Nutzer hat sich eingeloggt | User haspi"}
{"level":"warn","timestamp":"2019-12-29T16:44:38.184+0100","msg":"Nutzer hat sich eingeloggt | User haspi"}
{"level":"warn","timestamp":"2019-12-29T16:44:38.186+0100","msg":"Nutzer hat sich eingeloggt | User haspi"}
{"level":"warn","timestamp":"2019-12-29T16:44:38.188+0100","msg":"Nutzer hat sich eingeloggt | User haspi"}
{"level":"warn","timestamp":"2019-12-29T16:44:38.188+0100","msg":"Nutzer hat sich eingeloggt | User haspi"}
{"level":"warn","timestamp":"2019-12-29T16:44:38.195+0100","msg":"Nutzer hat sich eingeloggt | User haspi"}
{"level":"warn","timestamp":"2019-12-29T16:44:38.197+0100","msg":"Nutzer hat sich eingeloggt | User haspi"}
{"level":"warn","timestamp":"2019-12-29T16:44:38.198+0100","msg":"Nutzer hat sich eingeloggt | User haspi"}
{"level":"warn","timestamp":"2019-12-29T16:44:38.199+0100","msg":"Nutzer hat sich eingeloggt | User haspi"}
{"level":"warn","timestamp":"2019-12-29T16:44:38.199+0100","msg":"Nutzer hat sich eingeloggt | User haspi"}
{"level":"warn","timestamp":"2019-12-29T16:44:38.200+0100","msg":"Nutzer hat sich eingeloggt | User haspi"}
{"level":"warn","timestamp":"2019-12-29T16:44:38.213+0100","msg":"Nutzer hat sich eingeloggt | User haspi"}
{"level":"warn","timestamp":"2019-12-29T16:44:38.213+0100","msg":"Nutzer hat sich eingeloggt | User haspi"}
{"level":"warn","timestamp":"2019-12-29T16:44:38.213+0100","msg":"Nutzer hat sich eingeloggt | User haspi"}
{"level":"warn","timestamp":"2019-12-29T16:44:38.213+0100","msg":"Nutzer hat sich eingeloggt | User haspi"}
{"level":"warn","timestamp":"2019-12-29T16:44:38.213+0100","msg":"Nutzer hat sich eingeloggt | User haspi"}
{"level":"warn","timestamp":"2019-12-29T16:44:38.214+0100","msg":"Nutzer hat sich eingeloggt | User haspi"}
{"level":"warn","timestamp":"2019-12-29T16:44:38.215+0100","msg":"Nutzer hat sich eingeloggt | User haspi"}
{"level":"warn","timestamp":"2019-12-29T16:44:38.216+0100","msg":"Nutzer hat sich eingeloggt | User haspi"}
{"level":"warn","timestamp":"2019-12-29T16:44:38.226+0100","msg":"Nutzer hat sich eingeloggt | User haspi"}
{"level":"warn","timestamp":"2019-12-29T16:44:38.226+0100","msg":"Nutzer hat sich eingeloggt | User haspi"}
{"level":"warn","timestamp":"2019-12-29T16:44:38.227+0100","msg":"Nutzer hat sich eingeloggt | User haspi"}
{"level":"warn","timestamp":"2019-12-29T16:44:38.227+0100","msg":"Nutzer hat sich eingeloggt | User haspi"}
{"level":"warn","timestamp":"2019-12-29T16:44:38.233+0100","msg":"Nutzer hat sich eingeloggt | User haspi"}
{"level":"warn","timestamp":"2019-12-29T16:44:38.233+0100","msg":"Nutzer hat sich eingeloggt | User haspi"}
{"level":"warn","timestamp":"2019-12-29T16:44:38.242+0100","msg":"Nutzer hat sich eingeloggt | User haspi"}
{"level":"warn","timestamp":"2019-12-29T16:44:38.245+0100","msg":"Nutzer hat sich eingeloggt | User haspi"}
{"level":"warn","timestamp":"2019-12-29T16:44:38.246+0100","msg":"Nutzer hat sich eingeloggt | User haspi"}
{"level":"warn","timestamp":"2019-12-29T16:44:38.246+0100","msg":"Nutzer hat sich eingeloggt | User haspi"}
{"level":"warn","timestamp":"2019-12-29T16:44:38.246+0100","msg":"Nutzer hat sich eingeloggt | User haspi"}
{"level":"warn","timestamp":"2019-12-29T16:44:38.247+0100","msg":"Nutzer hat sich eingeloggt | User haspi"}
{"level":"warn","timestamp":"2019-12-29T16:44:38.247+0100","msg":"Nutzer hat sich eingeloggt | User haspi"}
{"level":"warn","timestamp":"2019-12-29T16:44:38.248+0100","msg":"Nutzer hat sich eingeloggt | User haspi"}
{"level":"warn","timestamp":"2019-12-29T16:44:38.249+0100","msg":"Nutzer hat sich eingeloggt | User haspi"}
{"level":"warn","timestamp":"2019-12-29T16:44:38.256+0100","msg":"Nutzer hat sich eingeloggt | User haspi"}
{"level":"warn","timestamp":"2019-12-29T16:44:38.260+0100","msg":"Nutzer hat sich eingeloggt | User haspi"}
{"level":"warn","timestamp":"2019-12-29T16:44:38.261+0100","msg":"Nutzer hat sich eingeloggt | User haspi"}
{"level":"warn","timestamp":"2019-12-29T16:44:38.263+0100","msg":"Nutzer hat sich eingeloggt | User haspi"}
{"level":"warn","timestamp":"2019-12-29T16:44:38.270+0100","msg":"Nutzer hat sich eingeloggt | User haspi"}
{"level":"warn","timestamp":"2019-12-29T16:44:38.271+0100","msg":"Nutzer hat sich eingeloggt | User haspi"}
{"level":"warn","timestamp":"2019-12-29T16:44:38.275+0100","msg":"Nutzer hat sich eingeloggt | User haspi"}
{"level":"warn","timestamp":"2019-12-29T16:44:38.279+0100","msg":"Nutzer hat sich eingeloggt | User haspi"}
{"level":"warn","timestamp":"2019-12-29T16:44:38.327+0100","msg":"User: haspi bought AMZN -- transactionRoutes.go | AddTransaction"}
{"level":"warn","timestamp":"2019-12-29T16:44:38.377+0100","msg":"User: haspi bought AMZN -- transactionRoutes.go | AddTransaction"}
{"level":"warn","timestamp":"2019-12-29T16:44:38.377+0100","msg":"User: haspi bought AMZN -- transactionRoutes.go | AddTransaction"}
{"level":"warn","timestamp":"2019-12-29T16:44:38.377+0100","msg":"User: haspi bought AMZN -- transactionRoutes.go | AddTransaction"}
{"level":"warn","timestamp":"2019-12-29T16:44:38.377+0100","msg":"User: haspi bought AMZN -- transactionRoutes.go | AddTransaction"}
{"level":"warn","timestamp":"2019-12-29T16:44:38.377+0100","msg":"User: haspi bought AMZN -- transactionRoutes.go | AddTransaction"}
{"level":"warn","timestamp":"2019-12-29T16:44:38.378+0100","msg":"User: haspi bought AMZN -- transactionRoutes.go | AddTransaction"}
{"level":"warn","timestamp":"2019-12-29T16:44:38.377+0100","msg":"User: haspi bought AMZN -- transactionRoutes.go | AddTransaction"}
{"level":"warn","timestamp":"2019-12-29T16:44:38.377+0100","msg":"User: haspi bought AMZN -- transactionRoutes.go | AddTransaction"}
{"level":"warn","timestamp":"2019-12-29T16:44:38.377+0100","msg":"User: haspi bought AMZN -- transactionRoutes.go | AddTransaction"}
{"level":"warn","timestamp":"2019-12-29T16:44:38.377+0100","msg":"User: haspi bought AMZN -- transactionRoutes.go | AddTransaction"}
{"level":"warn","timestamp":"2019-12-29T16:44:38.377+0100","msg":"User: haspi bought AMZN -- transactionRoutes.go | AddTransaction"}
{"level":"warn","timestamp":"2019-12-29T16:44:38.377+0100","msg":"User: haspi bought AMZN -- transactionRoutes.go | AddTransaction"}
{"level":"warn","timestamp":"2019-12-29T16:44:38.377+0100","msg":"User: haspi bought AMZN -- transactionRoutes.go | AddTransaction"}
{"level":"warn","timestamp":"2019-12-29T16:44:38.378+0100","msg":"User: haspi bought AMZN -- transactionRoutes.go | AddTransaction"}
{"level":"warn","timestamp":"2019-12-29T16:44:38.378+0100","msg":"User: haspi bought AMZN -- transactionRoutes.go | AddTransaction"}
{"level":"warn","timestamp":"2019-12-29T16:44:38.378+0100","msg":"User: haspi bought AMZN -- transactionRoutes.go | AddTransaction"}
{"level":"warn","timestamp":"2019-12-29T16:44:38.378+0100","msg":"User: haspi bought AMZN -- transactionRoutes.go | AddTransaction"}
{"level":"warn","timestamp":"2019-12-29T16:44:38.378+0100","msg":"User: haspi bought AMZN -- transactionRoutes.go | AddTransaction"}
{"level":"warn","timestamp":"2019-12-29T16:44:38.377+0100","msg":"User: haspi bought AMZN -- transactionRoutes.go | AddTransaction"}
{"level":"warn","timestamp":"2019-12-29T16:44:38.378+0100","msg":"User: haspi bought AMZN -- transactionRoutes.go | AddTransaction"}
{"level":"warn","timestamp":"2019-12-29T16:44:38.378+0100","msg":"User: haspi bought AMZN -- transactionRoutes.go | AddTransaction"}
{"level":"warn","timestamp":"2019-12-29T16:44:38.378+0100","msg":"User: haspi bought AMZN -- transactionRoutes.go | AddTransaction"}
{"level":"warn","timestamp":"2019-12-29T16:44:38.378+0100","msg":"User: haspi bought AMZN -- transactionRoutes.go | AddTransaction"}
{"level":"warn","timestamp":"2019-12-29T16:44:38.378+0100","msg":"User: haspi bought AMZN -- transactionRoutes.go | AddTransaction"}
{"level":"warn","timestamp":"2019-12-29T16:44:38.378+0100","msg":"User: haspi bought AMZN -- transactionRoutes.go | AddTransaction"}
{"level":"warn","timestamp":"2019-12-29T16:44:38.381+0100","msg":"User: haspi bought AMZN -- transactionRoutes.go | AddTransaction"}
{"level":"warn","timestamp":"2019-12-29T16:44:38.382+0100","msg":"User: haspi bought AMZN -- transactionRoutes.go | AddTransaction"}
{"level":"warn","timestamp":"2019-12-29T16:44:38.382+0100","msg":"User: haspi bought AMZN -- transactionRoutes.go | AddTransaction"}
{"level":"warn","timestamp":"2019-12-29T16:44:38.382+0100","msg":"User: haspi bought AMZN -- transactionRoutes.go | AddTransaction"}
{"level":"warn","timestamp":"2019-12-29T16:44:56.495+0100","msg":"User: haspi user sold AMZN -- transactionRoutes.go"}
{"level":"warn","timestamp":"2019-12-29T16:44:56.495+0100","msg":"User: haspi user sold AMZN -- transactionRoutes.go"}
{"level":"warn","timestamp":"2019-12-29T16:44:56.495+0100","msg":"User: haspi user sold AMZN -- transactionRoutes.go"}
{"level":"warn","timestamp":"2019-12-29T16:44:56.495+0100","msg":"User: haspi user sold AMZN -- transactionRoutes.go"}
{"level":"warn","timestamp":"2019-12-29T16:44:56.495+0100","msg":"User: haspi user sold AMZN -- transactionRoutes.go"}
{"level":"warn","timestamp":"2019-12-29T16:44:56.509+0100","msg":"Nutzer hat sich eingeloggt | User haspi"}
{"level":"warn","timestamp":"2019-12-29T16:44:56.509+0100","msg":"Nutzer hat sich eingeloggt | User haspi"}
{"level":"warn","timestamp":"2019-12-29T16:44:56.509+0100","msg":"Nutzer hat sich eingeloggt | User haspi"}
{"level":"warn","timestamp":"2019-12-29T16:44:56.509+0100","msg":"Nutzer hat sich eingeloggt | User haspi"}
{"level":"warn","timestamp":"2019-12-29T16:44:56.509+0100","msg":"Nutzer hat sich eingeloggt | User haspi"}
{"level":"warn","timestamp":"2019-12-29T16:44:56.524+0100","msg":"Nutzer hat sich eingeloggt | User haspi"}
{"level":"warn","timestamp":"2019-12-29T16:44:56.524+0100","msg":"Nutzer hat sich eingeloggt | User haspi"}
{"level":"warn","timestamp":"2019-12-29T16:44:56.524+0100","msg":"Nutzer hat sich eingeloggt | User haspi"}
{"level":"warn","timestamp":"2019-12-29T16:44:56.524+0100","msg":"Nutzer hat sich eingeloggt | User haspi"}
{"level":"warn","timestamp":"2019-12-29T16:44:56.524+0100","msg":"Nutzer hat sich eingeloggt | User haspi"}
{"level":"warn","timestamp":"2019-12-29T16:44:56.545+0100","msg":"User: haspi user sold AMZN -- transactionRoutes.go"}
{"level":"warn","timestamp":"2019-12-29T16:44:56.545+0100","msg":"User: haspi user sold AMZN -- transactionRoutes.go"}
{"level":"warn","timestamp":"2019-12-29T16:44:56.545+0100","msg":"User: haspi user sold AMZN -- transactionRoutes.go"}
{"level":"warn","timestamp":"2019-12-29T16:44:56.545+0100","msg":"User: haspi user sold AMZN -- transactionRoutes.go"}
{"level":"warn","timestamp":"2019-12-29T16:44:56.545+0100","msg":"User: haspi user sold AMZN -- transactionRoutes.go"}
{"level":"warn","timestamp":"2019-12-29T16:44:56.545+0100","msg":"User: haspi user sold AMZN -- transactionRoutes.go"}
{"level":"warn","timestamp":"2019-12-29T16:44:56.545+0100","msg":"User: haspi user sold AMZN -- transactionRoutes.go"}
{"level":"warn","timestamp":"2019-12-29T16:44:56.545+0100","msg":"User: haspi user sold AMZN -- transactionRoutes.go"}
{"level":"warn","timestamp":"2019-12-29T16:44:56.545+0100","msg":"User: haspi user sold AMZN -- transactionRoutes.go"}
{"level":"warn","timestamp":"2019-12-29T16:44:56.545+0100","msg":"User: haspi user sold AMZN -- transactionRoutes.go"}
{"level":"warn","timestamp":"2019-12-29T16:44:56.545+0100","msg":"User: haspi user sold AMZN -- transactionRoutes.go"}
{"level":"warn","timestamp":"2019-12-29T16:44:56.545+0100","msg":"User: haspi user sold AMZN -- transactionRoutes.go"}
{"level":"warn","timestamp":"2019-12-29T16:44:56.545+0100","msg":"User: haspi user sold AMZN -- transactionRoutes.go"}
{"level":"warn","timestamp":"2019-12-29T16:44:56.545+0100","msg":"User: haspi user sold AMZN -- transactionRoutes.go"}
{"level":"warn","timestamp":"2019-12-29T16:44:56.545+0100","msg":"User: haspi user sold AMZN -- transactionRoutes.go"}
{"level":"warn","timestamp":"2019-12-29T16:44:56.545+0100","msg":"User: haspi user sold AMZN -- transactionRoutes.go"}
{"level":"warn","timestamp":"2019-12-29T16:44:56.545+0100","msg":"User: haspi user sold AMZN -- transactionRoutes.go"}
{"level":"warn","timestamp":"2019-12-29T16:44:56.545+0100","msg":"User: haspi user sold AMZN -- transactionRoutes.go"}
{"level":"warn","timestamp":"2019-12-29T16:44:56.545+0100","msg":"User: haspi user sold AMZN -- transactionRoutes.go"}
{"level":"warn","timestamp":"2019-12-29T16:44:56.545+0100","msg":"User: haspi user sold AMZN -- transactionRoutes.go"}
{"level":"warn","timestamp":"2019-12-29T16:44:56.545+0100","msg":"User: haspi user sold AMZN -- transactionRoutes.go"}
{"level":"warn","timestamp":"2019-12-29T16:44:56.545+0100","msg":"User: haspi user sold AMZN -- transactionRoutes.go"}
{"level":"warn","timestamp":"2019-12-29T16:44:56.545+0100","msg":"User: haspi user sold AMZN -- transactionRoutes.go"}
{"level":"warn","timestamp":"2019-12-29T16:44:56.545+0100","msg":"User: haspi user sold AMZN -- transactionRoutes.go"}
{"level":"warn","timestamp":"2019-12-29T16:44:56.545+0100","msg":"User: haspi user sold AMZN -- transactionRoutes.go"}
{"level":"warn","timestamp":"2019-12-29T16:44:56.563+0100","msg":"Nutzer hat sich eingeloggt | User haspi"}
{"level":"warn","timestamp":"2019-12-29T16:44:56.563+0100","msg":"Nutzer hat sich eingeloggt | User haspi"}
{"level":"warn","timestamp":"2019-12-29T16:44:56.564+0100","msg":"Nutzer hat sich eingeloggt | User haspi"}
{"level":"warn","timestamp":"2019-12-29T16:44:56.564+0100","msg":"Nutzer hat sich eingeloggt | User haspi"}
{"level":"warn","timestamp":"2019-12-29T16:44:56.564+0100","msg":"Nutzer hat sich eingeloggt | User haspi"}
{"level":"warn","timestamp":"2019-12-29T16:44:56.564+0100","msg":"Nutzer hat sich eingeloggt | User haspi"}
{"level":"warn","timestamp":"2019-12-29T16:44:56.573+0100","msg":"Nutzer hat sich eingeloggt | User haspi"}
{"level":"warn","timestamp":"2019-12-29T16:44:56.576+0100","msg":"Nutzer hat sich eingeloggt | User haspi"}
{"level":"warn","timestamp":"2019-12-29T16:44:56.576+0100","msg":"Nutzer hat sich eingeloggt | User haspi"}
{"level":"warn","timestamp":"2019-12-29T16:44:56.577+0100","msg":"Nutzer hat sich eingeloggt | User haspi"}
{"level":"warn","timestamp":"2019-12-29T16:44:56.577+0100","msg":"Nutzer hat sich eingeloggt | User haspi"}
{"level":"warn","timestamp":"2019-12-29T16:44:56.579+0100","msg":"Nutzer hat sich eingeloggt | User haspi"}
{"level":"warn","timestamp":"2019-12-29T16:44:56.585+0100","msg":"Nutzer hat sich eingeloggt | User haspi"}
{"level":"warn","timestamp":"2019-12-29T16:44:56.588+0100","msg":"Nutzer hat sich eingeloggt | User haspi"}
{"level":"warn","timestamp":"2019-12-29T16:44:56.588+0100","msg":"Nutzer hat sich eingeloggt | User haspi"}
{"level":"warn","timestamp":"2019-12-29T16:44:56.589+0100","msg":"Nutzer hat sich eingeloggt | User haspi"}
{"level":"warn","timestamp":"2019-12-29T16:44:56.589+0100","msg":"Nutzer hat sich eingeloggt | User haspi"}
{"level":"warn","timestamp":"2019-12-29T16:44:56.590+0100","msg":"Nutzer hat sich eingeloggt | User haspi"}
{"level":"warn","timestamp":"2019-12-29T16:44:56.591+0100","msg":"Nutzer hat sich eingeloggt | User haspi"}
{"level":"warn","timestamp":"2019-12-29T16:44:56.596+0100","msg":"Nutzer hat sich eingeloggt | User haspi"}
{"level":"warn","timestamp":"2019-12-29T16:44:56.596+0100","msg":"User: haspi bought AMZN -- transactionRoutes.go | AddTransaction"}
{"level":"warn","timestamp":"2019-12-29T16:44:56.596+0100","msg":"User: haspi bought AMZN -- transactionRoutes.go | AddTransaction"}
{"level":"warn","timestamp":"2019-12-29T16:44:56.596+0100","msg":"User: haspi bought AMZN -- transactionRoutes.go | AddTransaction"}
{"level":"warn","timestamp":"2019-12-29T16:44:56.596+0100","msg":"User: haspi bought AMZN -- transactionRoutes.go | AddTransaction"}
{"level":"warn","timestamp":"2019-12-29T16:44:56.596+0100","msg":"User: haspi bought AMZN -- transactionRoutes.go | AddTransaction"}
{"level":"warn","timestamp":"2019-12-29T16:44:56.598+0100","msg":"Nutzer hat sich eingeloggt | User haspi"}
{"level":"warn","timestamp":"2019-12-29T16:44:56.601+0100","msg":"Nutzer hat sich eingeloggt | User haspi"}
{"level":"warn","timestamp":"2019-12-29T16:44:56.602+0100","msg":"Nutzer hat sich eingeloggt | User haspi"}
{"level":"warn","timestamp":"2019-12-29T16:44:56.608+0100","msg":"Nutzer hat sich eingeloggt | User haspi"}
{"level":"warn","timestamp":"2019-12-29T16:44:56.619+0100","msg":"Nutzer hat sich eingeloggt | User haspi"}
{"level":"warn","timestamp":"2019-12-29T16:44:56.620+0100","msg":"Nutzer hat sich eingeloggt | User haspi"}
{"level":"warn","timestamp":"2019-12-29T16:44:56.620+0100","msg":"Nutzer hat sich eingeloggt | User haspi"}
{"level":"warn","timestamp":"2019-12-29T16:44:56.620+0100","msg":"Nutzer hat sich eingeloggt | User haspi"}
{"level":"warn","timestamp":"2019-12-29T16:44:56.620+0100","msg":"Nutzer hat sich eingeloggt | User haspi"}
{"level":"warn","timestamp":"2019-12-29T16:44:56.620+0100","msg":"Nutzer hat sich eingeloggt | User haspi"}
{"level":"warn","timestamp":"2019-12-29T16:44:56.622+0100","msg":"Nutzer hat sich eingeloggt | User haspi"}
{"level":"warn","timestamp":"2019-12-29T16:44:56.632+0100","msg":"Nutzer hat sich eingeloggt | User haspi"}
{"level":"warn","timestamp":"2019-12-29T16:44:56.632+0100","msg":"Nutzer hat sich eingeloggt | User haspi"}
{"level":"warn","timestamp":"2019-12-29T16:44:56.633+0100","msg":"Nutzer hat sich eingeloggt | User haspi"}
{"level":"warn","timestamp":"2019-12-29T16:44:56.634+0100","msg":"Nutzer hat sich eingeloggt | User haspi"}
{"level":"warn","timestamp":"2019-12-29T16:44:56.634+0100","msg":"Nutzer hat sich eingeloggt | User haspi"}
{"level":"warn","timestamp":"2019-12-29T16:44:56.637+0100","msg":"Nutzer hat sich eingeloggt | User haspi"}
{"level":"warn","timestamp":"2019-12-29T16:44:56.646+0100","msg":"Nutzer hat sich eingeloggt | User haspi"}
{"level":"warn","timestamp":"2019-12-29T16:44:56.646+0100","msg":"Nutzer hat sich eingeloggt | User haspi"}
{"level":"warn","timestamp":"2019-12-29T16:44:56.646+0100","msg":"Nutzer hat sich eingeloggt | User haspi"}
{"level":"warn","timestamp":"2019-12-29T16:44:56.646+0100","msg":"Nutzer hat sich eingeloggt | User haspi"}
{"level":"warn","timestamp":"2019-12-29T16:44:56.648+0100","msg":"Nutzer hat sich eingeloggt | User haspi"}
{"level":"warn","timestamp":"2019-12-29T16:44:56.648+0100","msg":"Nutzer hat sich eingeloggt | User haspi"}
{"level":"warn","timestamp":"2019-12-29T16:44:56.660+0100","msg":"Nutzer hat sich eingeloggt | User haspi"}
{"level":"warn","timestamp":"2019-12-29T16:44:56.663+0100","msg":"Nutzer hat sich eingeloggt | User haspi"}
{"level":"warn","timestamp":"2019-12-29T16:44:56.676+0100","msg":"Nutzer hat sich eingeloggt | User haspi"}
{"level":"warn","timestamp":"2019-12-29T16:44:56.676+0100","msg":"Nutzer hat sich eingeloggt | User haspi"}
{"level":"warn","timestamp":"2019-12-29T16:44:56.676+0100","msg":"Nutzer hat sich eingeloggt | User haspi"}
{"level":"warn","timestamp":"2019-12-29T16:44:56.677+0100","msg":"Nutzer hat sich eingeloggt | User haspi"}
{"level":"warn","timestamp":"2019-12-29T16:44:56.682+0100","msg":"Nutzer hat sich eingeloggt | User haspi"}
{"level":"warn","timestamp":"2019-12-29T16:44:56.729+0100","msg":"User: haspi bought AMZN -- transactionRoutes.go | AddTransaction"}
{"level":"warn","timestamp":"2019-12-29T16:44:56.779+0100","msg":"User: haspi bought AMZN -- transactionRoutes.go | AddTransaction"}
{"level":"warn","timestamp":"2019-12-29T16:44:56.779+0100","msg":"User: haspi bought AMZN -- transactionRoutes.go | AddTransaction"}
{"level":"warn","timestamp":"2019-12-29T16:44:56.779+0100","msg":"User: haspi bought AMZN -- transactionRoutes.go | AddTransaction"}
{"level":"warn","timestamp":"2019-12-29T16:44:56.779+0100","msg":"User: haspi bought AMZN -- transactionRoutes.go | AddTransaction"}
{"level":"warn","timestamp":"2019-12-29T16:44:56.779+0100","msg":"User: haspi bought AMZN -- transactionRoutes.go | AddTransaction"}
{"level":"warn","timestamp":"2019-12-29T16:44:56.779+0100","msg":"User: haspi bought AMZN -- transactionRoutes.go | AddTransaction"}
{"level":"warn","timestamp":"2019-12-29T16:44:56.779+0100","msg":"User: haspi bought AMZN -- transactionRoutes.go | AddTransaction"}
{"level":"warn","timestamp":"2019-12-29T16:44:56.779+0100","msg":"User: haspi bought AMZN -- transactionRoutes.go | AddTransaction"}
{"level":"warn","timestamp":"2019-12-29T16:44:56.779+0100","msg":"User: haspi bought AMZN -- transactionRoutes.go | AddTransaction"}
{"level":"warn","timestamp":"2019-12-29T16:44:56.779+0100","msg":"User: haspi bought AMZN -- transactionRoutes.go | AddTransaction"}
{"level":"warn","timestamp":"2019-12-29T16:44:56.779+0100","msg":"User: haspi bought AMZN -- transactionRoutes.go | AddTransaction"}
{"level":"warn","timestamp":"2019-12-29T16:44:56.779+0100","msg":"User: haspi bought AMZN -- transactionRoutes.go | AddTransaction"}
{"level":"warn","timestamp":"2019-12-29T16:44:56.779+0100","msg":"User: haspi bought AMZN -- transactionRoutes.go | AddTransaction"}
{"level":"warn","timestamp":"2019-12-29T16:44:56.779+0100","msg":"User: haspi bought AMZN -- transactionRoutes.go | AddTransaction"}
{"level":"warn","timestamp":"2019-12-29T16:44:56.779+0100","msg":"User: haspi bought AMZN -- transactionRoutes.go | AddTransaction"}
{"level":"warn","timestamp":"2019-12-29T16:44:56.779+0100","msg":"User: haspi bought AMZN -- transactionRoutes.go | AddTransaction"}
{"level":"warn","timestamp":"2019-12-29T16:44:56.779+0100","msg":"User: haspi bought AMZN -- transactionRoutes.go | AddTransaction"}
{"level":"warn","timestamp":"2019-12-29T16:44:56.779+0100","msg":"User: haspi bought AMZN -- transactionRoutes.go | AddTransaction"}
{"level":"warn","timestamp":"2019-12-29T16:44:56.779+0100","msg":"User: haspi bought AMZN -- transactionRoutes.go | AddTransaction"}
{"level":"warn","timestamp":"2019-12-29T16:44:56.779+0100","msg":"User: haspi bought AMZN -- transactionRoutes.go | AddTransaction"}
{"level":"warn","timestamp":"2019-12-29T16:44:56.779+0100","msg":"User: haspi bought AMZN -- transactionRoutes.go | AddTransaction"}
{"level":"warn","timestamp":"2019-12-29T16:44:56.779+0100","msg":"User: haspi bought AMZN -- transactionRoutes.go | AddTransaction"}
{"level":"warn","timestamp":"2019-12-29T16:44:56.780+0100","msg":"User: haspi bought AMZN -- transactionRoutes.go | AddTransaction"}
{"level":"warn","timestamp":"2019-12-29T16:44:56.780+0100","msg":"User: haspi bought AMZN -- transactionRoutes.go | AddTransaction"}
{"level":"warn","timestamp":"2019-12-29T16:45:14.830+0100","msg":"User: haspi user sold AMZN -- transactionRoutes.go"}
{"level":"warn","timestamp":"2019-12-29T16:45:14.834+0100","msg":"User: haspi user sold AMZN -- transactionRoutes.go"}
{"level":"warn","timestamp":"2019-12-29T16:45:14.873+0100","msg":"User: haspi user sold AMZN -- transactionRoutes.go"}
{"level":"warn","timestamp":"2019-12-29T16:45:14.875+0100","msg":"Nutzer hat sich eingeloggt | User haspi"}
{"level":"warn","timestamp":"2019-12-29T16:45:14.880+0100","msg":"Nutzer hat sich eingeloggt | User haspi"}
{"level":"warn","timestamp":"2019-12-29T16:45:14.922+0100","msg":"Nutzer hat sich eingeloggt | User haspi"}
{"level":"warn","timestamp":"2019-12-29T16:45:14.959+0100","msg":"Nutzer hat sich eingeloggt | User haspi"}
{"level":"warn","timestamp":"2019-12-29T16:45:14.969+0100","msg":"Nutzer hat sich eingeloggt | User haspi"}
{"level":"warn","timestamp":"2019-12-29T16:45:15.013+0100","msg":"Nutzer hat sich eingeloggt | User haspi"}
{"level":"warn","timestamp":"2019-12-29T16:45:15.055+0100","msg":"User: haspi user sold AMZN -- transactionRoutes.go"}
{"level":"warn","timestamp":"2019-12-29T16:45:15.106+0100","msg":"Nutzer hat sich eingeloggt | User haspi"}
{"level":"warn","timestamp":"2019-12-29T16:45:15.114+0100","msg":"User: haspi user sold AMZN -- transactionRoutes.go"}
{"level":"warn","timestamp":"2019-12-29T16:45:15.156+0100","msg":"User: haspi bought AMZN -- transactionRoutes.go | AddTransaction"}
{"level":"warn","timestamp":"2019-12-29T16:45:15.157+0100","msg":"User: haspi bought AMZN -- transactionRoutes.go | AddTransaction"}
{"level":"warn","timestamp":"2019-12-29T16:45:15.168+0100","msg":"Nutzer hat sich eingeloggt | User haspi"}
{"level":"warn","timestamp":"2019-12-29T16:45:15.201+0100","msg":"Nutzer hat sich eingeloggt | User haspi"}
{"level":"warn","timestamp":"2019-12-29T16:45:15.207+0100","msg":"User: haspi bought AMZN -- transactionRoutes.go | AddTransaction"}
{"level":"warn","timestamp":"2019-12-29T16:45:15.249+0100","msg":"Nutzer hat sich eingeloggt | User haspi"}
{"level":"warn","timestamp":"2019-12-29T16:45:15.330+0100","msg":"User: haspi bought AMZN -- transactionRoutes.go | AddTransaction"}
{"level":"warn","timestamp":"2019-12-29T16:45:15.381+0100","msg":"User: haspi bought AMZN -- transactionRoutes.go | AddTransaction"}
{"level":"warn","timestamp":"2019-12-29T16:45:15.456+0100","msg":"User: haspi user sold AMZN -- transactionRoutes.go"}
{"level":"warn","timestamp":"2019-12-29T16:45:15.472+0100","msg":"Nutzer hat sich eingeloggt | User haspi"}
{"level":"warn","timestamp":"2019-12-29T16:45:15.493+0100","msg":"Nutzer hat sich eingeloggt | User haspi"}
{"level":"warn","timestamp":"2019-12-29T16:45:15.506+0100","msg":"User: haspi user sold AMZN -- transactionRoutes.go"}
{"level":"warn","timestamp":"2019-12-29T16:45:15.506+0100","msg":"User: haspi user sold AMZN -- transactionRoutes.go"}
{"level":"warn","timestamp":"2019-12-29T16:45:15.506+0100","msg":"User: haspi user sold AMZN -- transactionRoutes.go"}
{"level":"warn","timestamp":"2019-12-29T16:45:15.506+0100","msg":"User: haspi user sold AMZN -- transactionRoutes.go"}
{"level":"warn","timestamp":"2019-12-29T16:45:15.506+0100","msg":"User: haspi user sold AMZN -- transactionRoutes.go"}
{"level":"warn","timestamp":"2019-12-29T16:45:15.506+0100","msg":"User: haspi user sold AMZN -- transactionRoutes.go"}
{"level":"warn","timestamp":"2019-12-29T16:45:15.521+0100","msg":"Nutzer hat sich eingeloggt | User haspi"}
{"level":"warn","timestamp":"2019-12-29T16:45:15.522+0100","msg":"Nutzer hat sich eingeloggt | User haspi"}
{"level":"warn","timestamp":"2019-12-29T16:45:15.522+0100","msg":"Nutzer hat sich eingeloggt | User haspi"}
{"level":"warn","timestamp":"2019-12-29T16:45:15.523+0100","msg":"Nutzer hat sich eingeloggt | User haspi"}
{"level":"warn","timestamp":"2019-12-29T16:45:15.524+0100","msg":"Nutzer hat sich eingeloggt | User haspi"}
{"level":"warn","timestamp":"2019-12-29T16:45:15.530+0100","msg":"Nutzer hat sich eingeloggt | User haspi"}
{"level":"warn","timestamp":"2019-12-29T16:45:15.541+0100","msg":"Nutzer hat sich eingeloggt | User haspi"}
{"level":"warn","timestamp":"2019-12-29T16:45:15.542+0100","msg":"Nutzer hat sich eingeloggt | User haspi"}
{"level":"warn","timestamp":"2019-12-29T16:45:15.542+0100","msg":"Nutzer hat sich eingeloggt | User haspi"}
{"level":"warn","timestamp":"2019-12-29T16:45:15.546+0100","msg":"Nutzer hat sich eingeloggt | User haspi"}
{"level":"warn","timestamp":"2019-12-29T16:45:15.556+0100","msg":"Nutzer hat sich eingeloggt | User haspi"}
{"level":"warn","timestamp":"2019-12-29T16:45:15.558+0100","msg":"Nutzer hat sich eingeloggt | User haspi"}
{"level":"warn","timestamp":"2019-12-29T16:45:15.564+0100","msg":"User: haspi user sold AMZN -- transactionRoutes.go"}
{"level":"warn","timestamp":"2019-12-29T16:45:15.564+0100","msg":"User: haspi user sold AMZN -- transactionRoutes.go"}
{"level":"warn","timestamp":"2019-12-29T16:45:15.564+0100","msg":"User: haspi user sold AMZN -- transactionRoutes.go"}
{"level":"warn","timestamp":"2019-12-29T16:45:15.564+0100","msg":"User: haspi user sold AMZN -- transactionRoutes.go"}
{"level":"warn","timestamp":"2019-12-29T16:45:15.564+0100","msg":"User: haspi user sold AMZN -- transactionRoutes.go"}
{"level":"warn","timestamp":"2019-12-29T16:45:15.564+0100","msg":"User: haspi bought AMZN -- transactionRoutes.go | AddTransaction"}
{"level":"warn","timestamp":"2019-12-29T16:45:15.564+0100","msg":"User: haspi user sold AMZN -- transactionRoutes.go"}
{"level":"warn","timestamp":"2019-12-29T16:45:15.564+0100","msg":"User: haspi user sold AMZN -- transactionRoutes.go"}
{"level":"warn","timestamp":"2019-12-29T16:45:15.564+0100","msg":"User: haspi user sold AMZN -- transactionRoutes.go"}
{"level":"warn","timestamp":"2019-12-29T16:45:15.564+0100","msg":"User: haspi user sold AMZN -- transactionRoutes.go"}
{"level":"warn","timestamp":"2019-12-29T16:45:15.581+0100","msg":"Nutzer hat sich eingeloggt | User haspi"}
{"level":"warn","timestamp":"2019-12-29T16:45:15.581+0100","msg":"Nutzer hat sich eingeloggt | User haspi"}
{"level":"warn","timestamp":"2019-12-29T16:45:15.581+0100","msg":"Nutzer hat sich eingeloggt | User haspi"}
{"level":"warn","timestamp":"2019-12-29T16:45:15.581+0100","msg":"Nutzer hat sich eingeloggt | User haspi"}
{"level":"warn","timestamp":"2019-12-29T16:45:15.585+0100","msg":"Nutzer hat sich eingeloggt | User haspi"}
{"level":"warn","timestamp":"2019-12-29T16:45:15.586+0100","msg":"Nutzer hat sich eingeloggt | User haspi"}
{"level":"warn","timestamp":"2019-12-29T16:45:15.588+0100","msg":"Nutzer hat sich eingeloggt | User haspi"}
{"level":"warn","timestamp":"2019-12-29T16:45:15.590+0100","msg":"Nutzer hat sich eingeloggt | User haspi"}
{"level":"warn","timestamp":"2019-12-29T16:45:15.592+0100","msg":"Nutzer hat sich eingeloggt | User haspi"}
{"level":"warn","timestamp":"2019-12-29T16:45:15.603+0100","msg":"Nutzer hat sich eingeloggt | User haspi"}
{"level":"warn","timestamp":"2019-12-29T16:45:15.604+0100","msg":"Nutzer hat sich eingeloggt | User haspi"}
{"level":"warn","timestamp":"2019-12-29T16:45:15.604+0100","msg":"Nutzer hat sich eingeloggt | User haspi"}
{"level":"warn","timestamp":"2019-12-29T16:45:15.605+0100","msg":"Nutzer hat sich eingeloggt | User haspi"}
{"level":"warn","timestamp":"2019-12-29T16:45:15.606+0100","msg":"Nutzer hat sich eingeloggt | User haspi"}
{"level":"warn","timestamp":"2019-12-29T16:45:15.613+0100","msg":"Nutzer hat sich eingeloggt | User haspi"}
{"level":"warn","timestamp":"2019-12-29T16:45:15.621+0100","msg":"Nutzer hat sich eingeloggt | User haspi"}
{"level":"warn","timestamp":"2019-12-29T16:45:15.623+0100","msg":"Nutzer hat sich eingeloggt | User haspi"}
{"level":"warn","timestamp":"2019-12-29T16:45:15.628+0100","msg":"Nutzer hat sich eingeloggt | User haspi"}
{"level":"warn","timestamp":"2019-12-29T16:45:15.673+0100","msg":"User: haspi user sold AMZN -- transactionRoutes.go"}
{"level":"warn","timestamp":"2019-12-29T16:45:15.673+0100","msg":"User: haspi user sold AMZN -- transactionRoutes.go"}
{"level":"warn","timestamp":"2019-12-29T16:45:15.673+0100","msg":"User: haspi user sold AMZN -- transactionRoutes.go"}
{"level":"warn","timestamp":"2019-12-29T16:45:15.673+0100","msg":"User: haspi user sold AMZN -- transactionRoutes.go"}
{"level":"warn","timestamp":"2019-12-29T16:45:15.673+0100","msg":"User: haspi bought AMZN -- transactionRoutes.go | AddTransaction"}
{"level":"warn","timestamp":"2019-12-29T16:45:15.673+0100","msg":"User: haspi user sold AMZN -- transactionRoutes.go"}
{"level":"warn","timestamp":"2019-12-29T16:45:15.673+0100","msg":"User: haspi bought AMZN -- transactionRoutes.go | AddTransaction"}
{"level":"warn","timestamp":"2019-12-29T16:45:15.673+0100","msg":"User: haspi user sold AMZN -- transactionRoutes.go"}
{"level":"warn","timestamp":"2019-12-29T16:45:15.673+0100","msg":"User: haspi user sold AMZN -- transactionRoutes.go"}
{"level":"warn","timestamp":"2019-12-29T16:45:15.673+0100","msg":"User: haspi bought AMZN -- transactionRoutes.go | AddTransaction"}
{"level":"warn","timestamp":"2019-12-29T16:45:15.673+0100","msg":"User: haspi bought AMZN -- transactionRoutes.go | AddTransaction"}
{"level":"warn","timestamp":"2019-12-29T16:45:15.673+0100","msg":"User: haspi user sold AMZN -- transactionRoutes.go"}
{"level":"warn","timestamp":"2019-12-29T16:45:15.673+0100","msg":"User: haspi bought AMZN -- transactionRoutes.go | AddTransaction"}
{"level":"warn","timestamp":"2019-12-29T16:45:15.689+0100","msg":"Nutzer hat sich eingeloggt | User haspi"}
{"level":"warn","timestamp":"2019-12-29T16:45:15.689+0100","msg":"Nutzer hat sich eingeloggt | User haspi"}
{"level":"warn","timestamp":"2019-12-29T16:45:15.689+0100","msg":"Nutzer hat sich eingeloggt | User haspi"}
{"level":"warn","timestamp":"2019-12-29T16:45:15.689+0100","msg":"Nutzer hat sich eingeloggt | User haspi"}
{"level":"warn","timestamp":"2019-12-29T16:45:15.699+0100","msg":"Nutzer hat sich eingeloggt | User haspi"}
{"level":"warn","timestamp":"2019-12-29T16:45:15.703+0100","msg":"Nutzer hat sich eingeloggt | User haspi"}
{"level":"warn","timestamp":"2019-12-29T16:45:15.706+0100","msg":"Nutzer hat sich eingeloggt | User haspi"}
{"level":"warn","timestamp":"2019-12-29T16:45:15.708+0100","msg":"Nutzer hat sich eingeloggt | User haspi"}
{"level":"warn","timestamp":"2019-12-29T16:45:15.720+0100","msg":"Nutzer hat sich eingeloggt | User haspi"}
{"level":"warn","timestamp":"2019-12-29T16:45:15.721+0100","msg":"Nutzer hat sich eingeloggt | User haspi"}
{"level":"warn","timestamp":"2019-12-29T16:45:15.721+0100","msg":"Nutzer hat sich eingeloggt | User haspi"}
{"level":"warn","timestamp":"2019-12-29T16:45:15.726+0100","msg":"Nutzer hat sich eingeloggt | User haspi"}
{"level":"warn","timestamp":"2019-12-29T16:45:15.734+0100","msg":"Nutzer hat sich eingeloggt | User haspi"}
{"level":"warn","timestamp":"2019-12-29T16:45:15.739+0100","msg":"User: haspi user sold AMZN -- transactionRoutes.go"}
{"level":"warn","timestamp":"2019-12-29T16:45:15.739+0100","msg":"User: haspi bought AMZN -- transactionRoutes.go | AddTransaction"}
{"level":"warn","timestamp":"2019-12-29T16:45:15.740+0100","msg":"User: haspi bought AMZN -- transactionRoutes.go | AddTransaction"}
{"level":"warn","timestamp":"2019-12-29T16:45:15.740+0100","msg":"User: haspi bought AMZN -- transactionRoutes.go | AddTransaction"}
{"level":"warn","timestamp":"2019-12-29T16:45:15.740+0100","msg":"User: haspi bought AMZN -- transactionRoutes.go | AddTransaction"}
{"level":"warn","timestamp":"2019-12-29T16:45:15.740+0100","msg":"User: haspi bought AMZN -- transactionRoutes.go | AddTransaction"}
{"level":"warn","timestamp":"2019-12-29T16:45:15.739+0100","msg":"User: haspi bought AMZN -- transactionRoutes.go | AddTransaction"}
{"level":"warn","timestamp":"2019-12-29T16:45:15.740+0100","msg":"User: haspi bought AMZN -- transactionRoutes.go | AddTransaction"}
{"level":"warn","timestamp":"2019-12-29T16:45:15.740+0100","msg":"User: haspi bought AMZN -- transactionRoutes.go | AddTransaction"}
{"level":"warn","timestamp":"2019-12-29T16:45:15.740+0100","msg":"User: haspi bought AMZN -- transactionRoutes.go | AddTransaction"}
{"level":"warn","timestamp":"2019-12-29T16:45:15.740+0100","msg":"User: haspi bought AMZN -- transactionRoutes.go | AddTransaction"}
{"level":"warn","timestamp":"2019-12-29T16:45:15.741+0100","msg":"Nutzer hat sich eingeloggt | User haspi"}
{"level":"warn","timestamp":"2019-12-29T16:45:15.742+0100","msg":"Nutzer hat sich eingeloggt | User haspi"}
{"level":"warn","timestamp":"2019-12-29T16:45:15.742+0100","msg":"Nutzer hat sich eingeloggt | User haspi"}
{"level":"warn","timestamp":"2019-12-29T16:45:15.765+0100","msg":"Nutzer hat sich eingeloggt | User haspi"}
{"level":"warn","timestamp":"2019-12-29T16:45:15.785+0100","msg":"Nutzer hat sich eingeloggt | User haspi"}
{"level":"warn","timestamp":"2019-12-29T16:45:15.799+0100","msg":"User: haspi bought AMZN -- transactionRoutes.go | AddTransaction"}
{"level":"warn","timestamp":"2019-12-29T16:45:15.848+0100","msg":"User: haspi bought AMZN -- transactionRoutes.go | AddTransaction"}
{"level":"warn","timestamp":"2019-12-29T16:45:15.848+0100","msg":"User: haspi bought AMZN -- transactionRoutes.go | AddTransaction"}
{"level":"warn","timestamp":"2019-12-29T16:45:15.848+0100","msg":"User: haspi bought AMZN -- transactionRoutes.go | AddTransaction"}
{"level":"warn","timestamp":"2019-12-29T16:45:15.949+0100","msg":"User: haspi bought AMZN -- transactionRoutes.go | AddTransaction"}
{"level":"warn","timestamp":"2019-12-29T16:45:15.998+0100","msg":"User: haspi bought AMZN -- transactionRoutes.go | AddTransaction"}
{"level":"warn","timestamp":"2019-12-29T16:45:15.998+0100","msg":"User: haspi bought AMZN -- transactionRoutes.go | AddTransaction"}
{"level":"warn","timestamp":"2019-12-29T16:45:15.998+0100","msg":"User: haspi bought AMZN -- transactionRoutes.go | AddTransaction"}
{"level":"warn","timestamp":"2019-12-29T16:45:15.998+0100","msg":"User: haspi bought AMZN -- transactionRoutes.go | AddTransaction"}
{"level":"warn","timestamp":"2019-12-29T16:45:33.552+0100","msg":"User: haspi user sold AMZN -- transactionRoutes.go"}
{"level":"warn","timestamp":"2019-12-29T16:45:33.577+0100","msg":"User: haspi user sold AMZN -- transactionRoutes.go"}
{"level":"warn","timestamp":"2019-12-29T16:45:33.577+0100","msg":"User: haspi user sold AMZN -- transactionRoutes.go"}
{"level":"warn","timestamp":"2019-12-29T16:45:33.669+0100","msg":"User: haspi user sold AMZN -- transactionRoutes.go"}
{"level":"warn","timestamp":"2019-12-29T16:45:33.735+0100","msg":"User: haspi user sold AMZN -- transactionRoutes.go"}
{"level":"warn","timestamp":"2019-12-29T16:45:33.978+0100","msg":"User: haspi user sold AMZN -- transactionRoutes.go"}
{"level":"warn","timestamp":"2019-12-29T16:45:34.428+0100","msg":"User: haspi user sold AMZN -- transactionRoutes.go"}
{"level":"warn","timestamp":"2019-12-29T16:45:34.495+0100","msg":"User: haspi user sold AMZN -- transactionRoutes.go"}
{"level":"warn","timestamp":"2019-12-29T16:45:34.495+0100","msg":"User: haspi user sold AMZN -- transactionRoutes.go"}
{"level":"warn","timestamp":"2019-12-29T16:45:34.495+0100","msg":"User: haspi user sold AMZN -- transactionRoutes.go"}
{"level":"warn","timestamp":"2019-12-29T16:45:34.495+0100","msg":"User: haspi user sold AMZN -- transactionRoutes.go"}
{"level":"warn","timestamp":"2019-12-29T16:45:34.495+0100","msg":"User: haspi user sold AMZN -- transactionRoutes.go"}
{"level":"warn","timestamp":"2019-12-29T16:45:34.495+0100","msg":"User: haspi user sold AMZN -- transactionRoutes.go"}
{"level":"warn","timestamp":"2019-12-29T16:45:34.495+0100","msg":"User: haspi user sold AMZN -- transactionRoutes.go"}
{"level":"warn","timestamp":"2019-12-29T16:45:34.495+0100","msg":"User: haspi user sold AMZN -- transactionRoutes.go"}
{"level":"warn","timestamp":"2019-12-29T16:45:34.495+0100","msg":"User: haspi user sold AMZN -- transactionRoutes.go"}
{"level":"warn","timestamp":"2019-12-29T16:45:34.495+0100","msg":"User: haspi user sold AMZN -- transactionRoutes.go"}
{"level":"warn","timestamp":"2019-12-29T16:45:34.495+0100","msg":"User: haspi user sold AMZN -- transactionRoutes.go"}
{"level":"warn","timestamp":"2019-12-29T16:45:34.495+0100","msg":"User: haspi user sold AMZN -- transactionRoutes.go"}
{"level":"warn","timestamp":"2019-12-29T16:45:34.495+0100","msg":"User: haspi user sold AMZN -- transactionRoutes.go"}
{"level":"warn","timestamp":"2019-12-29T16:45:34.495+0100","msg":"User: haspi user sold AMZN -- transactionRoutes.go"}
{"level":"warn","timestamp":"2019-12-29T16:45:34.495+0100","msg":"User: haspi user sold AMZN -- transactionRoutes.go"}
{"level":"warn","timestamp":"2019-12-29T16:45:34.495+0100","msg":"User: haspi user sold AMZN -- transactionRoutes.go"}
{"level":"warn","timestamp":"2019-12-29T16:45:34.495+0100","msg":"User: haspi user sold AMZN -- transactionRoutes.go"}
{"level":"warn","timestamp":"2019-12-29T16:45:34.545+0100","msg":"User: haspi user sold AMZN -- transactionRoutes.go"}
{"level":"warn","timestamp":"2019-12-29T16:45:34.545+0100","msg":"User: haspi user sold AMZN -- transactionRoutes.go"}
{"level":"warn","timestamp":"2019-12-29T16:45:34.545+0100","msg":"User: haspi user sold AMZN -- transactionRoutes.go"}
{"level":"warn","timestamp":"2019-12-29T16:45:34.545+0100","msg":"User: haspi user sold AMZN -- transactionRoutes.go"}
{"level":"warn","timestamp":"2019-12-29T16:45:34.545+0100","msg":"User: haspi user sold AMZN -- transactionRoutes.go"}
{"level":"warn","timestamp":"2019-12-29T16:45:34.595+0100","msg":"User: haspi user sold AMZN -- transactionRoutes.go"}
{"level":"warn","timestamp":"2019-12-29T16:46:42.904+0100","msg":"Nutzer hat sich eingeloggt | User haspi"}
{"level":"warn","timestamp":"2019-12-29T16:46:42.904+0100","msg":"Nutzer hat sich eingeloggt | User haspi"}
{"level":"warn","timestamp":"2019-12-29T16:46:42.907+0100","msg":"Nutzer hat sich eingeloggt | User haspi"}
{"level":"warn","timestamp":"2019-12-29T16:46:42.909+0100","msg":"Nutzer hat sich eingeloggt | User haspi"}
{"level":"warn","timestamp":"2019-12-29T16:46:42.912+0100","msg":"Nutzer hat sich eingeloggt | User haspi"}
{"level":"warn","timestamp":"2019-12-29T16:46:42.940+0100","msg":"Nutzer hat sich eingeloggt | User haspi"}
{"level":"warn","timestamp":"2019-12-29T16:46:42.942+0100","msg":"Nutzer hat sich eingeloggt | User haspi"}
{"level":"warn","timestamp":"2019-12-29T16:46:42.942+0100","msg":"Nutzer hat sich eingeloggt | User haspi"}
{"level":"warn","timestamp":"2019-12-29T16:46:42.946+0100","msg":"Nutzer hat sich eingeloggt | User haspi"}
{"level":"warn","timestamp":"2019-12-29T16:46:42.948+0100","msg":"Nutzer hat sich eingeloggt | User haspi"}
{"level":"warn","timestamp":"2019-12-29T16:46:42.948+0100","msg":"Nutzer hat sich eingeloggt | User haspi"}
{"level":"warn","timestamp":"2019-12-29T16:46:42.950+0100","msg":"Nutzer hat sich eingeloggt | User haspi"}
{"level":"warn","timestamp":"2019-12-29T16:46:42.950+0100","msg":"Nutzer hat sich eingeloggt | User haspi"}
{"level":"warn","timestamp":"2019-12-29T16:46:42.953+0100","msg":"Nutzer hat sich eingeloggt | User haspi"}
{"level":"warn","timestamp":"2019-12-29T16:46:42.954+0100","msg":"Nutzer hat sich eingeloggt | User haspi"}
{"level":"warn","timestamp":"2019-12-29T16:46:42.955+0100","msg":"Nutzer hat sich eingeloggt | User haspi"}
{"level":"warn","timestamp":"2019-12-29T16:46:42.958+0100","msg":"Nutzer hat sich eingeloggt | User haspi"}
{"level":"warn","timestamp":"2019-12-29T16:46:42.958+0100","msg":"Nutzer hat sich eingeloggt | User haspi"}
{"level":"warn","timestamp":"2019-12-29T16:46:42.960+0100","msg":"Nutzer hat sich eingeloggt | User haspi"}
{"level":"warn","timestamp":"2019-12-29T16:46:42.961+0100","msg":"Nutzer hat sich eingeloggt | User haspi"}
{"level":"warn","timestamp":"2019-12-29T16:46:42.961+0100","msg":"Nutzer hat sich eingeloggt | User haspi"}
{"level":"warn","timestamp":"2019-12-29T16:46:42.962+0100","msg":"Nutzer hat sich eingeloggt | User haspi"}
{"level":"warn","timestamp":"2019-12-29T16:46:42.970+0100","msg":"Nutzer hat sich eingeloggt | User haspi"}
{"level":"warn","timestamp":"2019-12-29T16:46:42.970+0100","msg":"Nutzer hat sich eingeloggt | User haspi"}
{"level":"warn","timestamp":"2019-12-29T16:46:42.971+0100","msg":"Nutzer hat sich eingeloggt | User haspi"}
{"level":"warn","timestamp":"2019-12-29T16:46:42.973+0100","msg":"Nutzer hat sich eingeloggt | User haspi"}
{"level":"warn","timestamp":"2019-12-29T16:46:42.975+0100","msg":"Nutzer hat sich eingeloggt | User haspi"}
{"level":"warn","timestamp":"2019-12-29T16:46:42.978+0100","msg":"Nutzer hat sich eingeloggt | User haspi"}
{"level":"warn","timestamp":"2019-12-29T16:46:42.981+0100","msg":"Nutzer hat sich eingeloggt | User haspi"}
{"level":"warn","timestamp":"2019-12-29T16:46:42.984+0100","msg":"Nutzer hat sich eingeloggt | User haspi"}
{"level":"warn","timestamp":"2019-12-29T16:46:42.984+0100","msg":"Nutzer hat sich eingeloggt | User haspi"}
{"level":"warn","timestamp":"2019-12-29T16:46:42.985+0100","msg":"Nutzer hat sich eingeloggt | User haspi"}
{"level":"warn","timestamp":"2019-12-29T16:46:42.987+0100","msg":"Nutzer hat sich eingeloggt | User haspi"}
{"level":"warn","timestamp":"2019-12-29T16:46:42.988+0100","msg":"Nutzer hat sich eingeloggt | User haspi"}
{"level":"warn","timestamp":"2019-12-29T16:46:42.991+0100","msg":"Nutzer hat sich eingeloggt | User haspi"}
{"level":"warn","timestamp":"2019-12-29T16:46:42.993+0100","msg":"Nutzer hat sich eingeloggt | User haspi"}
{"level":"warn","timestamp":"2019-12-29T16:46:42.999+0100","msg":"Nutzer hat sich eingeloggt | User haspi"}
{"level":"warn","timestamp":"2019-12-29T16:46:43.000+0100","msg":"Nutzer hat sich eingeloggt | User haspi"}
{"level":"warn","timestamp":"2019-12-29T16:46:43.002+0100","msg":"Nutzer hat sich eingeloggt | User haspi"}
{"level":"warn","timestamp":"2019-12-29T16:46:43.002+0100","msg":"Nutzer hat sich eingeloggt | User haspi"}
{"level":"warn","timestamp":"2019-12-29T16:46:43.003+0100","msg":"Nutzer hat sich eingeloggt | User haspi"}
{"level":"warn","timestamp":"2019-12-29T16:46:43.003+0100","msg":"Nutzer hat sich eingeloggt | User haspi"}
{"level":"warn","timestamp":"2019-12-29T16:46:43.016+0100","msg":"Nutzer hat sich eingeloggt | User haspi"}
{"level":"warn","timestamp":"2019-12-29T16:46:43.018+0100","msg":"Nutzer hat sich eingeloggt | User haspi"}
{"level":"warn","timestamp":"2019-12-29T16:46:43.022+0100","msg":"Nutzer hat sich eingeloggt | User haspi"}
{"level":"warn","timestamp":"2019-12-29T16:46:43.022+0100","msg":"Nutzer hat sich eingeloggt | User haspi"}
{"level":"warn","timestamp":"2019-12-29T16:46:43.023+0100","msg":"Nutzer hat sich eingeloggt | User haspi"}
{"level":"warn","timestamp":"2019-12-29T16:46:43.023+0100","msg":"Nutzer hat sich eingeloggt | User haspi"}
{"level":"warn","timestamp":"2019-12-29T16:46:43.024+0100","msg":"Nutzer hat sich eingeloggt | User haspi"}
{"level":"warn","timestamp":"2019-12-29T16:46:43.024+0100","msg":"Nutzer hat sich eingeloggt | User haspi"}
{"level":"warn","timestamp":"2019-12-29T16:46:43.030+0100","msg":"Nutzer hat sich eingeloggt | User haspi"}
{"level":"warn","timestamp":"2019-12-29T16:46:43.031+0100","msg":"Nutzer hat sich eingeloggt | User haspi"}
{"level":"warn","timestamp":"2019-12-29T16:46:43.035+0100","msg":"Nutzer hat sich eingeloggt | User haspi"}
{"level":"warn","timestamp":"2019-12-29T16:46:43.035+0100","msg":"Nutzer hat sich eingeloggt | User haspi"}
{"level":"warn","timestamp":"2019-12-29T16:46:43.043+0100","msg":"Nutzer hat sich eingeloggt | User haspi"}
{"level":"warn","timestamp":"2019-12-29T16:46:43.046+0100","msg":"Nutzer hat sich eingeloggt | User haspi"}
{"level":"warn","timestamp":"2019-12-29T16:46:43.046+0100","msg":"Nutzer hat sich eingeloggt | User haspi"}
{"level":"warn","timestamp":"2019-12-29T16:46:43.047+0100","msg":"Nutzer hat sich eingeloggt | User haspi"}
{"level":"warn","timestamp":"2019-12-29T16:46:43.047+0100","msg":"Nutzer hat sich eingeloggt | User haspi"}
{"level":"warn","timestamp":"2019-12-29T16:46:43.048+0100","msg":"Nutzer hat sich eingeloggt | User haspi"}
{"level":"warn","timestamp":"2019-12-29T16:46:43.048+0100","msg":"Nutzer hat sich eingeloggt | User haspi"}
{"level":"warn","timestamp":"2019-12-29T16:46:43.048+0100","msg":"Nutzer hat sich eingeloggt | User haspi"}
{"level":"warn","timestamp":"2019-12-29T16:46:43.048+0100","msg":"Nutzer hat sich eingeloggt | User haspi"}
{"level":"warn","timestamp":"2019-12-29T16:46:43.048+0100","msg":"Nutzer hat sich eingeloggt | User haspi"}
{"level":"warn","timestamp":"2019-12-29T16:46:43.051+0100","msg":"Nutzer hat sich eingeloggt | User haspi"}
{"level":"warn","timestamp":"2019-12-29T16:46:43.058+0100","msg":"Nutzer hat sich eingeloggt | User haspi"}
{"level":"warn","timestamp":"2019-12-29T16:46:43.060+0100","msg":"Nutzer hat sich eingeloggt | User haspi"}
{"level":"warn","timestamp":"2019-12-29T16:46:43.061+0100","msg":"Nutzer hat sich eingeloggt | User haspi"}
{"level":"warn","timestamp":"2019-12-29T16:46:43.061+0100","msg":"Nutzer hat sich eingeloggt | User haspi"}
{"level":"warn","timestamp":"2019-12-29T16:46:43.061+0100","msg":"Nutzer hat sich eingeloggt | User haspi"}
{"level":"warn","timestamp":"2019-12-29T16:46:43.063+0100","msg":"Nutzer hat sich eingeloggt | User haspi"}
{"level":"warn","timestamp":"2019-12-29T16:46:43.064+0100","msg":"Nutzer hat sich eingeloggt | User haspi"}
{"level":"warn","timestamp":"2019-12-29T16:46:43.073+0100","msg":"Nutzer hat sich eingeloggt | User haspi"}
{"level":"warn","timestamp":"2019-12-29T16:46:43.073+0100","msg":"Nutzer hat sich eingeloggt | User haspi"}
{"level":"warn","timestamp":"2019-12-29T16:46:43.073+0100","msg":"Nutzer hat sich eingeloggt | User haspi"}
{"level":"warn","timestamp":"2019-12-29T16:46:43.073+0100","msg":"Nutzer hat sich eingeloggt | User haspi"}
{"level":"warn","timestamp":"2019-12-29T16:46:43.075+0100","msg":"Nutzer hat sich eingeloggt | User haspi"}
{"level":"warn","timestamp":"2019-12-29T16:46:43.076+0100","msg":"Nutzer hat sich eingeloggt | User haspi"}
{"level":"warn","timestamp":"2019-12-29T16:46:43.077+0100","msg":"Nutzer hat sich eingeloggt | User haspi"}
{"level":"warn","timestamp":"2019-12-29T16:46:43.077+0100","msg":"Nutzer hat sich eingeloggt | User haspi"}
{"level":"warn","timestamp":"2019-12-29T16:46:43.079+0100","msg":"Nutzer hat sich eingeloggt | User haspi"}
{"level":"warn","timestamp":"2019-12-29T16:46:43.082+0100","msg":"Nutzer hat sich eingeloggt | User haspi"}
{"level":"warn","timestamp":"2019-12-29T16:46:43.086+0100","msg":"Nutzer hat sich eingeloggt | User haspi"}
{"level":"warn","timestamp":"2019-12-29T16:46:43.090+0100","msg":"Nutzer hat sich eingeloggt | User haspi"}
{"level":"warn","timestamp":"2019-12-29T16:46:43.091+0100","msg":"Nutzer hat sich eingeloggt | User haspi"}
{"level":"warn","timestamp":"2019-12-29T16:46:43.091+0100","msg":"Nutzer hat sich eingeloggt | User haspi"}
{"level":"warn","timestamp":"2019-12-29T16:46:43.094+0100","msg":"Nutzer hat sich eingeloggt | User haspi"}
{"level":"warn","timestamp":"2019-12-29T16:46:43.095+0100","msg":"Nutzer hat sich eingeloggt | User haspi"}
{"level":"warn","timestamp":"2019-12-29T16:46:43.095+0100","msg":"Nutzer hat sich eingeloggt | User haspi"}
{"level":"warn","timestamp":"2019-12-29T16:46:43.097+0100","msg":"Nutzer hat sich eingeloggt | User haspi"}
{"level":"warn","timestamp":"2019-12-29T16:46:43.098+0100","msg":"Nutzer hat sich eingeloggt | User haspi"}
{"level":"warn","timestamp":"2019-12-29T16:46:43.102+0100","msg":"Nutzer hat sich eingeloggt | User haspi"}
{"level":"warn","timestamp":"2019-12-29T16:46:43.104+0100","msg":"Nutzer hat sich eingeloggt | User haspi"}
{"level":"warn","timestamp":"2019-12-29T16:46:43.105+0100","msg":"Nutzer hat sich eingeloggt | User haspi"}
{"level":"warn","timestamp":"2019-12-29T16:46:43.105+0100","msg":"Nutzer hat sich eingeloggt | User haspi"}
{"level":"warn","timestamp":"2019-12-29T16:46:43.114+0100","msg":"Nutzer hat sich eingeloggt | User haspi"}
{"level":"warn","timestamp":"2019-12-29T16:46:43.115+0100","msg":"Nutzer hat sich eingeloggt | User haspi"}
{"level":"warn","timestamp":"2019-12-29T16:46:43.116+0100","msg":"Nutzer hat sich eingeloggt | User haspi"}
{"level":"warn","timestamp":"2019-12-29T16:46:43.121+0100","msg":"Nutzer hat sich eingeloggt | User haspi"}
{"level":"warn","timestamp":"2019-12-29T16:46:43.121+0100","msg":"Nutzer hat sich eingeloggt | User haspi"}
{"level":"warn","timestamp":"2019-12-29T16:46:43.123+0100","msg":"Nutzer hat sich eingeloggt | User haspi"}
{"level":"warn","timestamp":"2019-12-29T16:46:43.126+0100","msg":"Nutzer hat sich eingeloggt | User haspi"}
{"level":"warn","timestamp":"2019-12-29T16:46:43.126+0100","msg":"Nutzer hat sich eingeloggt | User haspi"}
{"level":"warn","timestamp":"2019-12-29T16:46:43.129+0100","msg":"Nutzer hat sich eingeloggt | User haspi"}
{"level":"warn","timestamp":"2019-12-29T16:46:43.130+0100","msg":"Nutzer hat sich eingeloggt | User haspi"}
{"level":"warn","timestamp":"2019-12-29T16:46:43.133+0100","msg":"Nutzer hat sich eingeloggt | User haspi"}
{"level":"warn","timestamp":"2019-12-29T16:46:43.134+0100","msg":"Nutzer hat sich eingeloggt | User haspi"}
{"level":"warn","timestamp":"2019-12-29T16:46:43.136+0100","msg":"Nutzer hat sich eingeloggt | User haspi"}
{"level":"warn","timestamp":"2019-12-29T16:46:43.141+0100","msg":"Nutzer hat sich eingeloggt | User haspi"}
{"level":"warn","timestamp":"2019-12-29T16:46:43.145+0100","msg":"Nutzer hat sich eingeloggt | User haspi"}
{"level":"warn","timestamp":"2019-12-29T16:46:43.149+0100","msg":"Nutzer hat sich eingeloggt | User haspi"}
{"level":"warn","timestamp":"2019-12-29T16:46:43.156+0100","msg":"Nutzer hat sich eingeloggt | User haspi"}
{"level":"warn","timestamp":"2019-12-29T16:46:43.156+0100","msg":"Nutzer hat sich eingeloggt | User haspi"}
{"level":"warn","timestamp":"2019-12-29T16:46:43.156+0100","msg":"Nutzer hat sich eingeloggt | User haspi"}
{"level":"warn","timestamp":"2019-12-29T16:46:43.156+0100","msg":"Nutzer hat sich eingeloggt | User haspi"}
{"level":"warn","timestamp":"2019-12-29T16:46:43.156+0100","msg":"Nutzer hat sich eingeloggt | User haspi"}
{"level":"warn","timestamp":"2019-12-29T16:46:43.156+0100","msg":"Nutzer hat sich eingeloggt | User haspi"}
{"level":"warn","timestamp":"2019-12-29T16:46:43.157+0100","msg":"Nutzer hat sich eingeloggt | User haspi"}
{"level":"warn","timestamp":"2019-12-29T16:46:43.157+0100","msg":"Nutzer hat sich eingeloggt | User haspi"}
{"level":"warn","timestamp":"2019-12-29T16:46:43.160+0100","msg":"Nutzer hat sich eingeloggt | User haspi"}
{"level":"warn","timestamp":"2019-12-29T16:46:43.170+0100","msg":"Nutzer hat sich eingeloggt | User haspi"}
{"level":"warn","timestamp":"2019-12-29T16:46:43.170+0100","msg":"Nutzer hat sich eingeloggt | User haspi"}
{"level":"warn","timestamp":"2019-12-29T16:46:43.170+0100","msg":"Nutzer hat sich eingeloggt | User haspi"}
{"level":"warn","timestamp":"2019-12-29T16:46:43.171+0100","msg":"Nutzer hat sich eingeloggt | User haspi"}
{"level":"warn","timestamp":"2019-12-29T16:46:43.172+0100","msg":"Nutzer hat sich eingeloggt | User haspi"}
{"level":"warn","timestamp":"2019-12-29T16:46:43.174+0100","msg":"Nutzer hat sich eingeloggt | User haspi"}
{"level":"warn","timestamp":"2019-12-29T16:46:43.183+0100","msg":"Nutzer hat sich eingeloggt | User haspi"}
{"level":"warn","timestamp":"2019-12-29T16:46:43.183+0100","msg":"Nutzer hat sich eingeloggt | User haspi"}
{"level":"warn","timestamp":"2019-12-29T16:46:43.184+0100","msg":"Nutzer hat sich eingeloggt | User haspi"}
{"level":"warn","timestamp":"2019-12-29T16:46:43.184+0100","msg":"Nutzer hat sich eingeloggt | User haspi"}
{"level":"warn","timestamp":"2019-12-29T16:46:43.186+0100","msg":"Nutzer hat sich eingeloggt | User haspi"}
{"level":"warn","timestamp":"2019-12-29T16:46:43.197+0100","msg":"Nutzer hat sich eingeloggt | User haspi"}
{"level":"warn","timestamp":"2019-12-29T16:46:43.199+0100","msg":"Nutzer hat sich eingeloggt | User haspi"}
{"level":"warn","timestamp":"2019-12-29T16:46:43.199+0100","msg":"Nutzer hat sich eingeloggt | User haspi"}
{"level":"warn","timestamp":"2019-12-29T16:46:43.199+0100","msg":"Nutzer hat sich eingeloggt | User haspi"}
{"level":"warn","timestamp":"2019-12-29T16:46:43.202+0100","msg":"Nutzer hat sich eingeloggt | User haspi"}
{"level":"warn","timestamp":"2019-12-29T16:46:43.202+0100","msg":"Nutzer hat sich eingeloggt | User haspi"}
{"level":"warn","timestamp":"2019-12-29T16:46:43.204+0100","msg":"Nutzer hat sich eingeloggt | User haspi"}
{"level":"warn","timestamp":"2019-12-29T16:46:43.205+0100","msg":"Nutzer hat sich eingeloggt | User haspi"}
{"level":"warn","timestamp":"2019-12-29T16:46:43.205+0100","msg":"Nutzer hat sich eingeloggt | User haspi"}
{"level":"warn","timestamp":"2019-12-29T16:46:43.209+0100","msg":"Nutzer hat sich eingeloggt | User haspi"}
{"level":"warn","timestamp":"2019-12-29T16:46:43.212+0100","msg":"Nutzer hat sich eingeloggt | User haspi"}
{"level":"warn","timestamp":"2019-12-29T16:46:43.213+0100","msg":"Nutzer hat sich eingeloggt | User haspi"}
{"level":"warn","timestamp":"2019-12-29T16:46:43.214+0100","msg":"Nutzer hat sich eingeloggt | User haspi"}
{"level":"warn","timestamp":"2019-12-29T16:46:43.216+0100","msg":"Nutzer hat sich eingeloggt | User haspi"}
{"level":"warn","timestamp":"2019-12-29T16:46:43.221+0100","msg":"Nutzer hat sich eingeloggt | User haspi"}
{"level":"warn","timestamp":"2019-12-29T16:46:43.230+0100","msg":"Nutzer hat sich eingeloggt | User haspi"}
{"level":"warn","timestamp":"2019-12-29T16:46:43.230+0100","msg":"Nutzer hat sich eingeloggt | User haspi"}
{"level":"warn","timestamp":"2019-12-29T16:46:43.230+0100","msg":"Nutzer hat sich eingeloggt | User haspi"}
{"level":"warn","timestamp":"2019-12-29T16:46:43.231+0100","msg":"Nutzer hat sich eingeloggt | User haspi"}
{"level":"warn","timestamp":"2019-12-29T16:46:43.233+0100","msg":"Nutzer hat sich eingeloggt | User haspi"}
{"level":"warn","timestamp":"2019-12-29T16:46:43.234+0100","msg":"Nutzer hat sich eingeloggt | User haspi"}
{"level":"warn","timestamp":"2019-12-29T16:46:43.235+0100","msg":"Nutzer hat sich eingeloggt | User haspi"}
{"level":"warn","timestamp":"2019-12-29T16:46:43.236+0100","msg":"Nutzer hat sich eingeloggt | User haspi"}
{"level":"warn","timestamp":"2019-12-29T16:46:43.238+0100","msg":"Nutzer hat sich eingeloggt | User haspi"}
{"level":"warn","timestamp":"2019-12-29T16:46:43.240+0100","msg":"Nutzer hat sich eingeloggt | User haspi"}
{"level":"warn","timestamp":"2019-12-29T16:46:43.241+0100","msg":"Nutzer hat sich eingeloggt | User haspi"}
{"level":"warn","timestamp":"2019-12-29T16:46:43.243+0100","msg":"Nutzer hat sich eingeloggt | User haspi"}
{"level":"warn","timestamp":"2019-12-29T16:46:43.243+0100","msg":"Nutzer hat sich eingeloggt | User haspi"}
{"level":"warn","timestamp":"2019-12-29T16:46:43.244+0100","msg":"Nutzer hat sich eingeloggt | User haspi"}
{"level":"warn","timestamp":"2019-12-29T16:46:43.244+0100","msg":"Nutzer hat sich eingeloggt | User haspi"}
{"level":"warn","timestamp":"2019-12-29T16:46:43.254+0100","msg":"Nutzer hat sich eingeloggt | User haspi"}
{"level":"warn","timestamp":"2019-12-29T16:46:43.255+0100","msg":"Nutzer hat sich eingeloggt | User haspi"}
{"level":"warn","timestamp":"2019-12-29T16:46:43.256+0100","msg":"Nutzer hat sich eingeloggt | User haspi"}
{"level":"warn","timestamp":"2019-12-29T16:46:43.258+0100","msg":"Nutzer hat sich eingeloggt | User haspi"}
{"level":"warn","timestamp":"2019-12-29T16:46:43.258+0100","msg":"Nutzer hat sich eingeloggt | User haspi"}
{"level":"warn","timestamp":"2019-12-29T16:46:43.260+0100","msg":"Nutzer hat sich eingeloggt | User haspi"}
{"level":"warn","timestamp":"2019-12-29T16:46:43.261+0100","msg":"Nutzer hat sich eingeloggt | User haspi"}
{"level":"warn","timestamp":"2019-12-29T16:46:43.262+0100","msg":"Nutzer hat sich eingeloggt | User haspi"}
{"level":"warn","timestamp":"2019-12-29T16:46:43.262+0100","msg":"Nutzer hat sich eingeloggt | User haspi"}
{"level":"warn","timestamp":"2019-12-29T16:46:43.270+0100","msg":"Nutzer hat sich eingeloggt | User haspi"}
{"level":"warn","timestamp":"2019-12-29T16:46:43.271+0100","msg":"Nutzer hat sich eingeloggt | User haspi"}
{"level":"warn","timestamp":"2019-12-29T16:46:43.272+0100","msg":"Nutzer hat sich eingeloggt | User haspi"}
{"level":"warn","timestamp":"2019-12-29T16:46:43.272+0100","msg":"Nutzer hat sich eingeloggt | User haspi"}
{"level":"warn","timestamp":"2019-12-29T16:46:43.273+0100","msg":"Nutzer hat sich eingeloggt | User haspi"}
{"level":"warn","timestamp":"2019-12-29T16:46:43.274+0100","msg":"Nutzer hat sich eingeloggt | User haspi"}
{"level":"warn","timestamp":"2019-12-29T16:46:43.276+0100","msg":"Nutzer hat sich eingeloggt | User haspi"}
{"level":"warn","timestamp":"2019-12-29T16:46:43.282+0100","msg":"Nutzer hat sich eingeloggt | User haspi"}
{"level":"warn","timestamp":"2019-12-29T16:46:43.284+0100","msg":"Nutzer hat sich eingeloggt | User haspi"}
{"level":"warn","timestamp":"2019-12-29T16:46:43.285+0100","msg":"Nutzer hat sich eingeloggt | User haspi"}
{"level":"warn","timestamp":"2019-12-29T16:46:43.285+0100","msg":"Nutzer hat sich eingeloggt | User haspi"}
{"level":"warn","timestamp":"2019-12-29T16:46:43.288+0100","msg":"Nutzer hat sich eingeloggt | User haspi"}
{"level":"warn","timestamp":"2019-12-29T16:46:43.290+0100","msg":"Nutzer hat sich eingeloggt | User haspi"}
{"level":"warn","timestamp":"2019-12-29T16:46:43.291+0100","msg":"Nutzer hat sich eingeloggt | User haspi"}
{"level":"warn","timestamp":"2019-12-29T16:46:43.298+0100","msg":"Nutzer hat sich eingeloggt | User haspi"}
{"level":"warn","timestamp":"2019-12-29T16:46:43.300+0100","msg":"Nutzer hat sich eingeloggt | User haspi"}
{"level":"warn","timestamp":"2019-12-29T16:46:43.302+0100","msg":"Nutzer hat sich eingeloggt | User haspi"}
{"level":"warn","timestamp":"2019-12-29T16:46:43.302+0100","msg":"Nutzer hat sich eingeloggt | User haspi"}
{"level":"warn","timestamp":"2019-12-29T16:46:43.302+0100","msg":"Nutzer hat sich eingeloggt | User haspi"}
{"level":"warn","timestamp":"2019-12-29T16:46:43.305+0100","msg":"Nutzer hat sich eingeloggt | User haspi"}
{"level":"warn","timestamp":"2019-12-29T16:46:43.307+0100","msg":"Nutzer hat sich eingeloggt | User haspi"}
{"level":"warn","timestamp":"2019-12-29T16:46:43.312+0100","msg":"Nutzer hat sich eingeloggt | User haspi"}
{"level":"warn","timestamp":"2019-12-29T16:46:43.315+0100","msg":"Nutzer hat sich eingeloggt | User haspi"}
{"level":"warn","timestamp":"2019-12-29T16:46:43.317+0100","msg":"Nutzer hat sich eingeloggt | User haspi"}
{"level":"warn","timestamp":"2019-12-29T16:46:43.322+0100","msg":"Nutzer hat sich eingeloggt | User haspi"}
{"level":"warn","timestamp":"2019-12-29T16:46:43.323+0100","msg":"Nutzer hat sich eingeloggt | User haspi"}
{"level":"warn","timestamp":"2019-12-29T16:46:43.325+0100","msg":"Nutzer hat sich eingeloggt | User haspi"}
{"level":"warn","timestamp":"2019-12-29T16:46:43.325+0100","msg":"Nutzer hat sich eingeloggt | User haspi"}
{"level":"warn","timestamp":"2019-12-29T16:46:43.333+0100","msg":"Nutzer hat sich eingeloggt | User haspi"}
{"level":"warn","timestamp":"2019-12-29T16:46:43.364+0100","msg":"User: haspi bought AMZN -- transactionRoutes.go | AddTransaction"}
{"level":"warn","timestamp":"2019-12-29T16:46:43.431+0100","msg":"User: haspi bought AMZN -- transactionRoutes.go | AddTransaction"}
{"level":"warn","timestamp":"2019-12-29T16:46:43.431+0100","msg":"User: haspi bought AMZN -- transactionRoutes.go | AddTransaction"}
{"level":"warn","timestamp":"2019-12-29T16:46:43.431+0100","msg":"User: haspi bought AMZN -- transactionRoutes.go | AddTransaction"}
{"level":"warn","timestamp":"2019-12-29T16:46:43.431+0100","msg":"User: haspi bought AMZN -- transactionRoutes.go | AddTransaction"}
{"level":"warn","timestamp":"2019-12-29T16:46:43.431+0100","msg":"User: haspi bought AMZN -- transactionRoutes.go | AddTransaction"}
{"level":"warn","timestamp":"2019-12-29T16:46:43.431+0100","msg":"User: haspi bought AMZN -- transactionRoutes.go | AddTransaction"}
{"level":"warn","timestamp":"2019-12-29T16:46:43.431+0100","msg":"User: haspi bought AMZN -- transactionRoutes.go | AddTransaction"}
{"level":"warn","timestamp":"2019-12-29T16:46:43.431+0100","msg":"User: haspi bought AMZN -- transactionRoutes.go | AddTransaction"}
{"level":"warn","timestamp":"2019-12-29T16:46:43.431+0100","msg":"User: haspi bought AMZN -- transactionRoutes.go | AddTransaction"}
{"level":"warn","timestamp":"2019-12-29T16:46:43.431+0100","msg":"User: haspi bought AMZN -- transactionRoutes.go | AddTransaction"}
{"level":"warn","timestamp":"2019-12-29T16:46:43.431+0100","msg":"User: haspi bought AMZN -- transactionRoutes.go | AddTransaction"}
{"level":"warn","timestamp":"2019-12-29T16:46:43.431+0100","msg":"User: haspi bought AMZN -- transactionRoutes.go | AddTransaction"}
{"level":"warn","timestamp":"2019-12-29T16:46:43.522+0100","msg":"Nutzer hat sich eingeloggt | User haspi"}
{"level":"warn","timestamp":"2019-12-29T16:46:43.531+0100","msg":"User: haspi bought AMZN -- transactionRoutes.go | AddTransaction"}
{"level":"warn","timestamp":"2019-12-29T16:46:43.581+0100","msg":"User: haspi bought AMZN -- transactionRoutes.go | AddTransaction"}
{"level":"warn","timestamp":"2019-12-29T16:46:43.581+0100","msg":"User: haspi bought AMZN -- transactionRoutes.go | AddTransaction"}
{"level":"warn","timestamp":"2019-12-29T16:46:43.581+0100","msg":"User: haspi bought AMZN -- transactionRoutes.go | AddTransaction"}
{"level":"warn","timestamp":"2019-12-29T16:46:43.581+0100","msg":"User: haspi bought AMZN -- transactionRoutes.go | AddTransaction"}
{"level":"warn","timestamp":"2019-12-29T16:46:43.581+0100","msg":"User: haspi bought AMZN -- transactionRoutes.go | AddTransaction"}
{"level":"warn","timestamp":"2019-12-29T16:46:43.581+0100","msg":"User: haspi bought AMZN -- transactionRoutes.go | AddTransaction"}
{"level":"warn","timestamp":"2019-12-29T16:46:43.582+0100","msg":"User: haspi bought AMZN -- transactionRoutes.go | AddTransaction"}
{"level":"warn","timestamp":"2019-12-29T16:46:43.582+0100","msg":"User: haspi bought AMZN -- transactionRoutes.go | AddTransaction"}
{"level":"warn","timestamp":"2019-12-29T16:46:43.582+0100","msg":"User: haspi bought AMZN -- transactionRoutes.go | AddTransaction"}
{"level":"warn","timestamp":"2019-12-29T16:46:43.582+0100","msg":"User: haspi bought AMZN -- transactionRoutes.go | AddTransaction"}
{"level":"warn","timestamp":"2019-12-29T16:46:43.582+0100","msg":"User: haspi bought AMZN -- transactionRoutes.go | AddTransaction"}
{"level":"warn","timestamp":"2019-12-29T16:46:43.582+0100","msg":"User: haspi bought AMZN -- transactionRoutes.go | AddTransaction"}
{"level":"warn","timestamp":"2019-12-29T16:46:43.582+0100","msg":"User: haspi bought AMZN -- transactionRoutes.go | AddTransaction"}
{"level":"warn","timestamp":"2019-12-29T16:46:43.582+0100","msg":"User: haspi bought AMZN -- transactionRoutes.go | AddTransaction"}
{"level":"warn","timestamp":"2019-12-29T16:46:43.582+0100","msg":"User: haspi bought AMZN -- transactionRoutes.go | AddTransaction"}
{"level":"warn","timestamp":"2019-12-29T16:46:43.582+0100","msg":"User: haspi bought AMZN -- transactionRoutes.go | AddTransaction"}
{"level":"warn","timestamp":"2019-12-29T16:46:43.582+0100","msg":"User: haspi bought AMZN -- transactionRoutes.go | AddTransaction"}
{"level":"warn","timestamp":"2019-12-29T16:46:43.582+0100","msg":"User: haspi bought AMZN -- transactionRoutes.go | AddTransaction"}
{"level":"warn","timestamp":"2019-12-29T16:46:43.582+0100","msg":"User: haspi bought AMZN -- transactionRoutes.go | AddTransaction"}
{"level":"warn","timestamp":"2019-12-29T16:46:43.582+0100","msg":"User: haspi bought AMZN -- transactionRoutes.go | AddTransaction"}
{"level":"warn","timestamp":"2019-12-29T16:46:43.582+0100","msg":"User: haspi bought AMZN -- transactionRoutes.go | AddTransaction"}
{"level":"warn","timestamp":"2019-12-29T16:46:43.582+0100","msg":"User: haspi bought AMZN -- transactionRoutes.go | AddTransaction"}
{"level":"warn","timestamp":"2019-12-29T16:46:43.582+0100","msg":"User: haspi bought AMZN -- transactionRoutes.go | AddTransaction"}
{"level":"warn","timestamp":"2019-12-29T16:46:43.582+0100","msg":"User: haspi bought AMZN -- transactionRoutes.go | AddTransaction"}
{"level":"warn","timestamp":"2019-12-29T16:46:43.582+0100","msg":"User: haspi bought AMZN -- transactionRoutes.go | AddTransaction"}
{"level":"warn","timestamp":"2019-12-29T16:46:43.582+0100","msg":"User: haspi bought AMZN -- transactionRoutes.go | AddTransaction"}
{"level":"warn","timestamp":"2019-12-29T16:46:43.582+0100","msg":"User: haspi bought AMZN -- transactionRoutes.go | AddTransaction"}
{"level":"warn","timestamp":"2019-12-29T16:46:43.582+0100","msg":"User: haspi bought AMZN -- transactionRoutes.go | AddTransaction"}
{"level":"warn","timestamp":"2019-12-29T16:46:43.582+0100","msg":"User: haspi bought AMZN -- transactionRoutes.go | AddTransaction"}
{"level":"warn","timestamp":"2019-12-29T16:46:43.582+0100","msg":"User: haspi bought AMZN -- transactionRoutes.go | AddTransaction"}
{"level":"warn","timestamp":"2019-12-29T16:46:43.582+0100","msg":"User: haspi bought AMZN -- transactionRoutes.go | AddTransaction"}
{"level":"warn","timestamp":"2019-12-29T16:46:43.581+0100","msg":"User: haspi bought AMZN -- transactionRoutes.go | AddTransaction"}
{"level":"warn","timestamp":"2019-12-29T16:46:43.582+0100","msg":"User: haspi bought AMZN -- transactionRoutes.go | AddTransaction"}
{"level":"warn","timestamp":"2019-12-29T16:46:43.582+0100","msg":"User: haspi bought AMZN -- transactionRoutes.go | AddTransaction"}
{"level":"warn","timestamp":"2019-12-29T16:46:43.582+0100","msg":"User: haspi bought AMZN -- transactionRoutes.go | AddTransaction"}
{"level":"warn","timestamp":"2019-12-29T16:46:43.582+0100","msg":"User: haspi bought AMZN -- transactionRoutes.go | AddTransaction"}
{"level":"warn","timestamp":"2019-12-29T16:46:43.582+0100","msg":"User: haspi bought AMZN -- transactionRoutes.go | AddTransaction"}
{"level":"warn","timestamp":"2019-12-29T16:46:43.582+0100","msg":"User: haspi bought AMZN -- transactionRoutes.go | AddTransaction"}
{"level":"warn","timestamp":"2019-12-29T16:46:43.582+0100","msg":"User: haspi bought AMZN -- transactionRoutes.go | AddTransaction"}
{"level":"warn","timestamp":"2019-12-29T16:46:43.582+0100","msg":"User: haspi bought AMZN -- transactionRoutes.go | AddTransaction"}
{"level":"warn","timestamp":"2019-12-29T16:46:43.582+0100","msg":"User: haspi bought AMZN -- transactionRoutes.go | AddTransaction"}
{"level":"warn","timestamp":"2019-12-29T16:46:43.582+0100","msg":"User: haspi bought AMZN -- transactionRoutes.go | AddTransaction"}
{"level":"warn","timestamp":"2019-12-29T16:46:43.582+0100","msg":"User: haspi bought AMZN -- transactionRoutes.go | AddTransaction"}
{"level":"warn","timestamp":"2019-12-29T16:46:43.582+0100","msg":"User: haspi bought AMZN -- transactionRoutes.go | AddTransaction"}
{"level":"warn","timestamp":"2019-12-29T16:46:43.582+0100","msg":"User: haspi bought AMZN -- transactionRoutes.go | AddTransaction"}
{"level":"warn","timestamp":"2019-12-29T16:46:43.582+0100","msg":"User: haspi bought AMZN -- transactionRoutes.go | AddTransaction"}
{"level":"warn","timestamp":"2019-12-29T16:46:43.582+0100","msg":"User: haspi bought AMZN -- transactionRoutes.go | AddTransaction"}
{"level":"warn","timestamp":"2019-12-29T16:46:43.582+0100","msg":"User: haspi bought AMZN -- transactionRoutes.go | AddTransaction"}
{"level":"warn","timestamp":"2019-12-29T16:46:43.582+0100","msg":"User: haspi bought AMZN -- transactionRoutes.go | AddTransaction"}
{"level":"warn","timestamp":"2019-12-29T16:46:43.582+0100","msg":"User: haspi bought AMZN -- transactionRoutes.go | AddTransaction"}
{"level":"warn","timestamp":"2019-12-29T16:46:43.582+0100","msg":"User: haspi bought AMZN -- transactionRoutes.go | AddTransaction"}
{"level":"warn","timestamp":"2019-12-29T16:46:43.582+0100","msg":"User: haspi bought AMZN -- transactionRoutes.go | AddTransaction"}
{"level":"warn","timestamp":"2019-12-29T16:46:43.582+0100","msg":"User: haspi bought AMZN -- transactionRoutes.go | AddTransaction"}
{"level":"warn","timestamp":"2019-12-29T16:46:43.582+0100","msg":"User: haspi bought AMZN -- transactionRoutes.go | AddTransaction"}
{"level":"warn","timestamp":"2019-12-29T16:46:43.582+0100","msg":"User: haspi bought AMZN -- transactionRoutes.go | AddTransaction"}
{"level":"warn","timestamp":"2019-12-29T16:46:43.582+0100","msg":"User: haspi bought AMZN -- transactionRoutes.go | AddTransaction"}
{"level":"warn","timestamp":"2019-12-29T16:46:43.582+0100","msg":"User: haspi bought AMZN -- transactionRoutes.go | AddTransaction"}
{"level":"warn","timestamp":"2019-12-29T16:46:43.582+0100","msg":"User: haspi bought AMZN -- transactionRoutes.go | AddTransaction"}
{"level":"warn","timestamp":"2019-12-29T16:46:43.582+0100","msg":"User: haspi bought AMZN -- transactionRoutes.go | AddTransaction"}
{"level":"warn","timestamp":"2019-12-29T16:46:43.665+0100","msg":"User: haspi bought AMZN -- transactionRoutes.go | AddTransaction"}
{"level":"warn","timestamp":"2019-12-29T16:46:43.682+0100","msg":"User: haspi bought AMZN -- transactionRoutes.go | AddTransaction"}
{"level":"warn","timestamp":"2019-12-29T16:46:43.718+0100","msg":"Nutzer hat sich eingeloggt | User haspi"}
{"level":"warn","timestamp":"2019-12-29T16:46:43.729+0100","msg":"commands out of sync. Did you run multiple statements at once?"}
{"level":"warn","timestamp":"2019-12-29T16:46:43.732+0100","msg":"User: haspi bought AMZN -- transactionRoutes.go | AddTransaction"}
{"level":"warn","timestamp":"2019-12-29T16:46:43.732+0100","msg":"User: haspi bought AMZN -- transactionRoutes.go | AddTransaction"}
{"level":"warn","timestamp":"2019-12-29T16:46:43.732+0100","msg":"User: haspi bought AMZN -- transactionRoutes.go | AddTransaction"}
{"level":"warn","timestamp":"2019-12-29T16:46:43.732+0100","msg":"User: haspi bought AMZN -- transactionRoutes.go | AddTransaction"}
{"level":"warn","timestamp":"2019-12-29T16:46:43.732+0100","msg":"User: haspi bought AMZN -- transactionRoutes.go | AddTransaction"}
{"level":"warn","timestamp":"2019-12-29T16:46:43.732+0100","msg":"User: haspi bought AMZN -- transactionRoutes.go | AddTransaction"}
{"level":"warn","timestamp":"2019-12-29T16:46:43.732+0100","msg":"User: haspi bought AMZN -- transactionRoutes.go | AddTransaction"}
{"level":"warn","timestamp":"2019-12-29T16:46:43.732+0100","msg":"User: haspi bought AMZN -- transactionRoutes.go | AddTransaction"}
{"level":"warn","timestamp":"2019-12-29T16:46:43.732+0100","msg":"User: haspi bought AMZN -- transactionRoutes.go | AddTransaction"}
{"level":"warn","timestamp":"2019-12-29T16:46:43.732+0100","msg":"User: haspi bought AMZN -- transactionRoutes.go | AddTransaction"}
{"level":"warn","timestamp":"2019-12-29T16:46:43.732+0100","msg":"User: haspi bought AMZN -- transactionRoutes.go | AddTransaction"}
{"level":"warn","timestamp":"2019-12-29T16:46:43.732+0100","msg":"User: haspi bought AMZN -- transactionRoutes.go | AddTransaction"}
{"level":"warn","timestamp":"2019-12-29T16:46:43.732+0100","msg":"User: haspi bought AMZN -- transactionRoutes.go | AddTransaction"}
{"level":"warn","timestamp":"2019-12-29T16:46:43.732+0100","msg":"User: haspi bought AMZN -- transactionRoutes.go | AddTransaction"}
{"level":"warn","timestamp":"2019-12-29T16:46:43.732+0100","msg":"User: haspi bought AMZN -- transactionRoutes.go | AddTransaction"}
{"level":"warn","timestamp":"2019-12-29T16:46:43.732+0100","msg":"User: haspi bought AMZN -- transactionRoutes.go | AddTransaction"}
{"level":"warn","timestamp":"2019-12-29T16:46:43.732+0100","msg":"User: haspi bought AMZN -- transactionRoutes.go | AddTransaction"}
{"level":"warn","timestamp":"2019-12-29T16:46:43.732+0100","msg":"User: haspi bought AMZN -- transactionRoutes.go | AddTransaction"}
{"level":"warn","timestamp":"2019-12-29T16:46:43.732+0100","msg":"User: haspi bought AMZN -- transactionRoutes.go | AddTransaction"}
{"level":"warn","timestamp":"2019-12-29T16:46:43.732+0100","msg":"User: haspi bought AMZN -- transactionRoutes.go | AddTransaction"}
{"level":"warn","timestamp":"2019-12-29T16:46:43.732+0100","msg":"User: haspi bought AMZN -- transactionRoutes.go | AddTransaction"}
{"level":"warn","timestamp":"2019-12-29T16:46:43.732+0100","msg":"User: haspi bought AMZN -- transactionRoutes.go | AddTransaction"}
{"level":"warn","timestamp":"2019-12-29T16:46:43.732+0100","msg":"User: haspi bought AMZN -- transactionRoutes.go | AddTransaction"}
{"level":"warn","timestamp":"2019-12-29T16:46:43.732+0100","msg":"User: haspi bought AMZN -- transactionRoutes.go | AddTransaction"}
{"level":"warn","timestamp":"2019-12-29T16:46:43.734+0100","msg":"User: haspi bought AMZN -- transactionRoutes.go | AddTransaction"}
{"level":"warn","timestamp":"2019-12-29T16:46:43.754+0100","msg":"Nutzer hat sich eingeloggt | User haspi"}
{"level":"warn","timestamp":"2019-12-29T16:46:43.763+0100","msg":"User: haspi user tried to sell more stock then he could -- transactionRoutes.go"}
{"level":"warn","timestamp":"2019-12-29T16:46:43.763+0100","msg":"User: haspi user tried to sell more stock then he could -- transactionRoutes.go"}
{"level":"warn","timestamp":"2019-12-29T16:46:43.777+0100","msg":"Database connection lost | User: haspi"}
{"level":"warn","timestamp":"2019-12-29T16:46:43.786+0100","msg":"Database connection lost | User: haspi"}
{"level":"warn","timestamp":"2019-12-29T16:46:43.801+0100","msg":"Nutzer hat sich eingeloggt | User haspi"}
{"level":"warn","timestamp":"2019-12-29T16:46:43.802+0100","msg":"commands out of sync. Did you run multiple statements at once?"}
{"level":"warn","timestamp":"2019-12-29T16:46:43.803+0100","msg":"Nutzer hat sich eingeloggt | User haspi"}
{"level":"warn","timestamp":"2019-12-29T16:46:43.817+0100","msg":"Nutzer hat sich eingeloggt | User haspi"}
{"level":"warn","timestamp":"2019-12-29T16:46:43.858+0100","msg":"Nutzer hat sich eingeloggt | User haspi"}
{"level":"warn","timestamp":"2019-12-29T16:46:43.863+0100","msg":"Nutzer hat sich eingeloggt | User haspi"}
{"level":"warn","timestamp":"2019-12-29T16:46:43.879+0100","msg":"Nutzer hat sich eingeloggt | User haspi"}
{"level":"warn","timestamp":"2019-12-29T16:46:43.885+0100","msg":"Database connection lost | User: haspi"}
{"level":"warn","timestamp":"2019-12-29T16:46:43.891+0100","msg":"User: haspi was not able to be authenticated -- transactionRoutes.go | AddTransaction"}
{"level":"warn","timestamp":"2019-12-29T16:46:43.893+0100","msg":"User: haspi was not able to be authenticated -- transactionRoutes.go"}
{"level":"warn","timestamp":"2019-12-29T16:46:43.902+0100","msg":"Database connection lost | User: haspi"}
{"level":"warn","timestamp":"2019-12-29T16:46:43.908+0100","msg":"Nutzer hat sich eingeloggt | User haspi"}
{"level":"warn","timestamp":"2019-12-29T16:46:43.911+0100","msg":"Database connection lost | User: haspi"}
{"level":"warn","timestamp":"2019-12-29T16:46:43.918+0100","msg":"Nutzer hat sich eingeloggt | User haspi"}
{"level":"warn","timestamp":"2019-12-29T16:46:43.939+0100","msg":"User: haspi was not able to be authenticated -- transactionRoutes.go | AddTransaction"}
{"level":"warn","timestamp":"2019-12-29T16:46:43.940+0100","msg":"User: haspi was not able to be authenticated -- transactionRoutes.go"}
{"level":"warn","timestamp":"2019-12-29T16:46:43.972+0100","msg":"commands out of sync. Did you run multiple statements at once?"}
{"level":"warn","timestamp":"2019-12-29T16:46:43.986+0100","msg":"Nutzer hat sich eingeloggt | User haspi"}
{"level":"warn","timestamp":"2019-12-29T16:46:43.993+0100","msg":"Nutzer hat sich eingeloggt | User haspi"}
{"level":"warn","timestamp":"2019-12-29T16:46:44.011+0100","msg":"Nutzer hat sich eingeloggt | User haspi"}
{"level":"warn","timestamp":"2019-12-29T16:46:44.027+0100","msg":"Nutzer hat sich eingeloggt | User haspi"}
{"level":"warn","timestamp":"2019-12-29T16:46:44.044+0100","msg":"User: haspi bought AMZN -- transactionRoutes.go | AddTransaction"}
{"level":"warn","timestamp":"2019-12-29T16:46:44.060+0100","msg":"Nutzer hat sich eingeloggt | User haspi"}
{"level":"warn","timestamp":"2019-12-29T16:46:44.073+0100","msg":"Nutzer hat sich eingeloggt | User haspi"}
{"level":"warn","timestamp":"2019-12-29T16:46:44.075+0100","msg":"commands out of sync. Did you run multiple statements at once?"}
{"level":"warn","timestamp":"2019-12-29T16:46:44.076+0100","msg":"Nutzer hat sich eingeloggt | User haspi"}
{"level":"warn","timestamp":"2019-12-29T16:46:44.077+0100","msg":"Nutzer hat sich eingeloggt | User haspi"}
{"level":"warn","timestamp":"2019-12-29T16:46:44.078+0100","msg":"commands out of sync. Did you run multiple statements at once?"}
{"level":"warn","timestamp":"2019-12-29T16:46:44.106+0100","msg":"Nutzer hat sich eingeloggt | User haspi"}
{"level":"warn","timestamp":"2019-12-29T16:46:44.107+0100","msg":"commands out of sync. Did you run multiple statements at once?"}
{"level":"warn","timestamp":"2019-12-29T16:46:44.107+0100","msg":"Database connection lost | User: haspi"}
{"level":"warn","timestamp":"2019-12-29T16:46:44.110+0100","msg":"Nutzer hat sich eingeloggt | User haspi"}
{"level":"warn","timestamp":"2019-12-29T16:46:44.110+0100","msg":"Database connection lost | User: haspi"}
{"level":"warn","timestamp":"2019-12-29T16:46:44.129+0100","msg":"Nutzer hat sich eingeloggt | User haspi"}
{"level":"warn","timestamp":"2019-12-29T16:46:44.133+0100","msg":"Nutzer hat sich eingeloggt | User haspi"}
{"level":"warn","timestamp":"2019-12-29T16:46:44.141+0100","msg":"Nutzer hat sich eingeloggt | User haspi"}
{"level":"warn","timestamp":"2019-12-29T16:46:44.162+0100","msg":"Nutzer hat sich eingeloggt | User haspi"}
{"level":"warn","timestamp":"2019-12-29T16:46:44.163+0100","msg":"commands out of sync. Did you run multiple statements at once?"}
{"level":"warn","timestamp":"2019-12-29T16:46:44.163+0100","msg":"commands out of sync. Did you run multiple statements at once?"}
{"level":"warn","timestamp":"2019-12-29T16:46:44.174+0100","msg":"Database connection lost | User: haspi"}
{"level":"warn","timestamp":"2019-12-29T16:46:44.174+0100","msg":"Database connection lost | User: haspi"}
{"level":"warn","timestamp":"2019-12-29T16:46:44.179+0100","msg":"Nutzer hat sich eingeloggt | User haspi"}
{"level":"warn","timestamp":"2019-12-29T16:46:44.196+0100","msg":"Nutzer hat sich eingeloggt | User haspi"}
{"level":"warn","timestamp":"2019-12-29T16:46:44.202+0100","msg":"commands out of sync. Did you run multiple statements at once?"}
{"level":"warn","timestamp":"2019-12-29T16:46:44.209+0100","msg":"Nutzer hat sich eingeloggt | User haspi"}
{"level":"warn","timestamp":"2019-12-29T16:46:44.213+0100","msg":"Nutzer hat sich eingeloggt | User haspi"}
